#
# There is insufficient memory for the Java Runtime Environment to continue.
# Native memory allocation (malloc) failed to allocate 533536 bytes for Chunk::new
# Possible reasons:
#   The system is out of physical RAM or swap space
#   The process is running with CompressedOops enabled, and the Java Heap may be blocking the growth of the native heap
# Possible solutions:
#   Reduce memory load on the system
#   Increase physical memory or swap space
#   Check if swap backing store is full
#   Decrease Java heap size (-Xmx/-Xms)
#   Decrease number of Java threads
#   Decrease Java thread stack sizes (-Xss)
#   Set larger code cache with -XX:ReservedCodeCacheSize=
#   JVM is running with Zero Based Compressed Oops mode in which the Java heap is
#     placed in the first 32GB address space. The Java Heap base address is the
#     maximum limit for the native heap growth. Please use -XX:HeapBaseMinAddress
#     to set the Java Heap base and to place the Java Heap above 32GB virtual address.
# This output file may be truncated or incomplete.
#
#  Out of Memory Error (./open/src/hotspot/share/memory/arena.cpp:197), pid=21292, tid=31096
#
# JRE version: Java(TM) SE Runtime Environment 18.9 (11.0.13+10) (build 11.0.13+10-LTS-370)
# Java VM: Java HotSpot(TM) 64-Bit Server VM 18.9 (11.0.13+10-LTS-370, mixed mode, tiered, compressed oops, g1 gc, windows-amd64)
# No core dump will be written. Minidumps are not enabled by default on client versions of Windows
#

---------------  S U M M A R Y ------------

Command Line: -Dmaven.multiModuleProjectDirectory=E:\MirabiliaProject\APMIS\SORMAS-Project\APMIS-Project\sormas-base -Dclassworlds.conf=E:\MirabiliaProject\apache-maven-3.8.4\bin\m2.conf -Dmaven.home=E:\MirabiliaProject\apache-maven-3.8.4 org.codehaus.classworlds.Launcher install -Dmaven.test.skip=true -B

Host: Intel(R) Core(TM) i7-1065G7 CPU @ 1.30GHz, 8 cores, 15G,  Windows 10 , 64 bit Build 22000 (10.0.22000.708)
Time: Mon Oct  3 14:40:14 2022 W. Central Africa Standard Time elapsed time: 56.304573 seconds (0d 0h 0m 56s)

---------------  T H R E A D  ---------------

Current thread (0x0000019d24f61000):  JavaThread "C2 CompilerThread1" daemon [_thread_in_native, id=31096, stack(0x000000073e100000,0x000000073e200000)]


Current CompileTask:
C2:  56304 3920       4       org.codehaus.plexus.configuration.DefaultPlexusConfiguration::getChild (47 bytes)

Stack: [0x000000073e100000,0x000000073e200000]
Native frames: (J=compiled Java code, j=interpreted, Vv=VM code, C=native code)
V  [jvm.dll+0x62870a]
V  [jvm.dll+0x761f2f]
V  [jvm.dll+0x7635d9]
V  [jvm.dll+0x763c63]
V  [jvm.dll+0x23d728]
V  [jvm.dll+0xb293c]
V  [jvm.dll+0xb2efc]
V  [jvm.dll+0x2ae384]
V  [jvm.dll+0x53bfd6]
V  [jvm.dll+0x20058d]
V  [jvm.dll+0x1fa33a]
V  [jvm.dll+0x1f731d]
V  [jvm.dll+0x177991]
V  [jvm.dll+0x206d84]
V  [jvm.dll+0x204ebb]
V  [jvm.dll+0x727e70]
V  [jvm.dll+0x720a54]
V  [jvm.dll+0x627606]
C  [ucrtbase.dll+0x26c0c]
C  [KERNEL32.DLL+0x154e0]
C  [ntdll.dll+0x485b]


---------------  P R O C E S S  ---------------

Threads class SMR info:
_java_thread_list=0x0000019d24c990e0, length=11, elements={
0x0000019d79e2d800, 0x0000019d2319c000, 0x0000019d2318a000, 0x0000019d23a36800,
0x0000019d23a38000, 0x0000019d23a3c000, 0x0000019d23a84800, 0x0000019d23a8a000,
0x0000019d23a8e000, 0x0000019d23c2b000, 0x0000019d24f61000
}

Java Threads: ( => current thread )
  0x0000019d79e2d800 JavaThread "main" [_thread_in_native, id=29260, stack(0x000000073cf00000,0x000000073d000000)]
  0x0000019d2319c000 JavaThread "Reference Handler" daemon [_thread_blocked, id=31596, stack(0x000000073d600000,0x000000073d700000)]
  0x0000019d2318a000 JavaThread "Finalizer" daemon [_thread_blocked, id=28492, stack(0x000000073d700000,0x000000073d800000)]
  0x0000019d23a36800 JavaThread "Signal Dispatcher" daemon [_thread_blocked, id=31008, stack(0x000000073d800000,0x000000073d900000)]
  0x0000019d23a38000 JavaThread "Attach Listener" daemon [_thread_blocked, id=6056, stack(0x000000073d900000,0x000000073da00000)]
  0x0000019d23a3c000 JavaThread "Service Thread" daemon [_thread_blocked, id=5156, stack(0x000000073da00000,0x000000073db00000)]
  0x0000019d23a84800 JavaThread "C2 CompilerThread0" daemon [_thread_in_native, id=14204, stack(0x000000073db00000,0x000000073dc00000)]
  0x0000019d23a8a000 JavaThread "C1 CompilerThread0" daemon [_thread_blocked, id=5004, stack(0x000000073dc00000,0x000000073dd00000)]
  0x0000019d23a8e000 JavaThread "Sweeper thread" daemon [_thread_blocked, id=19236, stack(0x000000073dd00000,0x000000073de00000)]
  0x0000019d23c2b000 JavaThread "Common-Cleaner" daemon [_thread_blocked, id=21716, stack(0x000000073df00000,0x000000073e000000)]
=>0x0000019d24f61000 JavaThread "C2 CompilerThread1" daemon [_thread_in_native, id=31096, stack(0x000000073e100000,0x000000073e200000)]

Other Threads:
  0x0000019d23169800 VMThread "VM Thread" [stack: 0x000000073d500000,0x000000073d600000] [id=14796]
  0x0000019d23c26800 WatcherThread [stack: 0x000000073de00000,0x000000073df00000] [id=22360]
  0x0000019d79e41800 GCTaskThread "GC Thread#0" [stack: 0x000000073d000000,0x000000073d100000] [id=21232]
  0x0000019d24c5b800 GCTaskThread "GC Thread#1" [stack: 0x000000073e200000,0x000000073e300000] [id=15692]
  0x0000019d250e4800 GCTaskThread "GC Thread#2" [stack: 0x000000073e300000,0x000000073e400000] [id=31372]
  0x0000019d25431800 GCTaskThread "GC Thread#3" [stack: 0x000000073e400000,0x000000073e500000] [id=27252]
  0x0000019d25432000 GCTaskThread "GC Thread#4" [stack: 0x000000073e500000,0x000000073e600000] [id=1100]
  0x0000019d25433000 GCTaskThread "GC Thread#5" [stack: 0x000000073e600000,0x000000073e700000] [id=25016]
  0x0000019d79e9e800 ConcurrentGCThread "G1 Main Marker" [stack: 0x000000073d100000,0x000000073d200000] [id=29772]
  0x0000019d79ea1000 ConcurrentGCThread "G1 Conc#0" [stack: 0x000000073d200000,0x000000073d300000] [id=5688]
  0x0000019d24166800 ConcurrentGCThread "G1 Conc#1" [stack: 0x000000073e000000,0x000000073e100000] [id=11848]
  0x0000019d2304c800 ConcurrentGCThread "G1 Refine#0" [stack: 0x000000073d300000,0x000000073d400000] [id=28820]
  0x0000019d23050000 ConcurrentGCThread "G1 Young RemSet Sampling" [stack: 0x000000073d400000,0x000000073d500000] [id=21972]

Threads with active compile tasks:
C2 CompilerThread0  56369 3909       4       org.codehaus.plexus.configuration.xml.XmlPlexusConfiguration::<init> (93 bytes)
C2 CompilerThread1  56369 3920       4       org.codehaus.plexus.configuration.DefaultPlexusConfiguration::getChild (47 bytes)

VM state:not at safepoint (normal execution)

VM Mutex/Monitor currently owned by a thread: None

Heap address: 0x00000004d7800000, size: 4042 MB, Compressed Oops mode: Zero based, Oop shift amount: 3
Narrow klass base: 0x0000000000000000, Narrow klass shift: 3
Compressed class space size: 1073741824 Address: 0x00000005d4200000

Heap:
 garbage-first heap   total 260096K, used 57524K [0x00000004d7800000, 0x00000005d4200000)
  region size 1024K, 57 young (58368K), 10 survivors (10240K)
 Metaspace       used 23587K, capacity 24032K, committed 24188K, reserved 1073152K
  class space    used 2449K, capacity 2622K, committed 2684K, reserved 1048576K
Heap Regions: E=young(eden), S=young(survivor), O=old, HS=humongous(starts), HC=humongous(continues), CS=collection set, F=free, A=archive, TAMS=top-at-mark-start (previous, next)
|   0|0x00000004d7800000, 0x00000004d7867c00, 0x00000004d7900000| 40%| O|  |TAMS 0x00000004d7867c00, 0x00000004d7800000| Untracked 
|   1|0x00000004d7900000, 0x00000004d7900000, 0x00000004d7a00000|  0%| F|  |TAMS 0x00000004d7900000, 0x00000004d7900000| Untracked 
|   2|0x00000004d7a00000, 0x00000004d7a00000, 0x00000004d7b00000|  0%| F|  |TAMS 0x00000004d7a00000, 0x00000004d7a00000| Untracked 
|   3|0x00000004d7b00000, 0x00000004d7b00000, 0x00000004d7c00000|  0%| F|  |TAMS 0x00000004d7b00000, 0x00000004d7b00000| Untracked 
|   4|0x00000004d7c00000, 0x00000004d7c00000, 0x00000004d7d00000|  0%| F|  |TAMS 0x00000004d7c00000, 0x00000004d7c00000| Untracked 
|   5|0x00000004d7d00000, 0x00000004d7d00000, 0x00000004d7e00000|  0%| F|  |TAMS 0x00000004d7d00000, 0x00000004d7d00000| Untracked 
|   6|0x00000004d7e00000, 0x00000004d7e00000, 0x00000004d7f00000|  0%| F|  |TAMS 0x00000004d7e00000, 0x00000004d7e00000| Untracked 
|   7|0x00000004d7f00000, 0x00000004d7f00000, 0x00000004d8000000|  0%| F|  |TAMS 0x00000004d7f00000, 0x00000004d7f00000| Untracked 
|   8|0x00000004d8000000, 0x00000004d8000000, 0x00000004d8100000|  0%| F|  |TAMS 0x00000004d8000000, 0x00000004d8000000| Untracked 
|   9|0x00000004d8100000, 0x00000004d8100000, 0x00000004d8200000|  0%| F|  |TAMS 0x00000004d8100000, 0x00000004d8100000| Untracked 
|  10|0x00000004d8200000, 0x00000004d8200000, 0x00000004d8300000|  0%| F|  |TAMS 0x00000004d8200000, 0x00000004d8200000| Untracked 
|  11|0x00000004d8300000, 0x00000004d8300000, 0x00000004d8400000|  0%| F|  |TAMS 0x00000004d8300000, 0x00000004d8300000| Untracked 
|  12|0x00000004d8400000, 0x00000004d8400000, 0x00000004d8500000|  0%| F|  |TAMS 0x00000004d8400000, 0x00000004d8400000| Untracked 
|  13|0x00000004d8500000, 0x00000004d8500000, 0x00000004d8600000|  0%| F|  |TAMS 0x00000004d8500000, 0x00000004d8500000| Untracked 
|  14|0x00000004d8600000, 0x00000004d8600000, 0x00000004d8700000|  0%| F|  |TAMS 0x00000004d8600000, 0x00000004d8600000| Untracked 
|  15|0x00000004d8700000, 0x00000004d8700000, 0x00000004d8800000|  0%| F|  |TAMS 0x00000004d8700000, 0x00000004d8700000| Untracked 
|  16|0x00000004d8800000, 0x00000004d8800000, 0x00000004d8900000|  0%| F|  |TAMS 0x00000004d8800000, 0x00000004d8800000| Untracked 
|  17|0x00000004d8900000, 0x00000004d8900000, 0x00000004d8a00000|  0%| F|  |TAMS 0x00000004d8900000, 0x00000004d8900000| Untracked 
|  18|0x00000004d8a00000, 0x00000004d8a00000, 0x00000004d8b00000|  0%| F|  |TAMS 0x00000004d8a00000, 0x00000004d8a00000| Untracked 
|  19|0x00000004d8b00000, 0x00000004d8b00000, 0x00000004d8c00000|  0%| F|  |TAMS 0x00000004d8b00000, 0x00000004d8b00000| Untracked 
|  20|0x00000004d8c00000, 0x00000004d8c00000, 0x00000004d8d00000|  0%| F|  |TAMS 0x00000004d8c00000, 0x00000004d8c00000| Untracked 
|  21|0x00000004d8d00000, 0x00000004d8d00000, 0x00000004d8e00000|  0%| F|  |TAMS 0x00000004d8d00000, 0x00000004d8d00000| Untracked 
|  22|0x00000004d8e00000, 0x00000004d8e00000, 0x00000004d8f00000|  0%| F|  |TAMS 0x00000004d8e00000, 0x00000004d8e00000| Untracked 
|  23|0x00000004d8f00000, 0x00000004d8f00000, 0x00000004d9000000|  0%| F|  |TAMS 0x00000004d8f00000, 0x00000004d8f00000| Untracked 
|  24|0x00000004d9000000, 0x00000004d9000000, 0x00000004d9100000|  0%| F|  |TAMS 0x00000004d9000000, 0x00000004d9000000| Untracked 
|  25|0x00000004d9100000, 0x00000004d9100000, 0x00000004d9200000|  0%| F|  |TAMS 0x00000004d9100000, 0x00000004d9100000| Untracked 
|  26|0x00000004d9200000, 0x00000004d9200000, 0x00000004d9300000|  0%| F|  |TAMS 0x00000004d9200000, 0x00000004d9200000| Untracked 
|  27|0x00000004d9300000, 0x00000004d9300000, 0x00000004d9400000|  0%| F|  |TAMS 0x00000004d9300000, 0x00000004d9300000| Untracked 
|  28|0x00000004d9400000, 0x00000004d9400000, 0x00000004d9500000|  0%| F|  |TAMS 0x00000004d9400000, 0x00000004d9400000| Untracked 
|  29|0x00000004d9500000, 0x00000004d9500000, 0x00000004d9600000|  0%| F|  |TAMS 0x00000004d9500000, 0x00000004d9500000| Untracked 
|  30|0x00000004d9600000, 0x00000004d9600000, 0x00000004d9700000|  0%| F|  |TAMS 0x00000004d9600000, 0x00000004d9600000| Untracked 
|  31|0x00000004d9700000, 0x00000004d9700000, 0x00000004d9800000|  0%| F|  |TAMS 0x00000004d9700000, 0x00000004d9700000| Untracked 
|  32|0x00000004d9800000, 0x00000004d9800000, 0x00000004d9900000|  0%| F|  |TAMS 0x00000004d9800000, 0x00000004d9800000| Untracked 
|  33|0x00000004d9900000, 0x00000004d9900000, 0x00000004d9a00000|  0%| F|  |TAMS 0x00000004d9900000, 0x00000004d9900000| Untracked 
|  34|0x00000004d9a00000, 0x00000004d9a00000, 0x00000004d9b00000|  0%| F|  |TAMS 0x00000004d9a00000, 0x00000004d9a00000| Untracked 
|  35|0x00000004d9b00000, 0x00000004d9b00000, 0x00000004d9c00000|  0%| F|  |TAMS 0x00000004d9b00000, 0x00000004d9b00000| Untracked 
|  36|0x00000004d9c00000, 0x00000004d9c00000, 0x00000004d9d00000|  0%| F|  |TAMS 0x00000004d9c00000, 0x00000004d9c00000| Untracked 
|  37|0x00000004d9d00000, 0x00000004d9d00000, 0x00000004d9e00000|  0%| F|  |TAMS 0x00000004d9d00000, 0x00000004d9d00000| Untracked 
|  38|0x00000004d9e00000, 0x00000004d9e00000, 0x00000004d9f00000|  0%| F|  |TAMS 0x00000004d9e00000, 0x00000004d9e00000| Untracked 
|  39|0x00000004d9f00000, 0x00000004d9f00000, 0x00000004da000000|  0%| F|  |TAMS 0x00000004d9f00000, 0x00000004d9f00000| Untracked 
|  40|0x00000004da000000, 0x00000004da000000, 0x00000004da100000|  0%| F|  |TAMS 0x00000004da000000, 0x00000004da000000| Untracked 
|  41|0x00000004da100000, 0x00000004da100000, 0x00000004da200000|  0%| F|  |TAMS 0x00000004da100000, 0x00000004da100000| Untracked 
|  42|0x00000004da200000, 0x00000004da200000, 0x00000004da300000|  0%| F|  |TAMS 0x00000004da200000, 0x00000004da200000| Untracked 
|  43|0x00000004da300000, 0x00000004da300000, 0x00000004da400000|  0%| F|  |TAMS 0x00000004da300000, 0x00000004da300000| Untracked 
|  44|0x00000004da400000, 0x00000004da400000, 0x00000004da500000|  0%| F|  |TAMS 0x00000004da400000, 0x00000004da400000| Untracked 
|  45|0x00000004da500000, 0x00000004da500000, 0x00000004da600000|  0%| F|  |TAMS 0x00000004da500000, 0x00000004da500000| Untracked 
|  46|0x00000004da600000, 0x00000004da600000, 0x00000004da700000|  0%| F|  |TAMS 0x00000004da600000, 0x00000004da600000| Untracked 
|  47|0x00000004da700000, 0x00000004da700000, 0x00000004da800000|  0%| F|  |TAMS 0x00000004da700000, 0x00000004da700000| Untracked 
|  48|0x00000004da800000, 0x00000004da800000, 0x00000004da900000|  0%| F|  |TAMS 0x00000004da800000, 0x00000004da800000| Untracked 
|  49|0x00000004da900000, 0x00000004da900000, 0x00000004daa00000|  0%| F|  |TAMS 0x00000004da900000, 0x00000004da900000| Untracked 
|  50|0x00000004daa00000, 0x00000004daa00000, 0x00000004dab00000|  0%| F|  |TAMS 0x00000004daa00000, 0x00000004daa00000| Untracked 
|  51|0x00000004dab00000, 0x00000004dab00000, 0x00000004dac00000|  0%| F|  |TAMS 0x00000004dab00000, 0x00000004dab00000| Untracked 
|  52|0x00000004dac00000, 0x00000004dac00000, 0x00000004dad00000|  0%| F|  |TAMS 0x00000004dac00000, 0x00000004dac00000| Untracked 
|  53|0x00000004dad00000, 0x00000004dad00000, 0x00000004dae00000|  0%| F|  |TAMS 0x00000004dad00000, 0x00000004dad00000| Untracked 
|  54|0x00000004dae00000, 0x00000004dae00000, 0x00000004daf00000|  0%| F|  |TAMS 0x00000004dae00000, 0x00000004dae00000| Untracked 
|  55|0x00000004daf00000, 0x00000004daf00000, 0x00000004db000000|  0%| F|  |TAMS 0x00000004daf00000, 0x00000004daf00000| Untracked 
|  56|0x00000004db000000, 0x00000004db000000, 0x00000004db100000|  0%| F|  |TAMS 0x00000004db000000, 0x00000004db000000| Untracked 
|  57|0x00000004db100000, 0x00000004db100000, 0x00000004db200000|  0%| F|  |TAMS 0x00000004db100000, 0x00000004db100000| Untracked 
|  58|0x00000004db200000, 0x00000004db200000, 0x00000004db300000|  0%| F|  |TAMS 0x00000004db200000, 0x00000004db200000| Untracked 
|  59|0x00000004db300000, 0x00000004db300000, 0x00000004db400000|  0%| F|  |TAMS 0x00000004db300000, 0x00000004db300000| Untracked 
|  60|0x00000004db400000, 0x00000004db400000, 0x00000004db500000|  0%| F|  |TAMS 0x00000004db400000, 0x00000004db400000| Untracked 
|  61|0x00000004db500000, 0x00000004db500000, 0x00000004db600000|  0%| F|  |TAMS 0x00000004db500000, 0x00000004db500000| Untracked 
|  62|0x00000004db600000, 0x00000004db600000, 0x00000004db700000|  0%| F|  |TAMS 0x00000004db600000, 0x00000004db600000| Untracked 
|  63|0x00000004db700000, 0x00000004db700000, 0x00000004db800000|  0%| F|  |TAMS 0x00000004db700000, 0x00000004db700000| Untracked 
|  64|0x00000004db800000, 0x00000004db800000, 0x00000004db900000|  0%| F|  |TAMS 0x00000004db800000, 0x00000004db800000| Untracked 
|  65|0x00000004db900000, 0x00000004db900000, 0x00000004dba00000|  0%| F|  |TAMS 0x00000004db900000, 0x00000004db900000| Untracked 
|  66|0x00000004dba00000, 0x00000004dba00000, 0x00000004dbb00000|  0%| F|  |TAMS 0x00000004dba00000, 0x00000004dba00000| Untracked 
|  67|0x00000004dbb00000, 0x00000004dbb00000, 0x00000004dbc00000|  0%| F|  |TAMS 0x00000004dbb00000, 0x00000004dbb00000| Untracked 
|  68|0x00000004dbc00000, 0x00000004dbc00000, 0x00000004dbd00000|  0%| F|  |TAMS 0x00000004dbc00000, 0x00000004dbc00000| Untracked 
|  69|0x00000004dbd00000, 0x00000004dbd00000, 0x00000004dbe00000|  0%| F|  |TAMS 0x00000004dbd00000, 0x00000004dbd00000| Untracked 
|  70|0x00000004dbe00000, 0x00000004dbe00000, 0x00000004dbf00000|  0%| F|  |TAMS 0x00000004dbe00000, 0x00000004dbe00000| Untracked 
|  71|0x00000004dbf00000, 0x00000004dbf00000, 0x00000004dc000000|  0%| F|  |TAMS 0x00000004dbf00000, 0x00000004dbf00000| Untracked 
|  72|0x00000004dc000000, 0x00000004dc000000, 0x00000004dc100000|  0%| F|  |TAMS 0x00000004dc000000, 0x00000004dc000000| Untracked 
|  73|0x00000004dc100000, 0x00000004dc100000, 0x00000004dc200000|  0%| F|  |TAMS 0x00000004dc100000, 0x00000004dc100000| Untracked 
|  74|0x00000004dc200000, 0x00000004dc200000, 0x00000004dc300000|  0%| F|  |TAMS 0x00000004dc200000, 0x00000004dc200000| Untracked 
|  75|0x00000004dc300000, 0x00000004dc300000, 0x00000004dc400000|  0%| F|  |TAMS 0x00000004dc300000, 0x00000004dc300000| Untracked 
|  76|0x00000004dc400000, 0x00000004dc400000, 0x00000004dc500000|  0%| F|  |TAMS 0x00000004dc400000, 0x00000004dc400000| Untracked 
|  77|0x00000004dc500000, 0x00000004dc500000, 0x00000004dc600000|  0%| F|  |TAMS 0x00000004dc500000, 0x00000004dc500000| Untracked 
|  78|0x00000004dc600000, 0x00000004dc600000, 0x00000004dc700000|  0%| F|  |TAMS 0x00000004dc600000, 0x00000004dc600000| Untracked 
|  79|0x00000004dc700000, 0x00000004dc700000, 0x00000004dc800000|  0%| F|  |TAMS 0x00000004dc700000, 0x00000004dc700000| Untracked 
|  80|0x00000004dc800000, 0x00000004dc800000, 0x00000004dc900000|  0%| F|  |TAMS 0x00000004dc800000, 0x00000004dc800000| Untracked 
|  81|0x00000004dc900000, 0x00000004dc900000, 0x00000004dca00000|  0%| F|  |TAMS 0x00000004dc900000, 0x00000004dc900000| Untracked 
|  82|0x00000004dca00000, 0x00000004dca00000, 0x00000004dcb00000|  0%| F|  |TAMS 0x00000004dca00000, 0x00000004dca00000| Untracked 
|  83|0x00000004dcb00000, 0x00000004dcb00000, 0x00000004dcc00000|  0%| F|  |TAMS 0x00000004dcb00000, 0x00000004dcb00000| Untracked 
|  84|0x00000004dcc00000, 0x00000004dcc00000, 0x00000004dcd00000|  0%| F|  |TAMS 0x00000004dcc00000, 0x00000004dcc00000| Untracked 
|  85|0x00000004dcd00000, 0x00000004dcd00000, 0x00000004dce00000|  0%| F|  |TAMS 0x00000004dcd00000, 0x00000004dcd00000| Untracked 
|  86|0x00000004dce00000, 0x00000004dce00000, 0x00000004dcf00000|  0%| F|  |TAMS 0x00000004dce00000, 0x00000004dce00000| Untracked 
|  87|0x00000004dcf00000, 0x00000004dcf00000, 0x00000004dd000000|  0%| F|  |TAMS 0x00000004dcf00000, 0x00000004dcf00000| Untracked 
|  88|0x00000004dd000000, 0x00000004dd000000, 0x00000004dd100000|  0%| F|  |TAMS 0x00000004dd000000, 0x00000004dd000000| Untracked 
|  89|0x00000004dd100000, 0x00000004dd100000, 0x00000004dd200000|  0%| F|  |TAMS 0x00000004dd100000, 0x00000004dd100000| Untracked 
|  90|0x00000004dd200000, 0x00000004dd200000, 0x00000004dd300000|  0%| F|  |TAMS 0x00000004dd200000, 0x00000004dd200000| Untracked 
|  91|0x00000004dd300000, 0x00000004dd300000, 0x00000004dd400000|  0%| F|  |TAMS 0x00000004dd300000, 0x00000004dd300000| Untracked 
|  92|0x00000004dd400000, 0x00000004dd400000, 0x00000004dd500000|  0%| F|  |TAMS 0x00000004dd400000, 0x00000004dd400000| Untracked 
|  93|0x00000004dd500000, 0x00000004dd500000, 0x00000004dd600000|  0%| F|  |TAMS 0x00000004dd500000, 0x00000004dd500000| Untracked 
|  94|0x00000004dd600000, 0x00000004dd600000, 0x00000004dd700000|  0%| F|  |TAMS 0x00000004dd600000, 0x00000004dd600000| Untracked 
|  95|0x00000004dd700000, 0x00000004dd700000, 0x00000004dd800000|  0%| F|  |TAMS 0x00000004dd700000, 0x00000004dd700000| Untracked 
|  96|0x00000004dd800000, 0x00000004dd800000, 0x00000004dd900000|  0%| F|  |TAMS 0x00000004dd800000, 0x00000004dd800000| Untracked 
|  97|0x00000004dd900000, 0x00000004dd900000, 0x00000004dda00000|  0%| F|  |TAMS 0x00000004dd900000, 0x00000004dd900000| Untracked 
|  98|0x00000004dda00000, 0x00000004dda00000, 0x00000004ddb00000|  0%| F|  |TAMS 0x00000004dda00000, 0x00000004dda00000| Untracked 
|  99|0x00000004ddb00000, 0x00000004ddb00000, 0x00000004ddc00000|  0%| F|  |TAMS 0x00000004ddb00000, 0x00000004ddb00000| Untracked 
| 100|0x00000004ddc00000, 0x00000004ddc00000, 0x00000004ddd00000|  0%| F|  |TAMS 0x00000004ddc00000, 0x00000004ddc00000| Untracked 
| 101|0x00000004ddd00000, 0x00000004ddd00000, 0x00000004dde00000|  0%| F|  |TAMS 0x00000004ddd00000, 0x00000004ddd00000| Untracked 
| 102|0x00000004dde00000, 0x00000004dde00000, 0x00000004ddf00000|  0%| F|  |TAMS 0x00000004dde00000, 0x00000004dde00000| Untracked 
| 103|0x00000004ddf00000, 0x00000004ddf00000, 0x00000004de000000|  0%| F|  |TAMS 0x00000004ddf00000, 0x00000004ddf00000| Untracked 
| 104|0x00000004de000000, 0x00000004de000000, 0x00000004de100000|  0%| F|  |TAMS 0x00000004de000000, 0x00000004de000000| Untracked 
| 105|0x00000004de100000, 0x00000004de100000, 0x00000004de200000|  0%| F|  |TAMS 0x00000004de100000, 0x00000004de100000| Untracked 
| 106|0x00000004de200000, 0x00000004de200000, 0x00000004de300000|  0%| F|  |TAMS 0x00000004de200000, 0x00000004de200000| Untracked 
| 107|0x00000004de300000, 0x00000004de300000, 0x00000004de400000|  0%| F|  |TAMS 0x00000004de300000, 0x00000004de300000| Untracked 
| 108|0x00000004de400000, 0x00000004de400000, 0x00000004de500000|  0%| F|  |TAMS 0x00000004de400000, 0x00000004de400000| Untracked 
| 109|0x00000004de500000, 0x00000004de500000, 0x00000004de600000|  0%| F|  |TAMS 0x00000004de500000, 0x00000004de500000| Untracked 
| 110|0x00000004de600000, 0x00000004de600000, 0x00000004de700000|  0%| F|  |TAMS 0x00000004de600000, 0x00000004de600000| Untracked 
| 111|0x00000004de700000, 0x00000004de700000, 0x00000004de800000|  0%| F|  |TAMS 0x00000004de700000, 0x00000004de700000| Untracked 
| 112|0x00000004de800000, 0x00000004de800000, 0x00000004de900000|  0%| F|  |TAMS 0x00000004de800000, 0x00000004de800000| Untracked 
| 113|0x00000004de900000, 0x00000004de900000, 0x00000004dea00000|  0%| F|  |TAMS 0x00000004de900000, 0x00000004de900000| Untracked 
| 114|0x00000004dea00000, 0x00000004dea00000, 0x00000004deb00000|  0%| F|  |TAMS 0x00000004dea00000, 0x00000004dea00000| Untracked 
| 115|0x00000004deb00000, 0x00000004deb00000, 0x00000004dec00000|  0%| F|  |TAMS 0x00000004deb00000, 0x00000004deb00000| Untracked 
| 116|0x00000004dec00000, 0x00000004dec00000, 0x00000004ded00000|  0%| F|  |TAMS 0x00000004dec00000, 0x00000004dec00000| Untracked 
| 117|0x00000004ded00000, 0x00000004ded00000, 0x00000004dee00000|  0%| F|  |TAMS 0x00000004ded00000, 0x00000004ded00000| Untracked 
| 118|0x00000004dee00000, 0x00000004dee00000, 0x00000004def00000|  0%| F|  |TAMS 0x00000004dee00000, 0x00000004dee00000| Untracked 
| 119|0x00000004def00000, 0x00000004def00000, 0x00000004df000000|  0%| F|  |TAMS 0x00000004def00000, 0x00000004def00000| Untracked 
| 120|0x00000004df000000, 0x00000004df000000, 0x00000004df100000|  0%| F|  |TAMS 0x00000004df000000, 0x00000004df000000| Untracked 
| 121|0x00000004df100000, 0x00000004df100000, 0x00000004df200000|  0%| F|  |TAMS 0x00000004df100000, 0x00000004df100000| Untracked 
| 122|0x00000004df200000, 0x00000004df200000, 0x00000004df300000|  0%| F|  |TAMS 0x00000004df200000, 0x00000004df200000| Untracked 
| 123|0x00000004df300000, 0x00000004df300000, 0x00000004df400000|  0%| F|  |TAMS 0x00000004df300000, 0x00000004df300000| Untracked 
| 124|0x00000004df400000, 0x00000004df400000, 0x00000004df500000|  0%| F|  |TAMS 0x00000004df400000, 0x00000004df400000| Untracked 
| 125|0x00000004df500000, 0x00000004df500000, 0x00000004df600000|  0%| F|  |TAMS 0x00000004df500000, 0x00000004df500000| Untracked 
| 126|0x00000004df600000, 0x00000004df600000, 0x00000004df700000|  0%| F|  |TAMS 0x00000004df600000, 0x00000004df600000| Untracked 
| 127|0x00000004df700000, 0x00000004df700000, 0x00000004df800000|  0%| F|  |TAMS 0x00000004df700000, 0x00000004df700000| Untracked 
| 128|0x00000004df800000, 0x00000004df800000, 0x00000004df900000|  0%| F|  |TAMS 0x00000004df800000, 0x00000004df800000| Untracked 
| 129|0x00000004df900000, 0x00000004df900000, 0x00000004dfa00000|  0%| F|  |TAMS 0x00000004df900000, 0x00000004df900000| Untracked 
| 130|0x00000004dfa00000, 0x00000004dfa00000, 0x00000004dfb00000|  0%| F|  |TAMS 0x00000004dfa00000, 0x00000004dfa00000| Untracked 
| 131|0x00000004dfb00000, 0x00000004dfb00000, 0x00000004dfc00000|  0%| F|  |TAMS 0x00000004dfb00000, 0x00000004dfb00000| Untracked 
| 132|0x00000004dfc00000, 0x00000004dfc00000, 0x00000004dfd00000|  0%| F|  |TAMS 0x00000004dfc00000, 0x00000004dfc00000| Untracked 
| 133|0x00000004dfd00000, 0x00000004dfd00000, 0x00000004dfe00000|  0%| F|  |TAMS 0x00000004dfd00000, 0x00000004dfd00000| Untracked 
| 134|0x00000004dfe00000, 0x00000004dfe00000, 0x00000004dff00000|  0%| F|  |TAMS 0x00000004dfe00000, 0x00000004dfe00000| Untracked 
| 135|0x00000004dff00000, 0x00000004dff00000, 0x00000004e0000000|  0%| F|  |TAMS 0x00000004dff00000, 0x00000004dff00000| Untracked 
| 136|0x00000004e0000000, 0x00000004e0000000, 0x00000004e0100000|  0%| F|  |TAMS 0x00000004e0000000, 0x00000004e0000000| Untracked 
| 137|0x00000004e0100000, 0x00000004e0100000, 0x00000004e0200000|  0%| F|  |TAMS 0x00000004e0100000, 0x00000004e0100000| Untracked 
| 138|0x00000004e0200000, 0x00000004e0200000, 0x00000004e0300000|  0%| F|  |TAMS 0x00000004e0200000, 0x00000004e0200000| Untracked 
| 139|0x00000004e0300000, 0x00000004e0300000, 0x00000004e0400000|  0%| F|  |TAMS 0x00000004e0300000, 0x00000004e0300000| Untracked 
| 140|0x00000004e0400000, 0x00000004e0400000, 0x00000004e0500000|  0%| F|  |TAMS 0x00000004e0400000, 0x00000004e0400000| Untracked 
| 141|0x00000004e0500000, 0x00000004e0500000, 0x00000004e0600000|  0%| F|  |TAMS 0x00000004e0500000, 0x00000004e0500000| Untracked 
| 142|0x00000004e0600000, 0x00000004e06c57c0, 0x00000004e0700000| 77%| S|CS|TAMS 0x00000004e0600000, 0x00000004e0600000| Complete 
| 143|0x00000004e0700000, 0x00000004e0800000, 0x00000004e0800000|100%| S|CS|TAMS 0x00000004e0700000, 0x00000004e0700000| Complete 
| 144|0x00000004e0800000, 0x00000004e0900000, 0x00000004e0900000|100%| S|CS|TAMS 0x00000004e0800000, 0x00000004e0800000| Complete 
| 145|0x00000004e0900000, 0x00000004e0a00000, 0x00000004e0a00000|100%| S|CS|TAMS 0x00000004e0900000, 0x00000004e0900000| Complete 
| 146|0x00000004e0a00000, 0x00000004e0b00000, 0x00000004e0b00000|100%| S|CS|TAMS 0x00000004e0a00000, 0x00000004e0a00000| Complete 
| 147|0x00000004e0b00000, 0x00000004e0c00000, 0x00000004e0c00000|100%| S|CS|TAMS 0x00000004e0b00000, 0x00000004e0b00000| Complete 
| 148|0x00000004e0c00000, 0x00000004e0d00000, 0x00000004e0d00000|100%| S|CS|TAMS 0x00000004e0c00000, 0x00000004e0c00000| Complete 
| 149|0x00000004e0d00000, 0x00000004e0e00000, 0x00000004e0e00000|100%| S|CS|TAMS 0x00000004e0d00000, 0x00000004e0d00000| Complete 
| 150|0x00000004e0e00000, 0x00000004e0f00000, 0x00000004e0f00000|100%| S|CS|TAMS 0x00000004e0e00000, 0x00000004e0e00000| Complete 
| 151|0x00000004e0f00000, 0x00000004e1000000, 0x00000004e1000000|100%| S|CS|TAMS 0x00000004e0f00000, 0x00000004e0f00000| Complete 
| 152|0x00000004e1000000, 0x00000004e1000000, 0x00000004e1100000|  0%| F|  |TAMS 0x00000004e1000000, 0x00000004e1000000| Untracked 
| 153|0x00000004e1100000, 0x00000004e1100000, 0x00000004e1200000|  0%| F|  |TAMS 0x00000004e1100000, 0x00000004e1100000| Untracked 
| 154|0x00000004e1200000, 0x00000004e1200000, 0x00000004e1300000|  0%| F|  |TAMS 0x00000004e1200000, 0x00000004e1200000| Untracked 
| 155|0x00000004e1300000, 0x00000004e1300000, 0x00000004e1400000|  0%| F|  |TAMS 0x00000004e1300000, 0x00000004e1300000| Untracked 
| 156|0x00000004e1400000, 0x00000004e1400000, 0x00000004e1500000|  0%| F|  |TAMS 0x00000004e1400000, 0x00000004e1400000| Untracked 
| 157|0x00000004e1500000, 0x00000004e1500000, 0x00000004e1600000|  0%| F|  |TAMS 0x00000004e1500000, 0x00000004e1500000| Untracked 
| 158|0x00000004e1600000, 0x00000004e1600000, 0x00000004e1700000|  0%| F|  |TAMS 0x00000004e1600000, 0x00000004e1600000| Untracked 
| 159|0x00000004e1700000, 0x00000004e1700000, 0x00000004e1800000|  0%| F|  |TAMS 0x00000004e1700000, 0x00000004e1700000| Untracked 
| 160|0x00000004e1800000, 0x00000004e1800000, 0x00000004e1900000|  0%| F|  |TAMS 0x00000004e1800000, 0x00000004e1800000| Untracked 
| 161|0x00000004e1900000, 0x00000004e1900000, 0x00000004e1a00000|  0%| F|  |TAMS 0x00000004e1900000, 0x00000004e1900000| Untracked 
| 162|0x00000004e1a00000, 0x00000004e1a00000, 0x00000004e1b00000|  0%| F|  |TAMS 0x00000004e1a00000, 0x00000004e1a00000| Untracked 
| 163|0x00000004e1b00000, 0x00000004e1b00000, 0x00000004e1c00000|  0%| F|  |TAMS 0x00000004e1b00000, 0x00000004e1b00000| Untracked 
| 164|0x00000004e1c00000, 0x00000004e1c00000, 0x00000004e1d00000|  0%| F|  |TAMS 0x00000004e1c00000, 0x00000004e1c00000| Untracked 
| 165|0x00000004e1d00000, 0x00000004e1d00000, 0x00000004e1e00000|  0%| F|  |TAMS 0x00000004e1d00000, 0x00000004e1d00000| Untracked 
| 166|0x00000004e1e00000, 0x00000004e1e00000, 0x00000004e1f00000|  0%| F|  |TAMS 0x00000004e1e00000, 0x00000004e1e00000| Untracked 
| 167|0x00000004e1f00000, 0x00000004e1f00000, 0x00000004e2000000|  0%| F|  |TAMS 0x00000004e1f00000, 0x00000004e1f00000| Untracked 
| 168|0x00000004e2000000, 0x00000004e2000000, 0x00000004e2100000|  0%| F|  |TAMS 0x00000004e2000000, 0x00000004e2000000| Untracked 
| 169|0x00000004e2100000, 0x00000004e2100000, 0x00000004e2200000|  0%| F|  |TAMS 0x00000004e2100000, 0x00000004e2100000| Untracked 
| 170|0x00000004e2200000, 0x00000004e2200000, 0x00000004e2300000|  0%| F|  |TAMS 0x00000004e2200000, 0x00000004e2200000| Untracked 
| 171|0x00000004e2300000, 0x00000004e2300000, 0x00000004e2400000|  0%| F|  |TAMS 0x00000004e2300000, 0x00000004e2300000| Untracked 
| 172|0x00000004e2400000, 0x00000004e2400000, 0x00000004e2500000|  0%| F|  |TAMS 0x00000004e2400000, 0x00000004e2400000| Untracked 
| 173|0x00000004e2500000, 0x00000004e2500000, 0x00000004e2600000|  0%| F|  |TAMS 0x00000004e2500000, 0x00000004e2500000| Untracked 
| 174|0x00000004e2600000, 0x00000004e2600000, 0x00000004e2700000|  0%| F|  |TAMS 0x00000004e2600000, 0x00000004e2600000| Untracked 
| 175|0x00000004e2700000, 0x00000004e2700000, 0x00000004e2800000|  0%| F|  |TAMS 0x00000004e2700000, 0x00000004e2700000| Untracked 
| 176|0x00000004e2800000, 0x00000004e2800000, 0x00000004e2900000|  0%| F|  |TAMS 0x00000004e2800000, 0x00000004e2800000| Untracked 
| 177|0x00000004e2900000, 0x00000004e2900000, 0x00000004e2a00000|  0%| F|  |TAMS 0x00000004e2900000, 0x00000004e2900000| Untracked 
| 178|0x00000004e2a00000, 0x00000004e2a00000, 0x00000004e2b00000|  0%| F|  |TAMS 0x00000004e2a00000, 0x00000004e2a00000| Untracked 
| 179|0x00000004e2b00000, 0x00000004e2b00000, 0x00000004e2c00000|  0%| F|  |TAMS 0x00000004e2b00000, 0x00000004e2b00000| Untracked 
| 180|0x00000004e2c00000, 0x00000004e2c00000, 0x00000004e2d00000|  0%| F|  |TAMS 0x00000004e2c00000, 0x00000004e2c00000| Untracked 
| 181|0x00000004e2d00000, 0x00000004e2d00000, 0x00000004e2e00000|  0%| F|  |TAMS 0x00000004e2d00000, 0x00000004e2d00000| Untracked 
| 182|0x00000004e2e00000, 0x00000004e2e00000, 0x00000004e2f00000|  0%| F|  |TAMS 0x00000004e2e00000, 0x00000004e2e00000| Untracked 
| 183|0x00000004e2f00000, 0x00000004e2f00000, 0x00000004e3000000|  0%| F|  |TAMS 0x00000004e2f00000, 0x00000004e2f00000| Untracked 
| 184|0x00000004e3000000, 0x00000004e3000000, 0x00000004e3100000|  0%| F|  |TAMS 0x00000004e3000000, 0x00000004e3000000| Untracked 
| 185|0x00000004e3100000, 0x00000004e3100000, 0x00000004e3200000|  0%| F|  |TAMS 0x00000004e3100000, 0x00000004e3100000| Untracked 
| 186|0x00000004e3200000, 0x00000004e3200000, 0x00000004e3300000|  0%| F|  |TAMS 0x00000004e3200000, 0x00000004e3200000| Untracked 
| 187|0x00000004e3300000, 0x00000004e3300000, 0x00000004e3400000|  0%| F|  |TAMS 0x00000004e3300000, 0x00000004e3300000| Untracked 
| 188|0x00000004e3400000, 0x00000004e3400000, 0x00000004e3500000|  0%| F|  |TAMS 0x00000004e3400000, 0x00000004e3400000| Untracked 
| 189|0x00000004e3500000, 0x00000004e3500000, 0x00000004e3600000|  0%| F|  |TAMS 0x00000004e3500000, 0x00000004e3500000| Untracked 
| 190|0x00000004e3600000, 0x00000004e3600000, 0x00000004e3700000|  0%| F|  |TAMS 0x00000004e3600000, 0x00000004e3600000| Untracked 
| 191|0x00000004e3700000, 0x00000004e3700000, 0x00000004e3800000|  0%| F|  |TAMS 0x00000004e3700000, 0x00000004e3700000| Untracked 
| 192|0x00000004e3800000, 0x00000004e3800000, 0x00000004e3900000|  0%| F|  |TAMS 0x00000004e3800000, 0x00000004e3800000| Untracked 
| 193|0x00000004e3900000, 0x00000004e3900000, 0x00000004e3a00000|  0%| F|  |TAMS 0x00000004e3900000, 0x00000004e3900000| Untracked 
| 194|0x00000004e3a00000, 0x00000004e3a00000, 0x00000004e3b00000|  0%| F|  |TAMS 0x00000004e3a00000, 0x00000004e3a00000| Untracked 
| 195|0x00000004e3b00000, 0x00000004e3b00000, 0x00000004e3c00000|  0%| F|  |TAMS 0x00000004e3b00000, 0x00000004e3b00000| Untracked 
| 196|0x00000004e3c00000, 0x00000004e3c00000, 0x00000004e3d00000|  0%| F|  |TAMS 0x00000004e3c00000, 0x00000004e3c00000| Untracked 
| 197|0x00000004e3d00000, 0x00000004e3d00000, 0x00000004e3e00000|  0%| F|  |TAMS 0x00000004e3d00000, 0x00000004e3d00000| Untracked 
| 198|0x00000004e3e00000, 0x00000004e3e00000, 0x00000004e3f00000|  0%| F|  |TAMS 0x00000004e3e00000, 0x00000004e3e00000| Untracked 
| 199|0x00000004e3f00000, 0x00000004e3f00000, 0x00000004e4000000|  0%| F|  |TAMS 0x00000004e3f00000, 0x00000004e3f00000| Untracked 
| 200|0x00000004e4000000, 0x00000004e4000000, 0x00000004e4100000|  0%| F|  |TAMS 0x00000004e4000000, 0x00000004e4000000| Untracked 
| 201|0x00000004e4100000, 0x00000004e4100000, 0x00000004e4200000|  0%| F|  |TAMS 0x00000004e4100000, 0x00000004e4100000| Untracked 
| 202|0x00000004e4200000, 0x00000004e4200000, 0x00000004e4300000|  0%| F|  |TAMS 0x00000004e4200000, 0x00000004e4200000| Untracked 
| 203|0x00000004e4300000, 0x00000004e4300000, 0x00000004e4400000|  0%| F|  |TAMS 0x00000004e4300000, 0x00000004e4300000| Untracked 
| 204|0x00000004e4400000, 0x00000004e4400000, 0x00000004e4500000|  0%| F|  |TAMS 0x00000004e4400000, 0x00000004e4400000| Untracked 
| 205|0x00000004e4500000, 0x00000004e4500000, 0x00000004e4600000|  0%| F|  |TAMS 0x00000004e4500000, 0x00000004e4500000| Untracked 
| 206|0x00000004e4600000, 0x00000004e4600000, 0x00000004e4700000|  0%| F|  |TAMS 0x00000004e4600000, 0x00000004e4600000| Untracked 
| 207|0x00000004e4700000, 0x00000004e4800000, 0x00000004e4800000|100%| E|  |TAMS 0x00000004e4700000, 0x00000004e4700000| Complete 
| 208|0x00000004e4800000, 0x00000004e4900000, 0x00000004e4900000|100%| E|CS|TAMS 0x00000004e4800000, 0x00000004e4800000| Complete 
| 209|0x00000004e4900000, 0x00000004e4a00000, 0x00000004e4a00000|100%| E|CS|TAMS 0x00000004e4900000, 0x00000004e4900000| Complete 
| 210|0x00000004e4a00000, 0x00000004e4b00000, 0x00000004e4b00000|100%| E|CS|TAMS 0x00000004e4a00000, 0x00000004e4a00000| Complete 
| 211|0x00000004e4b00000, 0x00000004e4c00000, 0x00000004e4c00000|100%| E|CS|TAMS 0x00000004e4b00000, 0x00000004e4b00000| Complete 
| 212|0x00000004e4c00000, 0x00000004e4d00000, 0x00000004e4d00000|100%| E|CS|TAMS 0x00000004e4c00000, 0x00000004e4c00000| Complete 
| 213|0x00000004e4d00000, 0x00000004e4e00000, 0x00000004e4e00000|100%| E|CS|TAMS 0x00000004e4d00000, 0x00000004e4d00000| Complete 
| 214|0x00000004e4e00000, 0x00000004e4f00000, 0x00000004e4f00000|100%| E|CS|TAMS 0x00000004e4e00000, 0x00000004e4e00000| Complete 
| 215|0x00000004e4f00000, 0x00000004e5000000, 0x00000004e5000000|100%| E|CS|TAMS 0x00000004e4f00000, 0x00000004e4f00000| Complete 
| 216|0x00000004e5000000, 0x00000004e5100000, 0x00000004e5100000|100%| E|CS|TAMS 0x00000004e5000000, 0x00000004e5000000| Complete 
| 217|0x00000004e5100000, 0x00000004e5200000, 0x00000004e5200000|100%| E|CS|TAMS 0x00000004e5100000, 0x00000004e5100000| Complete 
| 218|0x00000004e5200000, 0x00000004e5300000, 0x00000004e5300000|100%| E|CS|TAMS 0x00000004e5200000, 0x00000004e5200000| Complete 
| 219|0x00000004e5300000, 0x00000004e5400000, 0x00000004e5400000|100%| E|CS|TAMS 0x00000004e5300000, 0x00000004e5300000| Complete 
| 220|0x00000004e5400000, 0x00000004e5500000, 0x00000004e5500000|100%| E|CS|TAMS 0x00000004e5400000, 0x00000004e5400000| Complete 
| 221|0x00000004e5500000, 0x00000004e5600000, 0x00000004e5600000|100%| E|CS|TAMS 0x00000004e5500000, 0x00000004e5500000| Complete 
| 222|0x00000004e5600000, 0x00000004e5700000, 0x00000004e5700000|100%| E|CS|TAMS 0x00000004e5600000, 0x00000004e5600000| Complete 
| 223|0x00000004e5700000, 0x00000004e5800000, 0x00000004e5800000|100%| E|CS|TAMS 0x00000004e5700000, 0x00000004e5700000| Complete 
| 224|0x00000004e5800000, 0x00000004e5900000, 0x00000004e5900000|100%| E|CS|TAMS 0x00000004e5800000, 0x00000004e5800000| Complete 
| 225|0x00000004e5900000, 0x00000004e5a00000, 0x00000004e5a00000|100%| E|CS|TAMS 0x00000004e5900000, 0x00000004e5900000| Complete 
| 226|0x00000004e5a00000, 0x00000004e5b00000, 0x00000004e5b00000|100%| E|CS|TAMS 0x00000004e5a00000, 0x00000004e5a00000| Complete 
| 227|0x00000004e5b00000, 0x00000004e5c00000, 0x00000004e5c00000|100%| E|CS|TAMS 0x00000004e5b00000, 0x00000004e5b00000| Complete 
| 228|0x00000004e5c00000, 0x00000004e5d00000, 0x00000004e5d00000|100%| E|CS|TAMS 0x00000004e5c00000, 0x00000004e5c00000| Complete 
| 229|0x00000004e5d00000, 0x00000004e5e00000, 0x00000004e5e00000|100%| E|CS|TAMS 0x00000004e5d00000, 0x00000004e5d00000| Complete 
| 230|0x00000004e5e00000, 0x00000004e5f00000, 0x00000004e5f00000|100%| E|CS|TAMS 0x00000004e5e00000, 0x00000004e5e00000| Complete 
| 231|0x00000004e5f00000, 0x00000004e6000000, 0x00000004e6000000|100%| E|CS|TAMS 0x00000004e5f00000, 0x00000004e5f00000| Complete 
| 232|0x00000004e6000000, 0x00000004e6100000, 0x00000004e6100000|100%| E|CS|TAMS 0x00000004e6000000, 0x00000004e6000000| Complete 
| 233|0x00000004e6100000, 0x00000004e6200000, 0x00000004e6200000|100%| E|CS|TAMS 0x00000004e6100000, 0x00000004e6100000| Complete 
| 234|0x00000004e6200000, 0x00000004e6300000, 0x00000004e6300000|100%| E|CS|TAMS 0x00000004e6200000, 0x00000004e6200000| Complete 
| 235|0x00000004e6300000, 0x00000004e6400000, 0x00000004e6400000|100%| E|CS|TAMS 0x00000004e6300000, 0x00000004e6300000| Complete 
| 236|0x00000004e6400000, 0x00000004e6500000, 0x00000004e6500000|100%| E|CS|TAMS 0x00000004e6400000, 0x00000004e6400000| Complete 
| 237|0x00000004e6500000, 0x00000004e6600000, 0x00000004e6600000|100%| E|CS|TAMS 0x00000004e6500000, 0x00000004e6500000| Complete 
| 238|0x00000004e6600000, 0x00000004e6700000, 0x00000004e6700000|100%| E|CS|TAMS 0x00000004e6600000, 0x00000004e6600000| Complete 
| 239|0x00000004e6700000, 0x00000004e6800000, 0x00000004e6800000|100%| E|CS|TAMS 0x00000004e6700000, 0x00000004e6700000| Complete 
| 240|0x00000004e6800000, 0x00000004e6900000, 0x00000004e6900000|100%| E|CS|TAMS 0x00000004e6800000, 0x00000004e6800000| Complete 
| 241|0x00000004e6900000, 0x00000004e6a00000, 0x00000004e6a00000|100%| E|CS|TAMS 0x00000004e6900000, 0x00000004e6900000| Complete 
| 242|0x00000004e6a00000, 0x00000004e6b00000, 0x00000004e6b00000|100%| E|CS|TAMS 0x00000004e6a00000, 0x00000004e6a00000| Complete 
| 243|0x00000004e6b00000, 0x00000004e6c00000, 0x00000004e6c00000|100%| E|CS|TAMS 0x00000004e6b00000, 0x00000004e6b00000| Complete 
| 244|0x00000004e6c00000, 0x00000004e6d00000, 0x00000004e6d00000|100%| E|CS|TAMS 0x00000004e6c00000, 0x00000004e6c00000| Complete 
| 245|0x00000004e6d00000, 0x00000004e6e00000, 0x00000004e6e00000|100%| E|CS|TAMS 0x00000004e6d00000, 0x00000004e6d00000| Complete 
| 246|0x00000004e6e00000, 0x00000004e6f00000, 0x00000004e6f00000|100%| E|CS|TAMS 0x00000004e6e00000, 0x00000004e6e00000| Complete 
| 247|0x00000004e6f00000, 0x00000004e7000000, 0x00000004e7000000|100%| E|CS|TAMS 0x00000004e6f00000, 0x00000004e6f00000| Complete 
| 248|0x00000004e7000000, 0x00000004e7100000, 0x00000004e7100000|100%| E|CS|TAMS 0x00000004e7000000, 0x00000004e7000000| Complete 
| 249|0x00000004e7100000, 0x00000004e7200000, 0x00000004e7200000|100%| E|CS|TAMS 0x00000004e7100000, 0x00000004e7100000| Complete 
| 250|0x00000004e7200000, 0x00000004e7300000, 0x00000004e7300000|100%| E|CS|TAMS 0x00000004e7200000, 0x00000004e7200000| Complete 
| 251|0x00000004e7300000, 0x00000004e7400000, 0x00000004e7400000|100%| E|CS|TAMS 0x00000004e7300000, 0x00000004e7300000| Complete 
| 252|0x00000004e7400000, 0x00000004e7500000, 0x00000004e7500000|100%| E|CS|TAMS 0x00000004e7400000, 0x00000004e7400000| Complete 
| 253|0x00000004e7500000, 0x00000004e7600000, 0x00000004e7600000|100%| E|CS|TAMS 0x00000004e7500000, 0x00000004e7500000| Complete 

Card table byte_map: [0x0000019d177d0000,0x0000019d17fc0000] _byte_map_base: 0x0000019d15114000

Marking Bits (Prev, Next): (CMBitMap*) 0x0000019d79e8e140, (CMBitMap*) 0x0000019d79e8e108
 Prev Bits: [0x0000019d1c6e0000, 0x0000019d20608000)
 Next Bits: [0x0000019d187b0000, 0x0000019d1c6d8000)

Polling page: 0x0000019d00000000

Metaspace:

Usage:
  Non-class:     20.91 MB capacity,    20.64 MB ( 99%) used,   244.73 KB (  1%) free+waste,    26.75 KB ( <1%) overhead. 
      Class:      2.56 MB capacity,     2.39 MB ( 93%) used,   162.62 KB (  6%) free+waste,    10.38 KB ( <1%) overhead. 
       Both:     23.47 MB capacity,    23.03 MB ( 98%) used,   407.34 KB (  2%) free+waste,    37.13 KB ( <1%) overhead. 

Virtual space:
  Non-class space:       24.00 MB reserved,      21.00 MB ( 88%) committed 
      Class space:        1.00 GB reserved,       2.62 MB ( <1%) committed 
             Both:        1.02 GB reserved,      23.62 MB (  2%) committed 

Chunk freelists:
   Non-Class:  3.75 KB
       Class:  256 bytes
        Both:  4.00 KB

CodeHeap 'non-profiled nmethods': size=120000Kb used=2103Kb max_used=2103Kb free=117896Kb
 bounds [0x0000019d0f040000, 0x0000019d0f2b0000, 0x0000019d16570000]
CodeHeap 'profiled nmethods': size=120000Kb used=8534Kb max_used=8534Kb free=111465Kb
 bounds [0x0000019d07b10000, 0x0000019d08370000, 0x0000019d0f040000]
CodeHeap 'non-nmethods': size=5760Kb used=1115Kb max_used=1162Kb free=4644Kb
 bounds [0x0000019d07570000, 0x0000019d077e0000, 0x0000019d07b10000]
 total_blobs=4337 nmethods=3917 adapters=330
 compilation: enabled
              stopped_count=0, restarted_count=0
 full_count=0

Compilation events (10 events):
Event: 56.186 Thread 0x0000019d24f61000 nmethod 3907 0x0000019d0f24d890 code [0x0000019d0f24da20, 0x0000019d0f24dcf8]
Event: 56.186 Thread 0x0000019d24f61000 3920       4       org.codehaus.plexus.configuration.DefaultPlexusConfiguration::getChild (47 bytes)
Event: 56.240 Thread 0x0000019d23a8a000 3927       3       java.io.BufferedInputStream::close (44 bytes)
Event: 56.241 Thread 0x0000019d23a8a000 nmethod 3927 0x0000019d08364310 code [0x0000019d083644e0, 0x0000019d083648e8]
Event: 56.241 Thread 0x0000019d23a8a000 3928       3       java.util.regex.Matcher::find (35 bytes)
Event: 56.241 Thread 0x0000019d23a8a000 nmethod 3928 0x0000019d08364a10 code [0x0000019d08364c00, 0x0000019d08364ff8]
Event: 56.241 Thread 0x0000019d23a8a000 3929       3       java.util.Formatter$FixedString::<init> (26 bytes)
Event: 56.242 Thread 0x0000019d23a8a000 nmethod 3929 0x0000019d08365190 code [0x0000019d08365340, 0x0000019d08365578]
Event: 56.242 Thread 0x0000019d23a8a000 3930       3       org.eclipse.aether.util.version.GenericVersionScheme::<init> (5 bytes)
Event: 56.242 Thread 0x0000019d23a8a000 nmethod 3930 0x0000019d08365690 code [0x0000019d08365820, 0x0000019d08365978]

GC Heap History (4 events):
Event: 5.222 GC heap before
{Heap before GC invocations=0 (full 0):
 garbage-first heap   total 260096K, used 23552K [0x00000004d7800000, 0x00000005d4200000)
  region size 1024K, 24 young (24576K), 0 survivors (0K)
 Metaspace       used 12427K, capacity 12597K, committed 12672K, reserved 1062912K
  class space    used 1254K, capacity 1348K, committed 1408K, reserved 1048576K
}
Event: 5.276 GC heap after
{Heap after GC invocations=1 (full 0):
 garbage-first heap   total 260096K, used 3487K [0x00000004d7800000, 0x00000005d4200000)
  region size 1024K, 3 young (3072K), 3 survivors (3072K)
 Metaspace       used 12427K, capacity 12597K, committed 12672K, reserved 1062912K
  class space    used 1254K, capacity 1348K, committed 1408K, reserved 1048576K
}
Event: 34.505 GC heap before
{Heap before GC invocations=1 (full 0):
 garbage-first heap   total 260096K, used 103839K [0x00000004d7800000, 0x00000005d4200000)
  region size 1024K, 102 young (104448K), 3 survivors (3072K)
 Metaspace       used 20914K, capacity 21214K, committed 21248K, reserved 1071104K
  class space    used 2180K, capacity 2283K, committed 2304K, reserved 1048576K
}
Event: 34.519 GC heap after
{Heap after GC invocations=2 (full 0):
 garbage-first heap   total 260096K, used 10420K [0x00000004d7800000, 0x00000005d4200000)
  region size 1024K, 10 young (10240K), 10 survivors (10240K)
 Metaspace       used 20914K, capacity 21214K, committed 21248K, reserved 1071104K
  class space    used 2180K, capacity 2283K, committed 2304K, reserved 1048576K
}

Deoptimization events (10 events):
Event: 39.578 Thread 0x0000019d79e2d800 Uncommon trap: reason=predicate action=maybe_recompile pc=0x0000019d0f1ef128 method=java.util.TimSort.binarySort([Ljava/lang/Object;IIILjava/util/Comparator;)V @ 34 c2
Event: 39.665 Thread 0x0000019d79e2d800 Uncommon trap: reason=class_check action=maybe_recompile pc=0x0000019d0f0f3490 method=com.google.inject.internal.LinkedBindingImpl.acceptTargetVisitor(Lcom/google/inject/spi/BindingTargetVisitor;)Ljava/lang/Object; @ 2 c2
Event: 39.666 Thread 0x0000019d79e2d800 Uncommon trap: reason=class_check action=maybe_recompile pc=0x0000019d0f0f3490 method=com.google.inject.internal.LinkedBindingImpl.acceptTargetVisitor(Lcom/google/inject/spi/BindingTargetVisitor;)Ljava/lang/Object; @ 2 c2
Event: 39.673 Thread 0x0000019d79e2d800 Uncommon trap: reason=unstable_if action=reinterpret pc=0x0000019d0f1bb6b4 method=java.lang.ThreadLocal$ThreadLocalMap.getEntry(Ljava/lang/ThreadLocal;)Ljava/lang/ThreadLocal$ThreadLocalMap$Entry; @ 29 c2
Event: 39.685 Thread 0x0000019d79e2d800 Uncommon trap: reason=speculate_null_assert action=make_not_entrant pc=0x0000019d0f172a9c method=org.eclipse.sisu.inject.RankedBindings$Itr.hasNext()Z @ 80 c2
Event: 50.398 Thread 0x0000019d79e2d800 Uncommon trap: reason=unstable_if action=reinterpret pc=0x0000019d0f0ed2d4 method=com.google.inject.internal.MoreTypes.canonicalize(Ljava/lang/reflect/Type;)Ljava/lang/reflect/Type; @ 16 c2
Event: 50.403 Thread 0x0000019d79e2d800 Uncommon trap: reason=class_check action=maybe_recompile pc=0x0000019d0f0eea2c method=com.google.inject.internal.MoreTypes.getRawType(Ljava/lang/reflect/Type;)Ljava/lang/Class; @ 13 c2
Event: 50.418 Thread 0x0000019d79e2d800 Uncommon trap: reason=class_check action=maybe_recompile pc=0x0000019d0f0eea2c method=com.google.inject.internal.MoreTypes.getRawType(Ljava/lang/reflect/Type;)Ljava/lang/Class; @ 13 c2
Event: 50.435 Thread 0x0000019d79e2d800 Uncommon trap: reason=class_check action=maybe_recompile pc=0x0000019d0f0eea2c method=com.google.inject.internal.MoreTypes.getRawType(Ljava/lang/reflect/Type;)Ljava/lang/Class; @ 13 c2
Event: 50.476 Thread 0x0000019d79e2d800 Uncommon trap: reason=class_check action=maybe_recompile pc=0x0000019d0f0eea2c method=com.google.inject.internal.MoreTypes.getRawType(Ljava/lang/reflect/Type;)Ljava/lang/Class; @ 13 c2

Classes redefined (0 events):
No events

Internal exceptions (10 events):
Event: 11.446 Thread 0x0000019d79e2d800 Implicit null exception at 0x0000019d0f0a4755 to 0x0000019d0f0a4940
Event: 11.450 Thread 0x0000019d79e2d800 Implicit null exception at 0x0000019d0f0c332f to 0x0000019d0f0c339d
Event: 39.598 Thread 0x0000019d79e2d800 Exception <a 'java/lang/NoClassDefFoundError'{0x00000004e6f5f9e8}: org/apache/maven/doxia/sink/SinkEventAttributes> (0x00000004e6f5f9e8) thrown at [./open/src/hotspot/share/classfile/systemDictionary.cpp, line 216]
Event: 39.604 Thread 0x0000019d79e2d800 Exception <a 'java/lang/NoClassDefFoundError'{0x00000004e6f81b20}: org/apache/maven/doxia/sink/SinkEventAttributes> (0x00000004e6f81b20) thrown at [./open/src/hotspot/share/classfile/systemDictionary.cpp, line 216]
Event: 39.613 Thread 0x0000019d79e2d800 Exception <a 'java/lang/NoClassDefFoundError'{0x00000004e6fcb150}: org/apache/maven/doxia/sink/SinkEventAttributes> (0x00000004e6fcb150) thrown at [./open/src/hotspot/share/classfile/systemDictionary.cpp, line 216]
Event: 39.614 Thread 0x0000019d79e2d800 Exception <a 'java/lang/NoClassDefFoundError'{0x00000004e6fd8068}: org/apache/maven/doxia/sink/SinkEventAttributes> (0x00000004e6fd8068) thrown at [./open/src/hotspot/share/classfile/systemDictionary.cpp, line 216]
Event: 39.647 Thread 0x0000019d79e2d800 Exception <a 'java/lang/NoClassDefFoundError'{0x00000004e6e5bf10}: org/apache/maven/doxia/sink/SinkEventAttributes> (0x00000004e6e5bf10) thrown at [./open/src/hotspot/share/classfile/systemDictionary.cpp, line 216]
Event: 39.649 Thread 0x0000019d79e2d800 Exception <a 'java/lang/NoClassDefFoundError'{0x00000004e6e6d3a8}: org/apache/maven/doxia/sink/SinkEventAttributes> (0x00000004e6e6d3a8) thrown at [./open/src/hotspot/share/classfile/systemDictionary.cpp, line 216]
Event: 50.481 Thread 0x0000019d79e2d800 Exception <a 'java/lang/NoSuchMethodError'{0x00000004e5992338}: org.apache.maven.execution.MavenExecutionRequest.getFailureBehavior()Ljava/lang/String;> (0x00000004e5992338) thrown at [./open/src/hotspot/share/interpreter/linkResolver.cpp, line 864]
Event: 50.908 Thread 0x0000019d79e2d800 Exception <a 'java/lang/NoSuchMethodError'{0x00000004e53c6e28}: org.apache.maven.execution.MavenExecutionRequest.getFailureBehavior()Ljava/lang/String;> (0x00000004e53c6e28) thrown at [./open/src/hotspot/share/interpreter/linkResolver.cpp, line 864]

Events (10 events):
Event: 55.802 loading class org/apache/maven/artifact/repository/metadata/io/xpp3/MetadataXpp3Writer done
Event: 55.803 loading class sun/nio/cs/UTF_8$Encoder
Event: 55.804 loading class sun/nio/cs/UTF_8$Encoder done
Event: 55.805 loading class org/eclipse/aether/repository/LocalMetadataRegistration
Event: 55.805 loading class org/eclipse/aether/repository/LocalMetadataRegistration done
Event: 55.807 loading class org/apache/maven/artifact/repository/metadata/ArtifactRepositoryMetadata
Event: 55.807 loading class org/apache/maven/artifact/repository/metadata/ArtifactRepositoryMetadata done
Event: 55.807 loading class org/apache/maven/artifact/repository/metadata/AbstractRepositoryMetadata
Event: 55.807 loading class org/apache/maven/artifact/repository/metadata/AbstractRepositoryMetadata done
Event: 56.165 Thread 0x0000019d24f61000 Thread added: 0x0000019d24f61000


Dynamic libraries:
0x00007ff6c46b0000 - 0x00007ff6c46bf000 	C:\Program Files\Java\jdk-11.0.13\bin\java.exe
0x00007ffeb33c0000 - 0x00007ffeb35c9000 	C:\Windows\SYSTEM32\ntdll.dll
0x00007ffe6faf0000 - 0x00007ffe6fb07000 	C:\Program Files\AVG\Antivirus\aswhook.dll
0x00007ffeb28f0000 - 0x00007ffeb29ad000 	C:\Windows\System32\KERNEL32.DLL
0x00007ffeb0de0000 - 0x00007ffeb115c000 	C:\Windows\System32\KERNELBASE.dll
0x00007ffeb0b30000 - 0x00007ffeb0c41000 	C:\Windows\System32\ucrtbase.dll
0x00007ffeaf5b0000 - 0x00007ffeaf5c8000 	C:\Program Files\Java\jdk-11.0.13\bin\jli.dll
0x00007ffe487e0000 - 0x00007ffe487f5000 	C:\Program Files\Java\jdk-11.0.13\bin\VCRUNTIME140.dll
0x00007ffeb30e0000 - 0x00007ffeb318e000 	C:\Windows\System32\ADVAPI32.dll
0x00007ffeb3280000 - 0x00007ffeb3323000 	C:\Windows\System32\msvcrt.dll
0x00007ffeb18a0000 - 0x00007ffeb193e000 	C:\Windows\System32\sechost.dll
0x00007ffeb29b0000 - 0x00007ffeb2ad0000 	C:\Windows\System32\RPCRT4.dll
0x00007ffeb2110000 - 0x00007ffeb22bd000 	C:\Windows\System32\USER32.dll
0x00007ffeb1160000 - 0x00007ffeb1186000 	C:\Windows\System32\win32u.dll
0x00007ffeb2730000 - 0x00007ffeb2759000 	C:\Windows\System32\GDI32.dll
0x00007ffeb08a0000 - 0x00007ffeb09b9000 	C:\Windows\System32\gdi32full.dll
0x00007ffeb0cd0000 - 0x00007ffeb0d6d000 	C:\Windows\System32\msvcp_win.dll
0x00007ffeafb30000 - 0x00007ffeafdd5000 	C:\Windows\WinSxS\amd64_microsoft.windows.common-controls_6595b64144ccf1df_6.0.22000.120_none_9d947278b86cc467\COMCTL32.dll
0x00007ffeaeed0000 - 0x00007ffeaeeda000 	C:\Windows\SYSTEM32\VERSION.dll
0x00007ffeb3330000 - 0x00007ffeb3361000 	C:\Windows\System32\IMM32.DLL
0x00007ffe38f80000 - 0x00007ffe3901b000 	C:\Program Files\Java\jdk-11.0.13\bin\msvcp140.dll
0x00007ffdeff40000 - 0x00007ffdf0a53000 	C:\Program Files\Java\jdk-11.0.13\bin\server\jvm.dll
0x00007ffeb3370000 - 0x00007ffeb3378000 	C:\Windows\System32\PSAPI.DLL
0x00007ffe8b500000 - 0x00007ffe8b509000 	C:\Windows\SYSTEM32\WSOCK32.dll
0x00007ffeb1780000 - 0x00007ffeb17ef000 	C:\Windows\System32\WS2_32.dll
0x00007ffea49a0000 - 0x00007ffea49d3000 	C:\Windows\SYSTEM32\WINMM.dll
0x00007ffeaead0000 - 0x00007ffeaeae8000 	C:\Windows\SYSTEM32\kernel.appcore.dll
0x00007ffea8f10000 - 0x00007ffea8f20000 	C:\Program Files\Java\jdk-11.0.13\bin\verify.dll
0x00007ffeb01f0000 - 0x00007ffeb0411000 	C:\Windows\SYSTEM32\DBGHELP.DLL
0x00007ffeb00c0000 - 0x00007ffeb00f1000 	C:\Windows\SYSTEM32\dbgcore.DLL
0x00007ffeb0c50000 - 0x00007ffeb0ccf000 	C:\Windows\System32\bcryptPrimitives.dll
0x00007ffe92950000 - 0x00007ffe92978000 	C:\Program Files\Java\jdk-11.0.13\bin\java.dll
0x00007ffe987f0000 - 0x00007ffe987fa000 	C:\Program Files\Java\jdk-11.0.13\bin\jimage.dll
0x00007ffe89130000 - 0x00007ffe89146000 	C:\Program Files\Java\jdk-11.0.13\bin\zip.dll
0x00007ffeb1940000 - 0x00007ffeb20f8000 	C:\Windows\System32\SHELL32.dll
0x00007ffeadaa0000 - 0x00007ffeae308000 	C:\Windows\SYSTEM32\windows.storage.dll
0x00007ffeb2d50000 - 0x00007ffeb30c9000 	C:\Windows\System32\combase.dll
0x00007ffead930000 - 0x00007ffeada96000 	C:\Windows\SYSTEM32\wintypes.dll
0x00007ffeb2b80000 - 0x00007ffeb2c6a000 	C:\Windows\System32\SHCORE.dll
0x00007ffeb1490000 - 0x00007ffeb14ed000 	C:\Windows\System32\shlwapi.dll
0x00007ffeb07d0000 - 0x00007ffeb07f1000 	C:\Windows\SYSTEM32\profapi.dll
0x00007ffe89110000 - 0x00007ffe89129000 	C:\Program Files\Java\jdk-11.0.13\bin\net.dll
0x00007ffea4fe0000 - 0x00007ffea50ec000 	C:\Windows\SYSTEM32\WINHTTP.dll
0x00007ffeaeee0000 - 0x00007ffeaef47000 	C:\Windows\system32\mswsock.dll
0x00007ffe890f0000 - 0x00007ffe89102000 	C:\Program Files\Java\jdk-11.0.13\bin\nio.dll
0x0000000069ac0000 - 0x0000000069ae4000 	C:\Users\darkn\AppData\Local\Temp\jansi-2.4.0-8ec2b7b5f216b555-jansi.dll

dbghelp: loaded successfully - version: 4.0.5 - missing functions: none
symbol engine: initialized successfully - sym options: 0x614 - pdb path: .;C:\Program Files\Java\jdk-11.0.13\bin;C:\Windows\SYSTEM32;C:\Program Files\AVG\Antivirus;C:\Windows\WinSxS\amd64_microsoft.windows.common-controls_6595b64144ccf1df_6.0.22000.120_none_9d947278b86cc467;C:\Program Files\Java\jdk-11.0.13\bin\server;C:\Users\darkn\AppData\Local\Temp

VM Arguments:
jvm_args: -Dmaven.multiModuleProjectDirectory=E:\MirabiliaProject\APMIS\SORMAS-Project\APMIS-Project\sormas-base -Dclassworlds.conf=E:\MirabiliaProject\apache-maven-3.8.4\bin\m2.conf -Dmaven.home=E:\MirabiliaProject\apache-maven-3.8.4 
java_command: org.codehaus.classworlds.Launcher install -Dmaven.test.skip=true -B
java_class_path (initial): E:\MirabiliaProject\apache-maven-3.8.4\boot\plexus-classworlds-2.6.0.jar
Launcher Type: SUN_STANDARD

[Global flags]
     intx CICompilerCount                          = 4                                         {product} {ergonomic}
     uint ConcGCThreads                            = 2                                         {product} {ergonomic}
     uint G1ConcRefinementThreads                  = 8                                         {product} {ergonomic}
   size_t G1HeapRegionSize                         = 1048576                                   {product} {ergonomic}
    uintx GCDrainStackTargetSize                   = 64                                        {product} {ergonomic}
   size_t InitialHeapSize                          = 266338304                                 {product} {ergonomic}
   size_t MarkStackSize                            = 4194304                                   {product} {ergonomic}
   size_t MaxHeapSize                              = 4238344192                                {product} {ergonomic}
   size_t MaxNewSize                               = 2542796800                                {product} {ergonomic}
   size_t MinHeapDeltaBytes                        = 1048576                                   {product} {ergonomic}
    uintx NonNMethodCodeHeapSize                   = 5836300                                {pd product} {ergonomic}
    uintx NonProfiledCodeHeapSize                  = 122910970                              {pd product} {ergonomic}
    uintx ProfiledCodeHeapSize                     = 122910970                              {pd product} {ergonomic}
    uintx ReservedCodeCacheSize                    = 251658240                              {pd product} {ergonomic}
     bool SegmentedCodeCache                       = true                                      {product} {ergonomic}
     bool UseCompressedClassPointers               = true                                 {lp64_product} {ergonomic}
     bool UseCompressedOops                        = true                                 {lp64_product} {ergonomic}
     bool UseG1GC                                  = true                                      {product} {ergonomic}
     bool UseLargePagesIndividualAllocation        = false                                  {pd product} {ergonomic}

Logging:
Log output configuration:
 #0: stdout all=warning uptime,level,tags
 #1: stderr all=off uptime,level,tags

Environment Variables:
JAVA_HOME=C:\Program Files\Java\jdk1.8.0_202
PATH=C:/Program Files/Java/jdk-11.0.13/bin/server;C:/Program Files/Java/jdk-11.0.13/bin;C:\Program Files (x86)\Common Files\Oracle\Java\javapath;C:\Program Files\Common Files\Oracle\Java\javapath;C:\Windows\system32;C:\Windows;C:\Windows\System32\Wbem;C:\Windows\System32\WindowsPowerShell\v1.0\;C:\Windows\System32\OpenSSH\;C:\Program Files\Git\cmd;C:\Program Files\Git\mingw64\bin;C:\Program Files\Git\usr\bin;C:\Program Files\Java\jdk-11.0.13\bin;E:\MirabiliaProject\apache-maven-3.8.4\bin;C:\Program Files\PostgreSQL\10\bin;C:\Program Files\PuTTY\;C:\Windows;C:\Program Files\nodejs\;C:\Users\darkn\AppData\Local\Microsoft\WindowsApps;C:\Users\darkn\AppData\Local\Programs\Microsoft VS Code\bin;C:\Users\darkn\AppData\Roaming\npm;C:\Users\darkn\Downloads\pms\tomcat-8.5.34\lib\sigar;C:\Users\darkn\Downloads\pms_new\tomcat-8.5.34\lib\sigar;C:\Tesseract-OCR;C:\Program Files\dotnet\;C:\Users\darkn\AppData\Local\Android\Sdk\platform-tools;C:\Users\darkn\AppData\Local\Microsoft\WindowsApps;C:\Users\darkn\AppData\Local\Programs\Microsoft VS Code\bin;C:\Users\darkn\AppData\Roaming\npm;C:\Users\darkn\AppData\Local\GitHubDesktop\bin;C:\Windows\system32;
USERNAME=darkn
OS=Windows_NT
PROCESSOR_IDENTIFIER=Intel64 Family 6 Model 126 Stepping 5, GenuineIntel



---------------  S Y S T E M  ---------------

OS: Windows 10 , 64 bit Build 22000 (10.0.22000.708)
Hyper-V role detected

CPU:total 8 (initial active 8) (4 cores per cpu, 2 threads per core) family 6 model 126 stepping 5 microcode 0xa0, cmov, cx8, fxsr, mmx, sse, sse2, sse3, ssse3, sse4.1, sse4.2, popcnt, avx, avx2, aes, clmul, erms, 3dnowpref, lzcnt, ht, tsc, tscinvbit, bmi1, bmi2, adx, evex, sha, fma

Memory: 4k page, system-wide physical 16165M (508M free)
TotalPageFile size 46599M (AvailPageFile size 91M)
current process WorkingSet (physical memory assigned to process): 203M, peak: 210M
current process commit charge ("private bytes"): 389M, peak: 396M

vm_info: Java HotSpot(TM) 64-Bit Server VM (11.0.13+10-LTS-370) for windows-amd64 JRE (11.0.13+10-LTS-370), built on Sep 15 2021 22:10:36 by "mach5one" with MS VC++ 15.9 (VS2017)

END.
