#
# There is insufficient memory for the Java Runtime Environment to continue.
# Native memory allocation (malloc) failed to allocate 231856 bytes for Chunk::new
# Possible reasons:
#   The system is out of physical RAM or swap space
#   The process is running with CompressedOops enabled, and the Java Heap may be blocking the growth of the native heap
# Possible solutions:
#   Reduce memory load on the system
#   Increase physical memory or swap space
#   Check if swap backing store is full
#   Decrease Java heap size (-Xmx/-Xms)
#   Decrease number of Java threads
#   Decrease Java thread stack sizes (-Xss)
#   Set larger code cache with -XX:ReservedCodeCacheSize=
#   JVM is running with Zero Based Compressed Oops mode in which the Java heap is
#     placed in the first 32GB address space. The Java Heap base address is the
#     maximum limit for the native heap growth. Please use -XX:HeapBaseMinAddress
#     to set the Java Heap base and to place the Java Heap above 32GB virtual address.
# This output file may be truncated or incomplete.
#
#  Out of Memory Error (./open/src/hotspot/share/memory/arena.cpp:197), pid=11676, tid=9664
#
# JRE version: Java(TM) SE Runtime Environment 18.9 (11.0.13+10) (build 11.0.13+10-LTS-370)
# Java VM: Java HotSpot(TM) 64-Bit Server VM 18.9 (11.0.13+10-LTS-370, mixed mode, tiered, compressed oops, g1 gc, windows-amd64)
# No core dump will be written. Minidumps are not enabled by default on client versions of Windows
#

---------------  S U M M A R Y ------------

Command Line: -Dmaven.multiModuleProjectDirectory=E:\MirabiliaProject\APMIS\SORMAS-Project\APMIS-Project\sormas-base -Dclassworlds.conf=E:\MirabiliaProject\apache-maven-3.8.4\bin\m2.conf -Dmaven.home=E:\MirabiliaProject\apache-maven-3.8.4 org.codehaus.classworlds.Launcher install -Dmaven.test.skip=true -B

Host: Intel(R) Core(TM) i7-1065G7 CPU @ 1.30GHz, 8 cores, 15G,  Windows 10 , 64 bit Build 22000 (10.0.22000.708)
Time: Mon Oct  3 14:36:43 2022 W. Central Africa Standard Time elapsed time: 75.712443 seconds (0d 0h 1m 15s)

---------------  T H R E A D  ---------------

Current thread (0x0000020ab126a800):  JavaThread "C2 CompilerThread0" daemon [_thread_in_native, id=9664, stack(0x000000de56300000,0x000000de56400000)]


Current CompileTask:
C2:  75712 3397   !   4       sun.nio.cs.StreamDecoder::read (196 bytes)

Stack: [0x000000de56300000,0x000000de56400000]
Native frames: (J=compiled Java code, j=interpreted, Vv=VM code, C=native code)
V  [jvm.dll+0x62870a]
V  [jvm.dll+0x761f2f]
V  [jvm.dll+0x7635d9]
V  [jvm.dll+0x763c63]
V  [jvm.dll+0x23d728]
V  [jvm.dll+0xb293c]
V  [jvm.dll+0xb2efc]
V  [jvm.dll+0x3408b7]
V  [jvm.dll+0x18c693]
V  [jvm.dll+0x1f8362]
V  [jvm.dll+0x1f743d]
V  [jvm.dll+0x177991]
V  [jvm.dll+0x206d84]
V  [jvm.dll+0x204ebb]
V  [jvm.dll+0x727e70]
V  [jvm.dll+0x720a54]
V  [jvm.dll+0x627606]
C  [ucrtbase.dll+0x26c0c]
C  [KERNEL32.DLL+0x154e0]
C  [ntdll.dll+0x485b]


---------------  P R O C E S S  ---------------

Threads class SMR info:
_java_thread_list=0x0000020ab2a06790, length=10, elements={
0x0000020a8dead800, 0x0000020ab09c2000, 0x0000020ab09c4000, 0x0000020ab12b8800,
0x0000020ab12b9800, 0x0000020ab12be000, 0x0000020ab126a800, 0x0000020ab126e800,
0x0000020ab126f800, 0x0000020ab1413000
}

Java Threads: ( => current thread )
  0x0000020a8dead800 JavaThread "main" [_thread_in_native, id=22256, stack(0x000000de55700000,0x000000de55800000)]
  0x0000020ab09c2000 JavaThread "Reference Handler" daemon [_thread_blocked, id=25468, stack(0x000000de55e00000,0x000000de55f00000)]
  0x0000020ab09c4000 JavaThread "Finalizer" daemon [_thread_blocked, id=7424, stack(0x000000de55f00000,0x000000de56000000)]
  0x0000020ab12b8800 JavaThread "Signal Dispatcher" daemon [_thread_blocked, id=17248, stack(0x000000de56000000,0x000000de56100000)]
  0x0000020ab12b9800 JavaThread "Attach Listener" daemon [_thread_blocked, id=31388, stack(0x000000de56100000,0x000000de56200000)]
  0x0000020ab12be000 JavaThread "Service Thread" daemon [_thread_blocked, id=18848, stack(0x000000de56200000,0x000000de56300000)]
=>0x0000020ab126a800 JavaThread "C2 CompilerThread0" daemon [_thread_in_native, id=9664, stack(0x000000de56300000,0x000000de56400000)]
  0x0000020ab126e800 JavaThread "C1 CompilerThread0" daemon [_thread_blocked, id=20660, stack(0x000000de56400000,0x000000de56500000)]
  0x0000020ab126f800 JavaThread "Sweeper thread" daemon [_thread_blocked, id=13184, stack(0x000000de56500000,0x000000de56600000)]
  0x0000020ab1413000 JavaThread "Common-Cleaner" daemon [_thread_blocked, id=28760, stack(0x000000de56700000,0x000000de56800000)]

Other Threads:
  0x0000020ab099c800 VMThread "VM Thread" [stack: 0x000000de55d00000,0x000000de55e00000] [id=14328]
  0x0000020ab13d5800 WatcherThread [stack: 0x000000de56600000,0x000000de56700000] [id=21456]
  0x0000020a8dec1800 GCTaskThread "GC Thread#0" [stack: 0x000000de55800000,0x000000de55900000] [id=8004]
  0x0000020ab211f000 GCTaskThread "GC Thread#1" [stack: 0x000000de56a00000,0x000000de56b00000] [id=31076]
  0x0000020ab2120000 GCTaskThread "GC Thread#2" [stack: 0x000000de56b00000,0x000000de56c00000] [id=29520]
  0x0000020ab182a800 GCTaskThread "GC Thread#3" [stack: 0x000000de56c00000,0x000000de56d00000] [id=13828]
  0x0000020ab182b000 GCTaskThread "GC Thread#4" [stack: 0x000000de56d00000,0x000000de56e00000] [id=3240]
  0x0000020ab260d800 GCTaskThread "GC Thread#5" [stack: 0x000000de56e00000,0x000000de56f00000] [id=18864]
  0x0000020a8df1e800 ConcurrentGCThread "G1 Main Marker" [stack: 0x000000de55900000,0x000000de55a00000] [id=28508]
  0x0000020a8df21000 ConcurrentGCThread "G1 Conc#0" [stack: 0x000000de55a00000,0x000000de55b00000] [id=1556]
  0x0000020ab218c000 ConcurrentGCThread "G1 Conc#1" [stack: 0x000000de55400000,0x000000de55500000] [id=20580]
  0x0000020ab0881000 ConcurrentGCThread "G1 Refine#0" [stack: 0x000000de55b00000,0x000000de55c00000] [id=18628]
  0x0000020ab0882000 ConcurrentGCThread "G1 Young RemSet Sampling" [stack: 0x000000de55c00000,0x000000de55d00000] [id=30708]

Threads with active compile tasks:
C2 CompilerThread0  75778 3397   !   4       sun.nio.cs.StreamDecoder::read (196 bytes)

VM state:not at safepoint (normal execution)

VM Mutex/Monitor currently owned by a thread: None

Heap address: 0x0000000703600000, size: 4042 MB, Compressed Oops mode: Zero based, Oop shift amount: 3
Narrow klass base: 0x0000000800000000, Narrow klass shift: 0
Compressed class space size: 1073741824 Address: 0x0000000800000000

Heap:
 garbage-first heap   total 260096K, used 12388K [0x0000000703600000, 0x0000000800000000)
  region size 1024K, 13 young (13312K), 10 survivors (10240K)
 Metaspace       used 21022K, capacity 21394K, committed 21632K, reserved 1069056K
  class space    used 2205K, capacity 2351K, committed 2432K, reserved 1048576K
Heap Regions: E=young(eden), S=young(survivor), O=old, HS=humongous(starts), HC=humongous(continues), CS=collection set, F=free, A=archive, TAMS=top-at-mark-start (previous, next)
|   0|0x0000000703600000, 0x0000000703663a00, 0x0000000703700000| 38%| O|  |TAMS 0x0000000703663a00, 0x0000000703600000| Untracked 
|   1|0x0000000703700000, 0x0000000703700000, 0x0000000703800000|  0%| F|  |TAMS 0x0000000703700000, 0x0000000703700000| Untracked 
|   2|0x0000000703800000, 0x0000000703800000, 0x0000000703900000|  0%| F|  |TAMS 0x0000000703800000, 0x0000000703800000| Untracked 
|   3|0x0000000703900000, 0x0000000703900000, 0x0000000703a00000|  0%| F|  |TAMS 0x0000000703900000, 0x0000000703900000| Untracked 
|   4|0x0000000703a00000, 0x0000000703a00000, 0x0000000703b00000|  0%| F|  |TAMS 0x0000000703a00000, 0x0000000703a00000| Untracked 
|   5|0x0000000703b00000, 0x0000000703b00000, 0x0000000703c00000|  0%| F|  |TAMS 0x0000000703b00000, 0x0000000703b00000| Untracked 
|   6|0x0000000703c00000, 0x0000000703c00000, 0x0000000703d00000|  0%| F|  |TAMS 0x0000000703c00000, 0x0000000703c00000| Untracked 
|   7|0x0000000703d00000, 0x0000000703d00000, 0x0000000703e00000|  0%| F|  |TAMS 0x0000000703d00000, 0x0000000703d00000| Untracked 
|   8|0x0000000703e00000, 0x0000000703e00000, 0x0000000703f00000|  0%| F|  |TAMS 0x0000000703e00000, 0x0000000703e00000| Untracked 
|   9|0x0000000703f00000, 0x0000000703f00000, 0x0000000704000000|  0%| F|  |TAMS 0x0000000703f00000, 0x0000000703f00000| Untracked 
|  10|0x0000000704000000, 0x0000000704000000, 0x0000000704100000|  0%| F|  |TAMS 0x0000000704000000, 0x0000000704000000| Untracked 
|  11|0x0000000704100000, 0x0000000704100000, 0x0000000704200000|  0%| F|  |TAMS 0x0000000704100000, 0x0000000704100000| Untracked 
|  12|0x0000000704200000, 0x0000000704200000, 0x0000000704300000|  0%| F|  |TAMS 0x0000000704200000, 0x0000000704200000| Untracked 
|  13|0x0000000704300000, 0x0000000704300000, 0x0000000704400000|  0%| F|  |TAMS 0x0000000704300000, 0x0000000704300000| Untracked 
|  14|0x0000000704400000, 0x0000000704400000, 0x0000000704500000|  0%| F|  |TAMS 0x0000000704400000, 0x0000000704400000| Untracked 
|  15|0x0000000704500000, 0x0000000704500000, 0x0000000704600000|  0%| F|  |TAMS 0x0000000704500000, 0x0000000704500000| Untracked 
|  16|0x0000000704600000, 0x0000000704600000, 0x0000000704700000|  0%| F|  |TAMS 0x0000000704600000, 0x0000000704600000| Untracked 
|  17|0x0000000704700000, 0x0000000704700000, 0x0000000704800000|  0%| F|  |TAMS 0x0000000704700000, 0x0000000704700000| Untracked 
|  18|0x0000000704800000, 0x0000000704800000, 0x0000000704900000|  0%| F|  |TAMS 0x0000000704800000, 0x0000000704800000| Untracked 
|  19|0x0000000704900000, 0x0000000704900000, 0x0000000704a00000|  0%| F|  |TAMS 0x0000000704900000, 0x0000000704900000| Untracked 
|  20|0x0000000704a00000, 0x0000000704a00000, 0x0000000704b00000|  0%| F|  |TAMS 0x0000000704a00000, 0x0000000704a00000| Untracked 
|  21|0x0000000704b00000, 0x0000000704b00000, 0x0000000704c00000|  0%| F|  |TAMS 0x0000000704b00000, 0x0000000704b00000| Untracked 
|  22|0x0000000704c00000, 0x0000000704c00000, 0x0000000704d00000|  0%| F|  |TAMS 0x0000000704c00000, 0x0000000704c00000| Untracked 
|  23|0x0000000704d00000, 0x0000000704d00000, 0x0000000704e00000|  0%| F|  |TAMS 0x0000000704d00000, 0x0000000704d00000| Untracked 
|  24|0x0000000704e00000, 0x0000000704e00000, 0x0000000704f00000|  0%| F|  |TAMS 0x0000000704e00000, 0x0000000704e00000| Untracked 
|  25|0x0000000704f00000, 0x0000000704f00000, 0x0000000705000000|  0%| F|  |TAMS 0x0000000704f00000, 0x0000000704f00000| Untracked 
|  26|0x0000000705000000, 0x0000000705000000, 0x0000000705100000|  0%| F|  |TAMS 0x0000000705000000, 0x0000000705000000| Untracked 
|  27|0x0000000705100000, 0x0000000705100000, 0x0000000705200000|  0%| F|  |TAMS 0x0000000705100000, 0x0000000705100000| Untracked 
|  28|0x0000000705200000, 0x0000000705200000, 0x0000000705300000|  0%| F|  |TAMS 0x0000000705200000, 0x0000000705200000| Untracked 
|  29|0x0000000705300000, 0x0000000705300000, 0x0000000705400000|  0%| F|  |TAMS 0x0000000705300000, 0x0000000705300000| Untracked 
|  30|0x0000000705400000, 0x0000000705400000, 0x0000000705500000|  0%| F|  |TAMS 0x0000000705400000, 0x0000000705400000| Untracked 
|  31|0x0000000705500000, 0x0000000705500000, 0x0000000705600000|  0%| F|  |TAMS 0x0000000705500000, 0x0000000705500000| Untracked 
|  32|0x0000000705600000, 0x0000000705600000, 0x0000000705700000|  0%| F|  |TAMS 0x0000000705600000, 0x0000000705600000| Untracked 
|  33|0x0000000705700000, 0x0000000705700000, 0x0000000705800000|  0%| F|  |TAMS 0x0000000705700000, 0x0000000705700000| Untracked 
|  34|0x0000000705800000, 0x0000000705800000, 0x0000000705900000|  0%| F|  |TAMS 0x0000000705800000, 0x0000000705800000| Untracked 
|  35|0x0000000705900000, 0x0000000705900000, 0x0000000705a00000|  0%| F|  |TAMS 0x0000000705900000, 0x0000000705900000| Untracked 
|  36|0x0000000705a00000, 0x0000000705a00000, 0x0000000705b00000|  0%| F|  |TAMS 0x0000000705a00000, 0x0000000705a00000| Untracked 
|  37|0x0000000705b00000, 0x0000000705b00000, 0x0000000705c00000|  0%| F|  |TAMS 0x0000000705b00000, 0x0000000705b00000| Untracked 
|  38|0x0000000705c00000, 0x0000000705c00000, 0x0000000705d00000|  0%| F|  |TAMS 0x0000000705c00000, 0x0000000705c00000| Untracked 
|  39|0x0000000705d00000, 0x0000000705d00000, 0x0000000705e00000|  0%| F|  |TAMS 0x0000000705d00000, 0x0000000705d00000| Untracked 
|  40|0x0000000705e00000, 0x0000000705e00000, 0x0000000705f00000|  0%| F|  |TAMS 0x0000000705e00000, 0x0000000705e00000| Untracked 
|  41|0x0000000705f00000, 0x0000000705f00000, 0x0000000706000000|  0%| F|  |TAMS 0x0000000705f00000, 0x0000000705f00000| Untracked 
|  42|0x0000000706000000, 0x0000000706000000, 0x0000000706100000|  0%| F|  |TAMS 0x0000000706000000, 0x0000000706000000| Untracked 
|  43|0x0000000706100000, 0x0000000706100000, 0x0000000706200000|  0%| F|  |TAMS 0x0000000706100000, 0x0000000706100000| Untracked 
|  44|0x0000000706200000, 0x0000000706200000, 0x0000000706300000|  0%| F|  |TAMS 0x0000000706200000, 0x0000000706200000| Untracked 
|  45|0x0000000706300000, 0x0000000706300000, 0x0000000706400000|  0%| F|  |TAMS 0x0000000706300000, 0x0000000706300000| Untracked 
|  46|0x0000000706400000, 0x0000000706400000, 0x0000000706500000|  0%| F|  |TAMS 0x0000000706400000, 0x0000000706400000| Untracked 
|  47|0x0000000706500000, 0x0000000706500000, 0x0000000706600000|  0%| F|  |TAMS 0x0000000706500000, 0x0000000706500000| Untracked 
|  48|0x0000000706600000, 0x0000000706600000, 0x0000000706700000|  0%| F|  |TAMS 0x0000000706600000, 0x0000000706600000| Untracked 
|  49|0x0000000706700000, 0x0000000706700000, 0x0000000706800000|  0%| F|  |TAMS 0x0000000706700000, 0x0000000706700000| Untracked 
|  50|0x0000000706800000, 0x0000000706800000, 0x0000000706900000|  0%| F|  |TAMS 0x0000000706800000, 0x0000000706800000| Untracked 
|  51|0x0000000706900000, 0x0000000706900000, 0x0000000706a00000|  0%| F|  |TAMS 0x0000000706900000, 0x0000000706900000| Untracked 
|  52|0x0000000706a00000, 0x0000000706a00000, 0x0000000706b00000|  0%| F|  |TAMS 0x0000000706a00000, 0x0000000706a00000| Untracked 
|  53|0x0000000706b00000, 0x0000000706b00000, 0x0000000706c00000|  0%| F|  |TAMS 0x0000000706b00000, 0x0000000706b00000| Untracked 
|  54|0x0000000706c00000, 0x0000000706c00000, 0x0000000706d00000|  0%| F|  |TAMS 0x0000000706c00000, 0x0000000706c00000| Untracked 
|  55|0x0000000706d00000, 0x0000000706d00000, 0x0000000706e00000|  0%| F|  |TAMS 0x0000000706d00000, 0x0000000706d00000| Untracked 
|  56|0x0000000706e00000, 0x0000000706e00000, 0x0000000706f00000|  0%| F|  |TAMS 0x0000000706e00000, 0x0000000706e00000| Untracked 
|  57|0x0000000706f00000, 0x0000000706f00000, 0x0000000707000000|  0%| F|  |TAMS 0x0000000706f00000, 0x0000000706f00000| Untracked 
|  58|0x0000000707000000, 0x0000000707000000, 0x0000000707100000|  0%| F|  |TAMS 0x0000000707000000, 0x0000000707000000| Untracked 
|  59|0x0000000707100000, 0x0000000707100000, 0x0000000707200000|  0%| F|  |TAMS 0x0000000707100000, 0x0000000707100000| Untracked 
|  60|0x0000000707200000, 0x0000000707200000, 0x0000000707300000|  0%| F|  |TAMS 0x0000000707200000, 0x0000000707200000| Untracked 
|  61|0x0000000707300000, 0x0000000707300000, 0x0000000707400000|  0%| F|  |TAMS 0x0000000707300000, 0x0000000707300000| Untracked 
|  62|0x0000000707400000, 0x0000000707400000, 0x0000000707500000|  0%| F|  |TAMS 0x0000000707400000, 0x0000000707400000| Untracked 
|  63|0x0000000707500000, 0x0000000707500000, 0x0000000707600000|  0%| F|  |TAMS 0x0000000707500000, 0x0000000707500000| Untracked 
|  64|0x0000000707600000, 0x0000000707600000, 0x0000000707700000|  0%| F|  |TAMS 0x0000000707600000, 0x0000000707600000| Untracked 
|  65|0x0000000707700000, 0x0000000707700000, 0x0000000707800000|  0%| F|  |TAMS 0x0000000707700000, 0x0000000707700000| Untracked 
|  66|0x0000000707800000, 0x0000000707800000, 0x0000000707900000|  0%| F|  |TAMS 0x0000000707800000, 0x0000000707800000| Untracked 
|  67|0x0000000707900000, 0x0000000707900000, 0x0000000707a00000|  0%| F|  |TAMS 0x0000000707900000, 0x0000000707900000| Untracked 
|  68|0x0000000707a00000, 0x0000000707a00000, 0x0000000707b00000|  0%| F|  |TAMS 0x0000000707a00000, 0x0000000707a00000| Untracked 
|  69|0x0000000707b00000, 0x0000000707b00000, 0x0000000707c00000|  0%| F|  |TAMS 0x0000000707b00000, 0x0000000707b00000| Untracked 
|  70|0x0000000707c00000, 0x0000000707c00000, 0x0000000707d00000|  0%| F|  |TAMS 0x0000000707c00000, 0x0000000707c00000| Untracked 
|  71|0x0000000707d00000, 0x0000000707d00000, 0x0000000707e00000|  0%| F|  |TAMS 0x0000000707d00000, 0x0000000707d00000| Untracked 
|  72|0x0000000707e00000, 0x0000000707e00000, 0x0000000707f00000|  0%| F|  |TAMS 0x0000000707e00000, 0x0000000707e00000| Untracked 
|  73|0x0000000707f00000, 0x0000000707f00000, 0x0000000708000000|  0%| F|  |TAMS 0x0000000707f00000, 0x0000000707f00000| Untracked 
|  74|0x0000000708000000, 0x0000000708000000, 0x0000000708100000|  0%| F|  |TAMS 0x0000000708000000, 0x0000000708000000| Untracked 
|  75|0x0000000708100000, 0x0000000708100000, 0x0000000708200000|  0%| F|  |TAMS 0x0000000708100000, 0x0000000708100000| Untracked 
|  76|0x0000000708200000, 0x0000000708200000, 0x0000000708300000|  0%| F|  |TAMS 0x0000000708200000, 0x0000000708200000| Untracked 
|  77|0x0000000708300000, 0x0000000708300000, 0x0000000708400000|  0%| F|  |TAMS 0x0000000708300000, 0x0000000708300000| Untracked 
|  78|0x0000000708400000, 0x0000000708400000, 0x0000000708500000|  0%| F|  |TAMS 0x0000000708400000, 0x0000000708400000| Untracked 
|  79|0x0000000708500000, 0x0000000708500000, 0x0000000708600000|  0%| F|  |TAMS 0x0000000708500000, 0x0000000708500000| Untracked 
|  80|0x0000000708600000, 0x0000000708600000, 0x0000000708700000|  0%| F|  |TAMS 0x0000000708600000, 0x0000000708600000| Untracked 
|  81|0x0000000708700000, 0x0000000708700000, 0x0000000708800000|  0%| F|  |TAMS 0x0000000708700000, 0x0000000708700000| Untracked 
|  82|0x0000000708800000, 0x0000000708800000, 0x0000000708900000|  0%| F|  |TAMS 0x0000000708800000, 0x0000000708800000| Untracked 
|  83|0x0000000708900000, 0x0000000708900000, 0x0000000708a00000|  0%| F|  |TAMS 0x0000000708900000, 0x0000000708900000| Untracked 
|  84|0x0000000708a00000, 0x0000000708a00000, 0x0000000708b00000|  0%| F|  |TAMS 0x0000000708a00000, 0x0000000708a00000| Untracked 
|  85|0x0000000708b00000, 0x0000000708b00000, 0x0000000708c00000|  0%| F|  |TAMS 0x0000000708b00000, 0x0000000708b00000| Untracked 
|  86|0x0000000708c00000, 0x0000000708c00000, 0x0000000708d00000|  0%| F|  |TAMS 0x0000000708c00000, 0x0000000708c00000| Untracked 
|  87|0x0000000708d00000, 0x0000000708d00000, 0x0000000708e00000|  0%| F|  |TAMS 0x0000000708d00000, 0x0000000708d00000| Untracked 
|  88|0x0000000708e00000, 0x0000000708e00000, 0x0000000708f00000|  0%| F|  |TAMS 0x0000000708e00000, 0x0000000708e00000| Untracked 
|  89|0x0000000708f00000, 0x0000000708f00000, 0x0000000709000000|  0%| F|  |TAMS 0x0000000708f00000, 0x0000000708f00000| Untracked 
|  90|0x0000000709000000, 0x0000000709000000, 0x0000000709100000|  0%| F|  |TAMS 0x0000000709000000, 0x0000000709000000| Untracked 
|  91|0x0000000709100000, 0x0000000709100000, 0x0000000709200000|  0%| F|  |TAMS 0x0000000709100000, 0x0000000709100000| Untracked 
|  92|0x0000000709200000, 0x0000000709200000, 0x0000000709300000|  0%| F|  |TAMS 0x0000000709200000, 0x0000000709200000| Untracked 
|  93|0x0000000709300000, 0x0000000709300000, 0x0000000709400000|  0%| F|  |TAMS 0x0000000709300000, 0x0000000709300000| Untracked 
|  94|0x0000000709400000, 0x0000000709400000, 0x0000000709500000|  0%| F|  |TAMS 0x0000000709400000, 0x0000000709400000| Untracked 
|  95|0x0000000709500000, 0x0000000709500000, 0x0000000709600000|  0%| F|  |TAMS 0x0000000709500000, 0x0000000709500000| Untracked 
|  96|0x0000000709600000, 0x0000000709600000, 0x0000000709700000|  0%| F|  |TAMS 0x0000000709600000, 0x0000000709600000| Untracked 
|  97|0x0000000709700000, 0x0000000709700000, 0x0000000709800000|  0%| F|  |TAMS 0x0000000709700000, 0x0000000709700000| Untracked 
|  98|0x0000000709800000, 0x0000000709800000, 0x0000000709900000|  0%| F|  |TAMS 0x0000000709800000, 0x0000000709800000| Untracked 
|  99|0x0000000709900000, 0x0000000709900000, 0x0000000709a00000|  0%| F|  |TAMS 0x0000000709900000, 0x0000000709900000| Untracked 
| 100|0x0000000709a00000, 0x0000000709a00000, 0x0000000709b00000|  0%| F|  |TAMS 0x0000000709a00000, 0x0000000709a00000| Untracked 
| 101|0x0000000709b00000, 0x0000000709b00000, 0x0000000709c00000|  0%| F|  |TAMS 0x0000000709b00000, 0x0000000709b00000| Untracked 
| 102|0x0000000709c00000, 0x0000000709c00000, 0x0000000709d00000|  0%| F|  |TAMS 0x0000000709c00000, 0x0000000709c00000| Untracked 
| 103|0x0000000709d00000, 0x0000000709d00000, 0x0000000709e00000|  0%| F|  |TAMS 0x0000000709d00000, 0x0000000709d00000| Untracked 
| 104|0x0000000709e00000, 0x0000000709e00000, 0x0000000709f00000|  0%| F|  |TAMS 0x0000000709e00000, 0x0000000709e00000| Untracked 
| 105|0x0000000709f00000, 0x0000000709f00000, 0x000000070a000000|  0%| F|  |TAMS 0x0000000709f00000, 0x0000000709f00000| Untracked 
| 106|0x000000070a000000, 0x000000070a000000, 0x000000070a100000|  0%| F|  |TAMS 0x000000070a000000, 0x000000070a000000| Untracked 
| 107|0x000000070a100000, 0x000000070a100000, 0x000000070a200000|  0%| F|  |TAMS 0x000000070a100000, 0x000000070a100000| Untracked 
| 108|0x000000070a200000, 0x000000070a200000, 0x000000070a300000|  0%| F|  |TAMS 0x000000070a200000, 0x000000070a200000| Untracked 
| 109|0x000000070a300000, 0x000000070a300000, 0x000000070a400000|  0%| F|  |TAMS 0x000000070a300000, 0x000000070a300000| Untracked 
| 110|0x000000070a400000, 0x000000070a400000, 0x000000070a500000|  0%| F|  |TAMS 0x000000070a400000, 0x000000070a400000| Untracked 
| 111|0x000000070a500000, 0x000000070a500000, 0x000000070a600000|  0%| F|  |TAMS 0x000000070a500000, 0x000000070a500000| Untracked 
| 112|0x000000070a600000, 0x000000070a600000, 0x000000070a700000|  0%| F|  |TAMS 0x000000070a600000, 0x000000070a600000| Untracked 
| 113|0x000000070a700000, 0x000000070a700000, 0x000000070a800000|  0%| F|  |TAMS 0x000000070a700000, 0x000000070a700000| Untracked 
| 114|0x000000070a800000, 0x000000070a800000, 0x000000070a900000|  0%| F|  |TAMS 0x000000070a800000, 0x000000070a800000| Untracked 
| 115|0x000000070a900000, 0x000000070a900000, 0x000000070aa00000|  0%| F|  |TAMS 0x000000070a900000, 0x000000070a900000| Untracked 
| 116|0x000000070aa00000, 0x000000070aa00000, 0x000000070ab00000|  0%| F|  |TAMS 0x000000070aa00000, 0x000000070aa00000| Untracked 
| 117|0x000000070ab00000, 0x000000070ab00000, 0x000000070ac00000|  0%| F|  |TAMS 0x000000070ab00000, 0x000000070ab00000| Untracked 
| 118|0x000000070ac00000, 0x000000070ac00000, 0x000000070ad00000|  0%| F|  |TAMS 0x000000070ac00000, 0x000000070ac00000| Untracked 
| 119|0x000000070ad00000, 0x000000070ad00000, 0x000000070ae00000|  0%| F|  |TAMS 0x000000070ad00000, 0x000000070ad00000| Untracked 
| 120|0x000000070ae00000, 0x000000070ae00000, 0x000000070af00000|  0%| F|  |TAMS 0x000000070ae00000, 0x000000070ae00000| Untracked 
| 121|0x000000070af00000, 0x000000070af00000, 0x000000070b000000|  0%| F|  |TAMS 0x000000070af00000, 0x000000070af00000| Untracked 
| 122|0x000000070b000000, 0x000000070b000000, 0x000000070b100000|  0%| F|  |TAMS 0x000000070b000000, 0x000000070b000000| Untracked 
| 123|0x000000070b100000, 0x000000070b100000, 0x000000070b200000|  0%| F|  |TAMS 0x000000070b100000, 0x000000070b100000| Untracked 
| 124|0x000000070b200000, 0x000000070b200000, 0x000000070b300000|  0%| F|  |TAMS 0x000000070b200000, 0x000000070b200000| Untracked 
| 125|0x000000070b300000, 0x000000070b300000, 0x000000070b400000|  0%| F|  |TAMS 0x000000070b300000, 0x000000070b300000| Untracked 
| 126|0x000000070b400000, 0x000000070b400000, 0x000000070b500000|  0%| F|  |TAMS 0x000000070b400000, 0x000000070b400000| Untracked 
| 127|0x000000070b500000, 0x000000070b500000, 0x000000070b600000|  0%| F|  |TAMS 0x000000070b500000, 0x000000070b500000| Untracked 
| 128|0x000000070b600000, 0x000000070b600000, 0x000000070b700000|  0%| F|  |TAMS 0x000000070b600000, 0x000000070b600000| Untracked 
| 129|0x000000070b700000, 0x000000070b700000, 0x000000070b800000|  0%| F|  |TAMS 0x000000070b700000, 0x000000070b700000| Untracked 
| 130|0x000000070b800000, 0x000000070b800000, 0x000000070b900000|  0%| F|  |TAMS 0x000000070b800000, 0x000000070b800000| Untracked 
| 131|0x000000070b900000, 0x000000070b900000, 0x000000070ba00000|  0%| F|  |TAMS 0x000000070b900000, 0x000000070b900000| Untracked 
| 132|0x000000070ba00000, 0x000000070ba00000, 0x000000070bb00000|  0%| F|  |TAMS 0x000000070ba00000, 0x000000070ba00000| Untracked 
| 133|0x000000070bb00000, 0x000000070bb00000, 0x000000070bc00000|  0%| F|  |TAMS 0x000000070bb00000, 0x000000070bb00000| Untracked 
| 134|0x000000070bc00000, 0x000000070bc00000, 0x000000070bd00000|  0%| F|  |TAMS 0x000000070bc00000, 0x000000070bc00000| Untracked 
| 135|0x000000070bd00000, 0x000000070bd00000, 0x000000070be00000|  0%| F|  |TAMS 0x000000070bd00000, 0x000000070bd00000| Untracked 
| 136|0x000000070be00000, 0x000000070be00000, 0x000000070bf00000|  0%| F|  |TAMS 0x000000070be00000, 0x000000070be00000| Untracked 
| 137|0x000000070bf00000, 0x000000070bf00000, 0x000000070c000000|  0%| F|  |TAMS 0x000000070bf00000, 0x000000070bf00000| Untracked 
| 138|0x000000070c000000, 0x000000070c000000, 0x000000070c100000|  0%| F|  |TAMS 0x000000070c000000, 0x000000070c000000| Untracked 
| 139|0x000000070c100000, 0x000000070c100000, 0x000000070c200000|  0%| F|  |TAMS 0x000000070c100000, 0x000000070c100000| Untracked 
| 140|0x000000070c200000, 0x000000070c200000, 0x000000070c300000|  0%| F|  |TAMS 0x000000070c200000, 0x000000070c200000| Untracked 
| 141|0x000000070c300000, 0x000000070c300000, 0x000000070c400000|  0%| F|  |TAMS 0x000000070c300000, 0x000000070c300000| Untracked 
| 142|0x000000070c400000, 0x000000070c400000, 0x000000070c500000|  0%| F|  |TAMS 0x000000070c400000, 0x000000070c400000| Untracked 
| 143|0x000000070c500000, 0x000000070c500000, 0x000000070c600000|  0%| F|  |TAMS 0x000000070c500000, 0x000000070c500000| Untracked 
| 144|0x000000070c600000, 0x000000070c6b5648, 0x000000070c700000| 70%| S|CS|TAMS 0x000000070c600000, 0x000000070c600000| Complete 
| 145|0x000000070c700000, 0x000000070c800000, 0x000000070c800000|100%| S|CS|TAMS 0x000000070c700000, 0x000000070c700000| Complete 
| 146|0x000000070c800000, 0x000000070c900000, 0x000000070c900000|100%| S|CS|TAMS 0x000000070c800000, 0x000000070c800000| Complete 
| 147|0x000000070c900000, 0x000000070ca00000, 0x000000070ca00000|100%| S|CS|TAMS 0x000000070c900000, 0x000000070c900000| Complete 
| 148|0x000000070ca00000, 0x000000070cb00000, 0x000000070cb00000|100%| S|CS|TAMS 0x000000070ca00000, 0x000000070ca00000| Complete 
| 149|0x000000070cb00000, 0x000000070cc00000, 0x000000070cc00000|100%| S|CS|TAMS 0x000000070cb00000, 0x000000070cb00000| Complete 
| 150|0x000000070cc00000, 0x000000070cd00000, 0x000000070cd00000|100%| S|CS|TAMS 0x000000070cc00000, 0x000000070cc00000| Complete 
| 151|0x000000070cd00000, 0x000000070ce00000, 0x000000070ce00000|100%| S|CS|TAMS 0x000000070cd00000, 0x000000070cd00000| Complete 
| 152|0x000000070ce00000, 0x000000070cf00000, 0x000000070cf00000|100%| S|CS|TAMS 0x000000070ce00000, 0x000000070ce00000| Complete 
| 153|0x000000070cf00000, 0x000000070d000000, 0x000000070d000000|100%| S|CS|TAMS 0x000000070cf00000, 0x000000070cf00000| Complete 
| 154|0x000000070d000000, 0x000000070d000000, 0x000000070d100000|  0%| F|  |TAMS 0x000000070d000000, 0x000000070d000000| Untracked 
| 155|0x000000070d100000, 0x000000070d100000, 0x000000070d200000|  0%| F|  |TAMS 0x000000070d100000, 0x000000070d100000| Untracked 
| 156|0x000000070d200000, 0x000000070d200000, 0x000000070d300000|  0%| F|  |TAMS 0x000000070d200000, 0x000000070d200000| Untracked 
| 157|0x000000070d300000, 0x000000070d300000, 0x000000070d400000|  0%| F|  |TAMS 0x000000070d300000, 0x000000070d300000| Untracked 
| 158|0x000000070d400000, 0x000000070d400000, 0x000000070d500000|  0%| F|  |TAMS 0x000000070d400000, 0x000000070d400000| Untracked 
| 159|0x000000070d500000, 0x000000070d500000, 0x000000070d600000|  0%| F|  |TAMS 0x000000070d500000, 0x000000070d500000| Untracked 
| 160|0x000000070d600000, 0x000000070d600000, 0x000000070d700000|  0%| F|  |TAMS 0x000000070d600000, 0x000000070d600000| Untracked 
| 161|0x000000070d700000, 0x000000070d700000, 0x000000070d800000|  0%| F|  |TAMS 0x000000070d700000, 0x000000070d700000| Untracked 
| 162|0x000000070d800000, 0x000000070d800000, 0x000000070d900000|  0%| F|  |TAMS 0x000000070d800000, 0x000000070d800000| Untracked 
| 163|0x000000070d900000, 0x000000070d900000, 0x000000070da00000|  0%| F|  |TAMS 0x000000070d900000, 0x000000070d900000| Untracked 
| 164|0x000000070da00000, 0x000000070da00000, 0x000000070db00000|  0%| F|  |TAMS 0x000000070da00000, 0x000000070da00000| Untracked 
| 165|0x000000070db00000, 0x000000070db00000, 0x000000070dc00000|  0%| F|  |TAMS 0x000000070db00000, 0x000000070db00000| Untracked 
| 166|0x000000070dc00000, 0x000000070dc00000, 0x000000070dd00000|  0%| F|  |TAMS 0x000000070dc00000, 0x000000070dc00000| Untracked 
| 167|0x000000070dd00000, 0x000000070dd00000, 0x000000070de00000|  0%| F|  |TAMS 0x000000070dd00000, 0x000000070dd00000| Untracked 
| 168|0x000000070de00000, 0x000000070de00000, 0x000000070df00000|  0%| F|  |TAMS 0x000000070de00000, 0x000000070de00000| Untracked 
| 169|0x000000070df00000, 0x000000070df00000, 0x000000070e000000|  0%| F|  |TAMS 0x000000070df00000, 0x000000070df00000| Untracked 
| 170|0x000000070e000000, 0x000000070e000000, 0x000000070e100000|  0%| F|  |TAMS 0x000000070e000000, 0x000000070e000000| Untracked 
| 171|0x000000070e100000, 0x000000070e100000, 0x000000070e200000|  0%| F|  |TAMS 0x000000070e100000, 0x000000070e100000| Untracked 
| 172|0x000000070e200000, 0x000000070e200000, 0x000000070e300000|  0%| F|  |TAMS 0x000000070e200000, 0x000000070e200000| Untracked 
| 173|0x000000070e300000, 0x000000070e300000, 0x000000070e400000|  0%| F|  |TAMS 0x000000070e300000, 0x000000070e300000| Untracked 
| 174|0x000000070e400000, 0x000000070e400000, 0x000000070e500000|  0%| F|  |TAMS 0x000000070e400000, 0x000000070e400000| Untracked 
| 175|0x000000070e500000, 0x000000070e500000, 0x000000070e600000|  0%| F|  |TAMS 0x000000070e500000, 0x000000070e500000| Untracked 
| 176|0x000000070e600000, 0x000000070e600000, 0x000000070e700000|  0%| F|  |TAMS 0x000000070e600000, 0x000000070e600000| Untracked 
| 177|0x000000070e700000, 0x000000070e700000, 0x000000070e800000|  0%| F|  |TAMS 0x000000070e700000, 0x000000070e700000| Untracked 
| 178|0x000000070e800000, 0x000000070e800000, 0x000000070e900000|  0%| F|  |TAMS 0x000000070e800000, 0x000000070e800000| Untracked 
| 179|0x000000070e900000, 0x000000070e900000, 0x000000070ea00000|  0%| F|  |TAMS 0x000000070e900000, 0x000000070e900000| Untracked 
| 180|0x000000070ea00000, 0x000000070ea00000, 0x000000070eb00000|  0%| F|  |TAMS 0x000000070ea00000, 0x000000070ea00000| Untracked 
| 181|0x000000070eb00000, 0x000000070eb00000, 0x000000070ec00000|  0%| F|  |TAMS 0x000000070eb00000, 0x000000070eb00000| Untracked 
| 182|0x000000070ec00000, 0x000000070ec00000, 0x000000070ed00000|  0%| F|  |TAMS 0x000000070ec00000, 0x000000070ec00000| Untracked 
| 183|0x000000070ed00000, 0x000000070ed00000, 0x000000070ee00000|  0%| F|  |TAMS 0x000000070ed00000, 0x000000070ed00000| Untracked 
| 184|0x000000070ee00000, 0x000000070ee00000, 0x000000070ef00000|  0%| F|  |TAMS 0x000000070ee00000, 0x000000070ee00000| Untracked 
| 185|0x000000070ef00000, 0x000000070ef00000, 0x000000070f000000|  0%| F|  |TAMS 0x000000070ef00000, 0x000000070ef00000| Untracked 
| 186|0x000000070f000000, 0x000000070f000000, 0x000000070f100000|  0%| F|  |TAMS 0x000000070f000000, 0x000000070f000000| Untracked 
| 187|0x000000070f100000, 0x000000070f100000, 0x000000070f200000|  0%| F|  |TAMS 0x000000070f100000, 0x000000070f100000| Untracked 
| 188|0x000000070f200000, 0x000000070f200000, 0x000000070f300000|  0%| F|  |TAMS 0x000000070f200000, 0x000000070f200000| Untracked 
| 189|0x000000070f300000, 0x000000070f300000, 0x000000070f400000|  0%| F|  |TAMS 0x000000070f300000, 0x000000070f300000| Untracked 
| 190|0x000000070f400000, 0x000000070f400000, 0x000000070f500000|  0%| F|  |TAMS 0x000000070f400000, 0x000000070f400000| Untracked 
| 191|0x000000070f500000, 0x000000070f500000, 0x000000070f600000|  0%| F|  |TAMS 0x000000070f500000, 0x000000070f500000| Untracked 
| 192|0x000000070f600000, 0x000000070f600000, 0x000000070f700000|  0%| F|  |TAMS 0x000000070f600000, 0x000000070f600000| Untracked 
| 193|0x000000070f700000, 0x000000070f700000, 0x000000070f800000|  0%| F|  |TAMS 0x000000070f700000, 0x000000070f700000| Untracked 
| 194|0x000000070f800000, 0x000000070f800000, 0x000000070f900000|  0%| F|  |TAMS 0x000000070f800000, 0x000000070f800000| Untracked 
| 195|0x000000070f900000, 0x000000070f900000, 0x000000070fa00000|  0%| F|  |TAMS 0x000000070f900000, 0x000000070f900000| Untracked 
| 196|0x000000070fa00000, 0x000000070fa00000, 0x000000070fb00000|  0%| F|  |TAMS 0x000000070fa00000, 0x000000070fa00000| Untracked 
| 197|0x000000070fb00000, 0x000000070fb00000, 0x000000070fc00000|  0%| F|  |TAMS 0x000000070fb00000, 0x000000070fb00000| Untracked 
| 198|0x000000070fc00000, 0x000000070fc00000, 0x000000070fd00000|  0%| F|  |TAMS 0x000000070fc00000, 0x000000070fc00000| Untracked 
| 199|0x000000070fd00000, 0x000000070fd00000, 0x000000070fe00000|  0%| F|  |TAMS 0x000000070fd00000, 0x000000070fd00000| Untracked 
| 200|0x000000070fe00000, 0x000000070fe00000, 0x000000070ff00000|  0%| F|  |TAMS 0x000000070fe00000, 0x000000070fe00000| Untracked 
| 201|0x000000070ff00000, 0x000000070ff00000, 0x0000000710000000|  0%| F|  |TAMS 0x000000070ff00000, 0x000000070ff00000| Untracked 
| 202|0x0000000710000000, 0x0000000710000000, 0x0000000710100000|  0%| F|  |TAMS 0x0000000710000000, 0x0000000710000000| Untracked 
| 203|0x0000000710100000, 0x0000000710100000, 0x0000000710200000|  0%| F|  |TAMS 0x0000000710100000, 0x0000000710100000| Untracked 
| 204|0x0000000710200000, 0x0000000710200000, 0x0000000710300000|  0%| F|  |TAMS 0x0000000710200000, 0x0000000710200000| Untracked 
| 205|0x0000000710300000, 0x0000000710300000, 0x0000000710400000|  0%| F|  |TAMS 0x0000000710300000, 0x0000000710300000| Untracked 
| 206|0x0000000710400000, 0x0000000710400000, 0x0000000710500000|  0%| F|  |TAMS 0x0000000710400000, 0x0000000710400000| Untracked 
| 207|0x0000000710500000, 0x0000000710500000, 0x0000000710600000|  0%| F|  |TAMS 0x0000000710500000, 0x0000000710500000| Untracked 
| 208|0x0000000710600000, 0x0000000710600000, 0x0000000710700000|  0%| F|  |TAMS 0x0000000710600000, 0x0000000710600000| Untracked 
| 209|0x0000000710700000, 0x0000000710700000, 0x0000000710800000|  0%| F|  |TAMS 0x0000000710700000, 0x0000000710700000| Untracked 
| 210|0x0000000710800000, 0x0000000710800000, 0x0000000710900000|  0%| F|  |TAMS 0x0000000710800000, 0x0000000710800000| Untracked 
| 211|0x0000000710900000, 0x0000000710900000, 0x0000000710a00000|  0%| F|  |TAMS 0x0000000710900000, 0x0000000710900000| Untracked 
| 212|0x0000000710a00000, 0x0000000710a00000, 0x0000000710b00000|  0%| F|  |TAMS 0x0000000710a00000, 0x0000000710a00000| Untracked 
| 213|0x0000000710b00000, 0x0000000710b00000, 0x0000000710c00000|  0%| F|  |TAMS 0x0000000710b00000, 0x0000000710b00000| Untracked 
| 214|0x0000000710c00000, 0x0000000710c00000, 0x0000000710d00000|  0%| F|  |TAMS 0x0000000710c00000, 0x0000000710c00000| Untracked 
| 215|0x0000000710d00000, 0x0000000710d00000, 0x0000000710e00000|  0%| F|  |TAMS 0x0000000710d00000, 0x0000000710d00000| Untracked 
| 216|0x0000000710e00000, 0x0000000710e00000, 0x0000000710f00000|  0%| F|  |TAMS 0x0000000710e00000, 0x0000000710e00000| Untracked 
| 217|0x0000000710f00000, 0x0000000710f00000, 0x0000000711000000|  0%| F|  |TAMS 0x0000000710f00000, 0x0000000710f00000| Untracked 
| 218|0x0000000711000000, 0x0000000711000000, 0x0000000711100000|  0%| F|  |TAMS 0x0000000711000000, 0x0000000711000000| Untracked 
| 219|0x0000000711100000, 0x0000000711100000, 0x0000000711200000|  0%| F|  |TAMS 0x0000000711100000, 0x0000000711100000| Untracked 
| 220|0x0000000711200000, 0x0000000711200000, 0x0000000711300000|  0%| F|  |TAMS 0x0000000711200000, 0x0000000711200000| Untracked 
| 221|0x0000000711300000, 0x0000000711300000, 0x0000000711400000|  0%| F|  |TAMS 0x0000000711300000, 0x0000000711300000| Untracked 
| 222|0x0000000711400000, 0x0000000711400000, 0x0000000711500000|  0%| F|  |TAMS 0x0000000711400000, 0x0000000711400000| Untracked 
| 223|0x0000000711500000, 0x0000000711500000, 0x0000000711600000|  0%| F|  |TAMS 0x0000000711500000, 0x0000000711500000| Untracked 
| 224|0x0000000711600000, 0x0000000711600000, 0x0000000711700000|  0%| F|  |TAMS 0x0000000711600000, 0x0000000711600000| Untracked 
| 225|0x0000000711700000, 0x0000000711700000, 0x0000000711800000|  0%| F|  |TAMS 0x0000000711700000, 0x0000000711700000| Untracked 
| 226|0x0000000711800000, 0x0000000711800000, 0x0000000711900000|  0%| F|  |TAMS 0x0000000711800000, 0x0000000711800000| Untracked 
| 227|0x0000000711900000, 0x0000000711900000, 0x0000000711a00000|  0%| F|  |TAMS 0x0000000711900000, 0x0000000711900000| Untracked 
| 228|0x0000000711a00000, 0x0000000711a00000, 0x0000000711b00000|  0%| F|  |TAMS 0x0000000711a00000, 0x0000000711a00000| Untracked 
| 229|0x0000000711b00000, 0x0000000711b00000, 0x0000000711c00000|  0%| F|  |TAMS 0x0000000711b00000, 0x0000000711b00000| Untracked 
| 230|0x0000000711c00000, 0x0000000711c00000, 0x0000000711d00000|  0%| F|  |TAMS 0x0000000711c00000, 0x0000000711c00000| Untracked 
| 231|0x0000000711d00000, 0x0000000711d00000, 0x0000000711e00000|  0%| F|  |TAMS 0x0000000711d00000, 0x0000000711d00000| Untracked 
| 232|0x0000000711e00000, 0x0000000711e00000, 0x0000000711f00000|  0%| F|  |TAMS 0x0000000711e00000, 0x0000000711e00000| Untracked 
| 233|0x0000000711f00000, 0x0000000711f00000, 0x0000000712000000|  0%| F|  |TAMS 0x0000000711f00000, 0x0000000711f00000| Untracked 
| 234|0x0000000712000000, 0x0000000712000000, 0x0000000712100000|  0%| F|  |TAMS 0x0000000712000000, 0x0000000712000000| Untracked 
| 235|0x0000000712100000, 0x0000000712100000, 0x0000000712200000|  0%| F|  |TAMS 0x0000000712100000, 0x0000000712100000| Untracked 
| 236|0x0000000712200000, 0x0000000712200000, 0x0000000712300000|  0%| F|  |TAMS 0x0000000712200000, 0x0000000712200000| Untracked 
| 237|0x0000000712300000, 0x0000000712300000, 0x0000000712400000|  0%| F|  |TAMS 0x0000000712300000, 0x0000000712300000| Untracked 
| 238|0x0000000712400000, 0x0000000712400000, 0x0000000712500000|  0%| F|  |TAMS 0x0000000712400000, 0x0000000712400000| Untracked 
| 239|0x0000000712500000, 0x0000000712500000, 0x0000000712600000|  0%| F|  |TAMS 0x0000000712500000, 0x0000000712500000| Untracked 
| 240|0x0000000712600000, 0x0000000712600000, 0x0000000712700000|  0%| F|  |TAMS 0x0000000712600000, 0x0000000712600000| Untracked 
| 241|0x0000000712700000, 0x0000000712700000, 0x0000000712800000|  0%| F|  |TAMS 0x0000000712700000, 0x0000000712700000| Untracked 
| 242|0x0000000712800000, 0x0000000712800000, 0x0000000712900000|  0%| F|  |TAMS 0x0000000712800000, 0x0000000712800000| Untracked 
| 243|0x0000000712900000, 0x0000000712900000, 0x0000000712a00000|  0%| F|  |TAMS 0x0000000712900000, 0x0000000712900000| Untracked 
| 244|0x0000000712a00000, 0x0000000712a00000, 0x0000000712b00000|  0%| F|  |TAMS 0x0000000712a00000, 0x0000000712a00000| Untracked 
| 245|0x0000000712b00000, 0x0000000712b00000, 0x0000000712c00000|  0%| F|  |TAMS 0x0000000712b00000, 0x0000000712b00000| Untracked 
| 246|0x0000000712c00000, 0x0000000712c00000, 0x0000000712d00000|  0%| F|  |TAMS 0x0000000712c00000, 0x0000000712c00000| Untracked 
| 247|0x0000000712d00000, 0x0000000712d00000, 0x0000000712e00000|  0%| F|  |TAMS 0x0000000712d00000, 0x0000000712d00000| Untracked 
| 248|0x0000000712e00000, 0x0000000712e00000, 0x0000000712f00000|  0%| F|  |TAMS 0x0000000712e00000, 0x0000000712e00000| Untracked 
| 249|0x0000000712f00000, 0x0000000712f00000, 0x0000000713000000|  0%| F|  |TAMS 0x0000000712f00000, 0x0000000712f00000| Untracked 
| 250|0x0000000713000000, 0x0000000713000000, 0x0000000713100000|  0%| F|  |TAMS 0x0000000713000000, 0x0000000713000000| Untracked 
| 251|0x0000000713100000, 0x0000000713200000, 0x0000000713200000|100%| E|  |TAMS 0x0000000713100000, 0x0000000713100000| Complete 
| 252|0x0000000713200000, 0x0000000713300000, 0x0000000713300000|100%| E|CS|TAMS 0x0000000713200000, 0x0000000713200000| Complete 
| 253|0x0000000713300000, 0x0000000713400000, 0x0000000713400000|100%| E|CS|TAMS 0x0000000713300000, 0x0000000713300000| Complete 

Card table byte_map: [0x0000020aa5000000,0x0000020aa57f0000] _byte_map_base: 0x0000020aa17e5000

Marking Bits (Prev, Next): (CMBitMap*) 0x0000020a8df0e1d0, (CMBitMap*) 0x0000020a8df0e198
 Prev Bits: [0x0000020aa9f10000, 0x0000020aade38000)
 Next Bits: [0x0000020aa5fe0000, 0x0000020aa9f08000)

Polling page: 0x0000020a8be90000

Metaspace:

Usage:
  Non-class:     18.60 MB capacity,    18.38 MB ( 99%) used,   199.41 KB (  1%) free+waste,    23.19 KB ( <1%) overhead. 
      Class:      2.30 MB capacity,     2.15 MB ( 94%) used,   135.49 KB (  6%) free+waste,     9.31 KB ( <1%) overhead. 
       Both:     20.89 MB capacity,    20.53 MB ( 98%) used,   334.91 KB (  2%) free+waste,    32.50 KB ( <1%) overhead. 

Virtual space:
  Non-class space:       20.00 MB reserved,      18.75 MB ( 94%) committed 
      Class space:        1.00 GB reserved,       2.38 MB ( <1%) committed 
             Both:        1.02 GB reserved,      21.13 MB (  2%) committed 

Chunk freelists:
   Non-Class:  3.63 KB
       Class:  2.13 KB
        Both:  5.75 KB

CodeHeap 'non-profiled nmethods': size=120000Kb used=1779Kb max_used=1779Kb free=118220Kb
 bounds [0x0000020a9cfb0000, 0x0000020a9d220000, 0x0000020aa44e0000]
CodeHeap 'profiled nmethods': size=120000Kb used=7157Kb max_used=7157Kb free=112843Kb
 bounds [0x0000020a95a80000, 0x0000020a96180000, 0x0000020a9cfb0000]
CodeHeap 'non-nmethods': size=5760Kb used=1125Kb max_used=1158Kb free=4634Kb
 bounds [0x0000020a954e0000, 0x0000020a95750000, 0x0000020a95a80000]
 total_blobs=3824 nmethods=3408 adapters=327
 compilation: enabled
              stopped_count=0, restarted_count=0
 full_count=0

Compilation events (10 events):
Event: 75.349 Thread 0x0000020ab126e800 nmethod 3396 0x0000020a96175810 code [0x0000020a961759c0, 0x0000020a96175c48]
Event: 75.349 Thread 0x0000020ab126e800 3395       1       java.net.JarURLConnection::getEntryName (5 bytes)
Event: 75.349 Thread 0x0000020ab126e800 nmethod 3395 0x0000020a9d16c710 code [0x0000020a9d16c8a0, 0x0000020a9d16c958]
Event: 75.442 Thread 0x0000020ab126a800 3397   !   4       sun.nio.cs.StreamDecoder::read (196 bytes)
Event: 75.443 Thread 0x0000020ab126e800 3400       3       sun.nio.fs.WindowsPath::elementAsString (62 bytes)
Event: 75.444 Thread 0x0000020ab126e800 nmethod 3400 0x0000020a96175d90 code [0x0000020a96175f80, 0x0000020a961762a8]
Event: 75.445 Thread 0x0000020ab126e800 3401       3       org.eclipse.sisu.plexus.Hints::isDefaultHint (24 bytes)
Event: 75.446 Thread 0x0000020ab126e800 nmethod 3401 0x0000020a96176510 code [0x0000020a961766e0, 0x0000020a961769c8]
Event: 75.446 Thread 0x0000020ab126e800 3402       1       org.eclipse.sisu.plexus.PlexusTypeRegistry::getSpace (5 bytes)
Event: 75.446 Thread 0x0000020ab126e800 nmethod 3402 0x0000020a9d16ca10 code [0x0000020a9d16cba0, 0x0000020a9d16cc58]

GC Heap History (4 events):
Event: 13.225 GC heap before
{Heap before GC invocations=0 (full 0):
 garbage-first heap   total 260096K, used 23552K [0x0000000703600000, 0x0000000800000000)
  region size 1024K, 24 young (24576K), 0 survivors (0K)
 Metaspace       used 12435K, capacity 12645K, committed 12928K, reserved 1060864K
  class space    used 1257K, capacity 1348K, committed 1408K, reserved 1048576K
}
Event: 13.284 GC heap after
{Heap after GC invocations=1 (full 0):
 garbage-first heap   total 260096K, used 3470K [0x0000000703600000, 0x0000000800000000)
  region size 1024K, 3 young (3072K), 3 survivors (3072K)
 Metaspace       used 12435K, capacity 12645K, committed 12928K, reserved 1060864K
  class space    used 1257K, capacity 1348K, committed 1408K, reserved 1048576K
}
Event: 71.696 GC heap before
{Heap before GC invocations=1 (full 0):
 garbage-first heap   total 260096K, used 101774K [0x0000000703600000, 0x0000000800000000)
  region size 1024K, 100 young (102400K), 3 survivors (3072K)
 Metaspace       used 20902K, capacity 21198K, committed 21248K, reserved 1069056K
  class space    used 2180K, capacity 2283K, committed 2304K, reserved 1048576K
}
Event: 71.714 GC heap after
{Heap after GC invocations=2 (full 0):
 garbage-first heap   total 260096K, used 10340K [0x0000000703600000, 0x0000000800000000)
  region size 1024K, 10 young (10240K), 10 survivors (10240K)
 Metaspace       used 20902K, capacity 21198K, committed 21248K, reserved 1069056K
  class space    used 2180K, capacity 2283K, committed 2304K, reserved 1048576K
}

Deoptimization events (10 events):
Event: 27.217 Thread 0x0000020a8dead800 Uncommon trap: reason=predicate action=maybe_recompile pc=0x0000020a9d0d80cc method=java.util.AbstractCollection.toArray([Ljava/lang/Object;)[Ljava/lang/Object; @ 43 c2
Event: 27.649 Thread 0x0000020a8dead800 Uncommon trap: reason=array_check action=maybe_recompile pc=0x0000020a9d0e9b10 method=java.util.AbstractCollection.toArray([Ljava/lang/Object;)[Ljava/lang/Object; @ 116 c2
Event: 27.649 Thread 0x0000020a8dead800 Uncommon trap: reason=array_check action=maybe_recompile pc=0x0000020a9d0e9b10 method=java.util.AbstractCollection.toArray([Ljava/lang/Object;)[Ljava/lang/Object; @ 116 c2
Event: 27.649 Thread 0x0000020a8dead800 Uncommon trap: reason=array_check action=maybe_recompile pc=0x0000020a9d0e9b10 method=java.util.AbstractCollection.toArray([Ljava/lang/Object;)[Ljava/lang/Object; @ 116 c2
Event: 27.649 Thread 0x0000020a8dead800 Uncommon trap: reason=array_check action=maybe_recompile pc=0x0000020a9d0e9b10 method=java.util.AbstractCollection.toArray([Ljava/lang/Object;)[Ljava/lang/Object; @ 116 c2
Event: 46.417 Thread 0x0000020a8dead800 Uncommon trap: reason=profile_predicate action=maybe_recompile pc=0x0000020a9d13b78c method=java.util.concurrent.ConcurrentHashMap.putAll(Ljava/util/Map;)V @ 28 c2
Event: 46.417 Thread 0x0000020a8dead800 Uncommon trap: reason=profile_predicate action=maybe_recompile pc=0x0000020a9d13b78c method=java.util.concurrent.ConcurrentHashMap.putAll(Ljava/util/Map;)V @ 28 c2
Event: 46.418 Thread 0x0000020a8dead800 Uncommon trap: reason=profile_predicate action=maybe_recompile pc=0x0000020a9d13b78c method=java.util.concurrent.ConcurrentHashMap.putAll(Ljava/util/Map;)V @ 28 c2
Event: 46.418 Thread 0x0000020a8dead800 Uncommon trap: reason=profile_predicate action=maybe_recompile pc=0x0000020a9d13b78c method=java.util.concurrent.ConcurrentHashMap.putAll(Ljava/util/Map;)V @ 28 c2
Event: 53.587 Thread 0x0000020a8dead800 Uncommon trap: reason=unstable_if action=reinterpret pc=0x0000020a9d0e5644 method=org.apache.maven.model.io.xpp3.MavenXpp3Reader.nextTag(Lorg/codehaus/plexus/util/xml/pull/XmlPullParser;)I @ 9 c2

Classes redefined (0 events):
No events

Internal exceptions (10 events):
Event: 10.751 Thread 0x0000020a8dead800 Exception <a 'java/lang/NullPointerException'{0x0000000712deaef0}> (0x0000000712deaef0) thrown at [./open/src/hotspot/share/interpreter/linkResolver.cpp, line 1354]
Event: 12.666 Thread 0x0000020a8dead800 Exception <a 'java/lang/NoClassDefFoundError'{0x000000071212c9d8}: javax/enterprise/inject/Typed> (0x000000071212c9d8) thrown at [./open/src/hotspot/share/classfile/systemDictionary.cpp, line 216]
Event: 17.183 Thread 0x0000020a8dead800 Exception <a 'java/lang/NoClassDefFoundError'{0x0000000710ecc3e8}: com/google/inject/servlet/ServletModuleTargetVisitor> (0x0000000710ecc3e8) thrown at [./open/src/hotspot/share/classfile/systemDictionary.cpp, line 216]
Event: 17.183 Thread 0x0000020a8dead800 Exception <a 'java/lang/NoClassDefFoundError'{0x0000000710ecc3e8}> (0x0000000710ecc3e8) thrown at [./open/src/hotspot/share/prims/jvm.cpp, line 1309]
Event: 17.372 Thread 0x0000020a8dead800 Exception <a 'java/lang/NoSuchMethodError'{0x0000000710c0b3a0}: java.lang.invoke.DirectMethodHandle$Holder.invokeStaticInit(Ljava/lang/Object;IIII)Ljava/lang/Object;> (0x0000000710c0b3a0) thrown at [./open/src/hotspot/share/interpreter/linkResolver.cpp, l
Event: 17.925 Thread 0x0000020a8dead800 Implicit null exception at 0x0000020a9d07a04c to 0x0000020a9d07d1f0
Event: 18.107 Thread 0x0000020a8dead800 Implicit null exception at 0x0000020a9cfdb2f4 to 0x0000020a9cfdb810
Event: 18.107 Thread 0x0000020a8dead800 Implicit null exception at 0x0000020a9cfd6bf4 to 0x0000020a9cfd70f0
Event: 26.057 Thread 0x0000020a8dead800 Implicit null exception at 0x0000020a9d015255 to 0x0000020a9d015438
Event: 26.061 Thread 0x0000020a8dead800 Implicit null exception at 0x0000020a9d041caf to 0x0000020a9d041d29

Events (10 events):
Event: 75.445 loading class org/apache/maven/doxia/macro/manager/MacroManager
Event: 75.445 loading class org/apache/maven/doxia/macro/manager/MacroManager done
Event: 75.446 loading class org/apache/maven/doxia/module/site/manager/SiteModuleManager
Event: 75.446 loading class org/apache/maven/doxia/module/site/manager/SiteModuleManager done
Event: 75.446 loading class org/apache/maven/doxia/module/site/manager/SiteModuleManager
Event: 75.446 loading class org/apache/maven/doxia/module/site/manager/SiteModuleManager done
Event: 75.446 loading class org/apache/maven/doxia/parser/manager/ParserManager
Event: 75.446 loading class org/apache/maven/doxia/parser/manager/ParserManager done
Event: 75.446 loading class org/apache/maven/doxia/parser/manager/ParserManager
Event: 75.446 loading class org/apache/maven/doxia/parser/manager/ParserManager done


Dynamic libraries:
0x00007ff6c46b0000 - 0x00007ff6c46bf000 	C:\Program Files\Java\jdk-11.0.13\bin\java.exe
0x00007ffeb33c0000 - 0x00007ffeb35c9000 	C:\Windows\SYSTEM32\ntdll.dll
0x00007ffe6faf0000 - 0x00007ffe6fb07000 	C:\Program Files\AVG\Antivirus\aswhook.dll
0x00007ffeb28f0000 - 0x00007ffeb29ad000 	C:\Windows\System32\KERNEL32.DLL
0x00007ffeb0de0000 - 0x00007ffeb115c000 	C:\Windows\System32\KERNELBASE.dll
0x00007ffeb0b30000 - 0x00007ffeb0c41000 	C:\Windows\System32\ucrtbase.dll
0x00007ffeaf5b0000 - 0x00007ffeaf5c8000 	C:\Program Files\Java\jdk-11.0.13\bin\jli.dll
0x00007ffeb30e0000 - 0x00007ffeb318e000 	C:\Windows\System32\ADVAPI32.dll
0x00007ffeb3280000 - 0x00007ffeb3323000 	C:\Windows\System32\msvcrt.dll
0x00007ffeb18a0000 - 0x00007ffeb193e000 	C:\Windows\System32\sechost.dll
0x00007ffeb29b0000 - 0x00007ffeb2ad0000 	C:\Windows\System32\RPCRT4.dll
0x00007ffeb2110000 - 0x00007ffeb22bd000 	C:\Windows\System32\USER32.dll
0x00007ffeb1160000 - 0x00007ffeb1186000 	C:\Windows\System32\win32u.dll
0x00007ffeb2730000 - 0x00007ffeb2759000 	C:\Windows\System32\GDI32.dll
0x00007ffeb08a0000 - 0x00007ffeb09b9000 	C:\Windows\System32\gdi32full.dll
0x00007ffeb0cd0000 - 0x00007ffeb0d6d000 	C:\Windows\System32\msvcp_win.dll
0x00007ffe487e0000 - 0x00007ffe487f5000 	C:\Program Files\Java\jdk-11.0.13\bin\VCRUNTIME140.dll
0x00007ffeafb30000 - 0x00007ffeafdd5000 	C:\Windows\WinSxS\amd64_microsoft.windows.common-controls_6595b64144ccf1df_6.0.22000.120_none_9d947278b86cc467\COMCTL32.dll
0x00007ffeaeed0000 - 0x00007ffeaeeda000 	C:\Windows\SYSTEM32\VERSION.dll
0x00007ffeb3330000 - 0x00007ffeb3361000 	C:\Windows\System32\IMM32.DLL
0x00007ffe38f80000 - 0x00007ffe3901b000 	C:\Program Files\Java\jdk-11.0.13\bin\msvcp140.dll
0x00007ffdeff40000 - 0x00007ffdf0a53000 	C:\Program Files\Java\jdk-11.0.13\bin\server\jvm.dll
0x00007ffeb3370000 - 0x00007ffeb3378000 	C:\Windows\System32\PSAPI.DLL
0x00007ffe8b500000 - 0x00007ffe8b509000 	C:\Windows\SYSTEM32\WSOCK32.dll
0x00007ffeb1780000 - 0x00007ffeb17ef000 	C:\Windows\System32\WS2_32.dll
0x00007ffea49a0000 - 0x00007ffea49d3000 	C:\Windows\SYSTEM32\WINMM.dll
0x00007ffeaead0000 - 0x00007ffeaeae8000 	C:\Windows\SYSTEM32\kernel.appcore.dll
0x00007ffea8f10000 - 0x00007ffea8f20000 	C:\Program Files\Java\jdk-11.0.13\bin\verify.dll
0x00007ffeb01f0000 - 0x00007ffeb0411000 	C:\Windows\SYSTEM32\DBGHELP.DLL
0x00007ffeb00c0000 - 0x00007ffeb00f1000 	C:\Windows\SYSTEM32\dbgcore.DLL
0x00007ffeb0c50000 - 0x00007ffeb0ccf000 	C:\Windows\System32\bcryptPrimitives.dll
0x00007ffe92950000 - 0x00007ffe92978000 	C:\Program Files\Java\jdk-11.0.13\bin\java.dll
0x00007ffe987f0000 - 0x00007ffe987fa000 	C:\Program Files\Java\jdk-11.0.13\bin\jimage.dll
0x00007ffe89130000 - 0x00007ffe89146000 	C:\Program Files\Java\jdk-11.0.13\bin\zip.dll
0x00007ffeb1940000 - 0x00007ffeb20f8000 	C:\Windows\System32\SHELL32.dll
0x00007ffeadaa0000 - 0x00007ffeae308000 	C:\Windows\SYSTEM32\windows.storage.dll
0x00007ffeb2d50000 - 0x00007ffeb30c9000 	C:\Windows\System32\combase.dll
0x00007ffead930000 - 0x00007ffeada96000 	C:\Windows\SYSTEM32\wintypes.dll
0x00007ffeb2b80000 - 0x00007ffeb2c6a000 	C:\Windows\System32\SHCORE.dll
0x00007ffeb1490000 - 0x00007ffeb14ed000 	C:\Windows\System32\shlwapi.dll
0x00007ffeb07d0000 - 0x00007ffeb07f1000 	C:\Windows\SYSTEM32\profapi.dll
0x00007ffe89110000 - 0x00007ffe89129000 	C:\Program Files\Java\jdk-11.0.13\bin\net.dll
0x00007ffea4fe0000 - 0x00007ffea50ec000 	C:\Windows\SYSTEM32\WINHTTP.dll
0x00007ffeaeee0000 - 0x00007ffeaef47000 	C:\Windows\system32\mswsock.dll
0x00007ffe890f0000 - 0x00007ffe89102000 	C:\Program Files\Java\jdk-11.0.13\bin\nio.dll
0x0000000069ac0000 - 0x0000000069ae4000 	C:\Users\darkn\AppData\Local\Temp\jansi-2.4.0-259b90090566dc08-jansi.dll

dbghelp: loaded successfully - version: 4.0.5 - missing functions: none
symbol engine: initialized successfully - sym options: 0x614 - pdb path: .;C:\Program Files\Java\jdk-11.0.13\bin;C:\Windows\SYSTEM32;C:\Program Files\AVG\Antivirus;C:\Windows\WinSxS\amd64_microsoft.windows.common-controls_6595b64144ccf1df_6.0.22000.120_none_9d947278b86cc467;C:\Program Files\Java\jdk-11.0.13\bin\server;C:\Users\darkn\AppData\Local\Temp

VM Arguments:
jvm_args: -Dmaven.multiModuleProjectDirectory=E:\MirabiliaProject\APMIS\SORMAS-Project\APMIS-Project\sormas-base -Dclassworlds.conf=E:\MirabiliaProject\apache-maven-3.8.4\bin\m2.conf -Dmaven.home=E:\MirabiliaProject\apache-maven-3.8.4 
java_command: org.codehaus.classworlds.Launcher install -Dmaven.test.skip=true -B
java_class_path (initial): E:\MirabiliaProject\apache-maven-3.8.4\boot\plexus-classworlds-2.6.0.jar
Launcher Type: SUN_STANDARD

[Global flags]
     intx CICompilerCount                          = 4                                         {product} {ergonomic}
     uint ConcGCThreads                            = 2                                         {product} {ergonomic}
     uint G1ConcRefinementThreads                  = 8                                         {product} {ergonomic}
   size_t G1HeapRegionSize                         = 1048576                                   {product} {ergonomic}
    uintx GCDrainStackTargetSize                   = 64                                        {product} {ergonomic}
   size_t InitialHeapSize                          = 266338304                                 {product} {ergonomic}
   size_t MarkStackSize                            = 4194304                                   {product} {ergonomic}
   size_t MaxHeapSize                              = 4238344192                                {product} {ergonomic}
   size_t MaxNewSize                               = 2542796800                                {product} {ergonomic}
   size_t MinHeapDeltaBytes                        = 1048576                                   {product} {ergonomic}
    uintx NonNMethodCodeHeapSize                   = 5836300                                {pd product} {ergonomic}
    uintx NonProfiledCodeHeapSize                  = 122910970                              {pd product} {ergonomic}
    uintx ProfiledCodeHeapSize                     = 122910970                              {pd product} {ergonomic}
    uintx ReservedCodeCacheSize                    = 251658240                              {pd product} {ergonomic}
     bool SegmentedCodeCache                       = true                                      {product} {ergonomic}
     bool UseCompressedClassPointers               = true                                 {lp64_product} {ergonomic}
     bool UseCompressedOops                        = true                                 {lp64_product} {ergonomic}
     bool UseG1GC                                  = true                                      {product} {ergonomic}
     bool UseLargePagesIndividualAllocation        = false                                  {pd product} {ergonomic}

Logging:
Log output configuration:
 #0: stdout all=warning uptime,level,tags
 #1: stderr all=off uptime,level,tags

Environment Variables:
JAVA_HOME=C:\Program Files\Java\jdk1.8.0_202
PATH=C:/Program Files/Java/jdk-11.0.13/bin/server;C:/Program Files/Java/jdk-11.0.13/bin;C:\Program Files (x86)\Common Files\Oracle\Java\javapath;C:\Program Files\Common Files\Oracle\Java\javapath;C:\Windows\system32;C:\Windows;C:\Windows\System32\Wbem;C:\Windows\System32\WindowsPowerShell\v1.0\;C:\Windows\System32\OpenSSH\;C:\Program Files\Git\cmd;C:\Program Files\Git\mingw64\bin;C:\Program Files\Git\usr\bin;C:\Program Files\Java\jdk-11.0.13\bin;E:\MirabiliaProject\apache-maven-3.8.4\bin;C:\Program Files\PostgreSQL\10\bin;C:\Program Files\PuTTY\;C:\Windows;C:\Program Files\nodejs\;C:\Users\darkn\AppData\Local\Microsoft\WindowsApps;C:\Users\darkn\AppData\Local\Programs\Microsoft VS Code\bin;C:\Users\darkn\AppData\Roaming\npm;C:\Users\darkn\Downloads\pms\tomcat-8.5.34\lib\sigar;C:\Users\darkn\Downloads\pms_new\tomcat-8.5.34\lib\sigar;C:\Tesseract-OCR;C:\Program Files\dotnet\;C:\Users\darkn\AppData\Local\Android\Sdk\platform-tools;C:\Users\darkn\AppData\Local\Microsoft\WindowsApps;C:\Users\darkn\AppData\Local\Programs\Microsoft VS Code\bin;C:\Users\darkn\AppData\Roaming\npm;C:\Users\darkn\AppData\Local\GitHubDesktop\bin;C:\Windows\system32;
USERNAME=darkn
OS=Windows_NT
PROCESSOR_IDENTIFIER=Intel64 Family 6 Model 126 Stepping 5, GenuineIntel



---------------  S Y S T E M  ---------------

OS: Windows 10 , 64 bit Build 22000 (10.0.22000.708)
Hyper-V role detected

CPU:total 8 (initial active 8) (4 cores per cpu, 2 threads per core) family 6 model 126 stepping 5 microcode 0xa0, cmov, cx8, fxsr, mmx, sse, sse2, sse3, ssse3, sse4.1, sse4.2, popcnt, avx, avx2, aes, clmul, erms, 3dnowpref, lzcnt, ht, tsc, tscinvbit, bmi1, bmi2, adx, evex, sha, fma

Memory: 4k page, system-wide physical 16165M (621M free)
TotalPageFile size 46599M (AvailPageFile size 1000M)
current process WorkingSet (physical memory assigned to process): 191M, peak: 191M
current process commit charge ("private bytes"): 377M, peak: 381M

vm_info: Java HotSpot(TM) 64-Bit Server VM (11.0.13+10-LTS-370) for windows-amd64 JRE (11.0.13+10-LTS-370), built on Sep 15 2021 22:10:36 by "mach5one" with MS VC++ 15.9 (VS2017)

END.
