#
# There is insufficient memory for the Java Runtime Environment to continue.
# Native memory allocation (malloc) failed to allocate 32744 bytes for ChunkPool::allocate
# Possible reasons:
#   The system is out of physical RAM or swap space
#   The process is running with CompressedOops enabled, and the Java Heap may be blocking the growth of the native heap
# Possible solutions:
#   Reduce memory load on the system
#   Increase physical memory or swap space
#   Check if swap backing store is full
#   Decrease Java heap size (-Xmx/-Xms)
#   Decrease number of Java threads
#   Decrease Java thread stack sizes (-Xss)
#   Set larger code cache with -XX:ReservedCodeCacheSize=
#   JVM is running with Zero Based Compressed Oops mode in which the Java heap is
#     placed in the first 32GB address space. The Java Heap base address is the
#     maximum limit for the native heap growth. Please use -XX:HeapBaseMinAddress
#     to set the Java Heap base and to place the Java Heap above 32GB virtual address.
# This output file may be truncated or incomplete.
#
#  Out of Memory Error (./open/src/hotspot/share/memory/arena.cpp:81), pid=3068, tid=26244
#
# JRE version: Java(TM) SE Runtime Environment 18.9 (11.0.13+10) (build 11.0.13+10-LTS-370)
# Java VM: Java HotSpot(TM) 64-Bit Server VM 18.9 (11.0.13+10-LTS-370, mixed mode, tiered, compressed oops, g1 gc, windows-amd64)
# No core dump will be written. Minidumps are not enabled by default on client versions of Windows
#

---------------  S U M M A R Y ------------

Command Line: -Dmaven.multiModuleProjectDirectory=E:\MirabiliaProject\APMIS\SORMAS-Project\APMIS-Project\sormas-base -Dclassworlds.conf=E:\MirabiliaProject\apache-maven-3.8.4\bin\m2.conf -Dmaven.home=E:\MirabiliaProject\apache-maven-3.8.4 org.codehaus.classworlds.Launcher install -Dmaven.test.skip=true -B

Host: Intel(R) Core(TM) i7-1065G7 CPU @ 1.30GHz, 8 cores, 15G,  Windows 10 , 64 bit Build 22000 (10.0.22000.708)
Time: Mon Oct  3 14:43:19 2022 W. Central Africa Standard Time elapsed time: 207.471444 seconds (0d 0h 3m 27s)

---------------  T H R E A D  ---------------

Current thread (0x0000025e84fbe000):  JavaThread "C1 CompilerThread0" daemon [_thread_in_native, id=26244, stack(0x00000066ba500000,0x00000066ba600000)]


Current CompileTask:
C1: 207471 5045       3       sun.nio.cs.SingleByte$Encoder::encodeArrayLoop (233 bytes)

Stack: [0x00000066ba500000,0x00000066ba600000]
Native frames: (J=compiled Java code, j=interpreted, Vv=VM code, C=native code)
V  [jvm.dll+0x62870a]
V  [jvm.dll+0x761f2f]
V  [jvm.dll+0x7635d9]
V  [jvm.dll+0x763c63]
V  [jvm.dll+0x23d728]
V  [jvm.dll+0xb2b9b]
V  [jvm.dll+0xb2efc]
V  [jvm.dll+0xbe7aa]
V  [jvm.dll+0x1454db]
V  [jvm.dll+0x143cee]
V  [jvm.dll+0x130340]
V  [jvm.dll+0x118869]
V  [jvm.dll+0x11818f]
V  [jvm.dll+0x1183bf]
V  [jvm.dll+0x117667]
V  [jvm.dll+0x119537]
V  [jvm.dll+0x206d84]
V  [jvm.dll+0x204ebb]
V  [jvm.dll+0x727e70]
V  [jvm.dll+0x720a54]
V  [jvm.dll+0x627606]
C  [ucrtbase.dll+0x26c0c]
C  [KERNEL32.DLL+0x154e0]
C  [ntdll.dll+0x485b]


---------------  P R O C E S S  ---------------

Threads class SMR info:
_java_thread_list=0x0000025e85a24030, length=17, elements={
0x0000025edfb70000, 0x0000025e8466d000, 0x0000025e84670000, 0x0000025e84f69800,
0x0000025e84f6b000, 0x0000025e84f6d000, 0x0000025e84f1a800, 0x0000025e84fbe000,
0x0000025e84fbf000, 0x0000025e85105800, 0x0000025e858cb000, 0x0000025e858cb800,
0x0000025e876fd000, 0x0000025e876fd800, 0x0000025e876fe800, 0x0000025e85757000,
0x0000025e87bf2000
}

Java Threads: ( => current thread )
  0x0000025edfb70000 JavaThread "main" [_thread_in_native, id=19044, stack(0x00000066b9800000,0x00000066b9900000)]
  0x0000025e8466d000 JavaThread "Reference Handler" daemon [_thread_blocked, id=22732, stack(0x00000066b9f00000,0x00000066ba000000)]
  0x0000025e84670000 JavaThread "Finalizer" daemon [_thread_blocked, id=17704, stack(0x00000066ba000000,0x00000066ba100000)]
  0x0000025e84f69800 JavaThread "Signal Dispatcher" daemon [_thread_blocked, id=30076, stack(0x00000066ba100000,0x00000066ba200000)]
  0x0000025e84f6b000 JavaThread "Attach Listener" daemon [_thread_blocked, id=9820, stack(0x00000066ba200000,0x00000066ba300000)]
  0x0000025e84f6d000 JavaThread "Service Thread" daemon [_thread_blocked, id=14380, stack(0x00000066ba300000,0x00000066ba400000)]
  0x0000025e84f1a800 JavaThread "C2 CompilerThread0" daemon [_thread_blocked, id=16036, stack(0x00000066ba400000,0x00000066ba500000)]
=>0x0000025e84fbe000 JavaThread "C1 CompilerThread0" daemon [_thread_in_native, id=26244, stack(0x00000066ba500000,0x00000066ba600000)]
  0x0000025e84fbf000 JavaThread "Sweeper thread" daemon [_thread_blocked, id=17740, stack(0x00000066ba600000,0x00000066ba700000)]
  0x0000025e85105800 JavaThread "Common-Cleaner" daemon [_thread_blocked, id=5376, stack(0x00000066ba800000,0x00000066ba900000)]
  0x0000025e858cb000 JavaThread "resolver-1" daemon [_thread_blocked, id=20948, stack(0x00000066b9500000,0x00000066b9600000)]
  0x0000025e858cb800 JavaThread "resolver-2" daemon [_thread_blocked, id=28688, stack(0x00000066b9600000,0x00000066b9700000)]
  0x0000025e876fd000 JavaThread "resolver-3" daemon [_thread_blocked, id=25972, stack(0x00000066b9700000,0x00000066b9800000)]
  0x0000025e876fd800 JavaThread "resolver-4" daemon [_thread_blocked, id=19664, stack(0x00000066baa00000,0x00000066bab00000)]
  0x0000025e876fe800 JavaThread "resolver-5" daemon [_thread_blocked, id=31292, stack(0x00000066bb000000,0x00000066bb100000)]
  0x0000025e85757000 JavaThread "Thread-1" [_thread_in_native, id=27044, stack(0x00000066bb100000,0x00000066bb200000)]
  0x0000025e87bf2000 JavaThread "Thread-2" [_thread_in_native, id=19856, stack(0x00000066bb200000,0x00000066bb300000)]

Other Threads:
  0x0000025e84649800 VMThread "VM Thread" [stack: 0x00000066b9e00000,0x00000066b9f00000] [id=17256]
  0x0000025e85100800 WatcherThread [stack: 0x00000066ba700000,0x00000066ba800000] [id=30228]
  0x0000025edfb84000 GCTaskThread "GC Thread#0" [stack: 0x00000066b9900000,0x00000066b9a00000] [id=3704]
  0x0000025e85ea4000 GCTaskThread "GC Thread#1" [stack: 0x00000066bab00000,0x00000066bac00000] [id=2880]
  0x0000025e85ea5000 GCTaskThread "GC Thread#2" [stack: 0x00000066bac00000,0x00000066bad00000] [id=12120]
  0x0000025e85ee8000 GCTaskThread "GC Thread#3" [stack: 0x00000066bad00000,0x00000066bae00000] [id=2240]
  0x0000025e85ee9000 GCTaskThread "GC Thread#4" [stack: 0x00000066bae00000,0x00000066baf00000] [id=12400]
  0x0000025e85ee9800 GCTaskThread "GC Thread#5" [stack: 0x00000066baf00000,0x00000066bb000000] [id=24764]
  0x0000025edfbe0000 ConcurrentGCThread "G1 Main Marker" [stack: 0x00000066b9a00000,0x00000066b9b00000] [id=26752]
  0x0000025edfbe2800 ConcurrentGCThread "G1 Conc#0" [stack: 0x00000066b9b00000,0x00000066b9c00000] [id=21516]
  0x0000025e85ddb800 ConcurrentGCThread "G1 Conc#1" [stack: 0x00000066ba900000,0x00000066baa00000] [id=24424]
  0x0000025e84533000 ConcurrentGCThread "G1 Refine#0" [stack: 0x00000066b9c00000,0x00000066b9d00000] [id=16188]
  0x0000025e84536000 ConcurrentGCThread "G1 Young RemSet Sampling" [stack: 0x00000066b9d00000,0x00000066b9e00000] [id=1896]

Threads with active compile tasks:
C1 CompilerThread0 207542 5045       3       sun.nio.cs.SingleByte$Encoder::encodeArrayLoop (233 bytes)

VM state:not at safepoint (normal execution)

VM Mutex/Monitor currently owned by a thread: None

Heap address: 0x0000000703600000, size: 4042 MB, Compressed Oops mode: Zero based, Oop shift amount: 3
Narrow klass base: 0x0000000800000000, Narrow klass shift: 0
Compressed class space size: 1073741824 Address: 0x0000000800000000

Heap:
 garbage-first heap   total 260096K, used 89640K [0x0000000703600000, 0x0000000800000000)
  region size 1024K, 79 young (80896K), 15 survivors (15360K)
 Metaspace       used 26414K, capacity 26991K, committed 27132K, reserved 1073152K
  class space    used 2725K, capacity 2951K, committed 3068K, reserved 1048576K
Heap Regions: E=young(eden), S=young(survivor), O=old, HS=humongous(starts), HC=humongous(continues), CS=collection set, F=free, A=archive, TAMS=top-at-mark-start (previous, next)
|   0|0x0000000703600000, 0x0000000703700000, 0x0000000703700000|100%| O|  |TAMS 0x0000000703660e00, 0x0000000703600000| Untracked 
|   1|0x0000000703700000, 0x0000000703800000, 0x0000000703800000|100%| O|  |TAMS 0x0000000703700000, 0x0000000703700000| Untracked 
|   2|0x0000000703800000, 0x0000000703900000, 0x0000000703900000|100%| O|  |TAMS 0x0000000703800000, 0x0000000703800000| Untracked 
|   3|0x0000000703900000, 0x0000000703a00000, 0x0000000703a00000|100%| O|  |TAMS 0x0000000703900000, 0x0000000703900000| Untracked 
|   4|0x0000000703a00000, 0x0000000703b00000, 0x0000000703b00000|100%| O|  |TAMS 0x0000000703a00000, 0x0000000703a00000| Untracked 
|   5|0x0000000703b00000, 0x0000000703c00000, 0x0000000703c00000|100%| O|  |TAMS 0x0000000703b00000, 0x0000000703b00000| Untracked 
|   6|0x0000000703c00000, 0x0000000703d00000, 0x0000000703d00000|100%| O|  |TAMS 0x0000000703c00000, 0x0000000703c00000| Untracked 
|   7|0x0000000703d00000, 0x0000000703e00000, 0x0000000703e00000|100%| O|  |TAMS 0x0000000703d00000, 0x0000000703d00000| Untracked 
|   8|0x0000000703e00000, 0x0000000703f00000, 0x0000000703f00000|100%| O|  |TAMS 0x0000000703e00000, 0x0000000703e00000| Untracked 
|   9|0x0000000703f00000, 0x0000000703fbe400, 0x0000000704000000| 74%| O|  |TAMS 0x0000000703f00000, 0x0000000703f00000| Untracked 
|  10|0x0000000704000000, 0x0000000704000000, 0x0000000704100000|  0%| F|  |TAMS 0x0000000704000000, 0x0000000704000000| Untracked 
|  11|0x0000000704100000, 0x0000000704100000, 0x0000000704200000|  0%| F|  |TAMS 0x0000000704100000, 0x0000000704100000| Untracked 
|  12|0x0000000704200000, 0x0000000704200000, 0x0000000704300000|  0%| F|  |TAMS 0x0000000704200000, 0x0000000704200000| Untracked 
|  13|0x0000000704300000, 0x0000000704300000, 0x0000000704400000|  0%| F|  |TAMS 0x0000000704300000, 0x0000000704300000| Untracked 
|  14|0x0000000704400000, 0x0000000704400000, 0x0000000704500000|  0%| F|  |TAMS 0x0000000704400000, 0x0000000704400000| Untracked 
|  15|0x0000000704500000, 0x0000000704500000, 0x0000000704600000|  0%| F|  |TAMS 0x0000000704500000, 0x0000000704500000| Untracked 
|  16|0x0000000704600000, 0x0000000704600000, 0x0000000704700000|  0%| F|  |TAMS 0x0000000704600000, 0x0000000704600000| Untracked 
|  17|0x0000000704700000, 0x0000000704700000, 0x0000000704800000|  0%| F|  |TAMS 0x0000000704700000, 0x0000000704700000| Untracked 
|  18|0x0000000704800000, 0x0000000704800000, 0x0000000704900000|  0%| F|  |TAMS 0x0000000704800000, 0x0000000704800000| Untracked 
|  19|0x0000000704900000, 0x0000000704900000, 0x0000000704a00000|  0%| F|  |TAMS 0x0000000704900000, 0x0000000704900000| Untracked 
|  20|0x0000000704a00000, 0x0000000704a00000, 0x0000000704b00000|  0%| F|  |TAMS 0x0000000704a00000, 0x0000000704a00000| Untracked 
|  21|0x0000000704b00000, 0x0000000704b00000, 0x0000000704c00000|  0%| F|  |TAMS 0x0000000704b00000, 0x0000000704b00000| Untracked 
|  22|0x0000000704c00000, 0x0000000704c00000, 0x0000000704d00000|  0%| F|  |TAMS 0x0000000704c00000, 0x0000000704c00000| Untracked 
|  23|0x0000000704d00000, 0x0000000704d00000, 0x0000000704e00000|  0%| F|  |TAMS 0x0000000704d00000, 0x0000000704d00000| Untracked 
|  24|0x0000000704e00000, 0x0000000704e00000, 0x0000000704f00000|  0%| F|  |TAMS 0x0000000704e00000, 0x0000000704e00000| Untracked 
|  25|0x0000000704f00000, 0x0000000704f00000, 0x0000000705000000|  0%| F|  |TAMS 0x0000000704f00000, 0x0000000704f00000| Untracked 
|  26|0x0000000705000000, 0x0000000705000000, 0x0000000705100000|  0%| F|  |TAMS 0x0000000705000000, 0x0000000705000000| Untracked 
|  27|0x0000000705100000, 0x0000000705100000, 0x0000000705200000|  0%| F|  |TAMS 0x0000000705100000, 0x0000000705100000| Untracked 
|  28|0x0000000705200000, 0x0000000705200000, 0x0000000705300000|  0%| F|  |TAMS 0x0000000705200000, 0x0000000705200000| Untracked 
|  29|0x0000000705300000, 0x0000000705300000, 0x0000000705400000|  0%| F|  |TAMS 0x0000000705300000, 0x0000000705300000| Untracked 
|  30|0x0000000705400000, 0x0000000705400000, 0x0000000705500000|  0%| F|  |TAMS 0x0000000705400000, 0x0000000705400000| Untracked 
|  31|0x0000000705500000, 0x0000000705500000, 0x0000000705600000|  0%| F|  |TAMS 0x0000000705500000, 0x0000000705500000| Untracked 
|  32|0x0000000705600000, 0x0000000705600000, 0x0000000705700000|  0%| F|  |TAMS 0x0000000705600000, 0x0000000705600000| Untracked 
|  33|0x0000000705700000, 0x0000000705700000, 0x0000000705800000|  0%| F|  |TAMS 0x0000000705700000, 0x0000000705700000| Untracked 
|  34|0x0000000705800000, 0x0000000705800000, 0x0000000705900000|  0%| F|  |TAMS 0x0000000705800000, 0x0000000705800000| Untracked 
|  35|0x0000000705900000, 0x0000000705900000, 0x0000000705a00000|  0%| F|  |TAMS 0x0000000705900000, 0x0000000705900000| Untracked 
|  36|0x0000000705a00000, 0x0000000705a00000, 0x0000000705b00000|  0%| F|  |TAMS 0x0000000705a00000, 0x0000000705a00000| Untracked 
|  37|0x0000000705b00000, 0x0000000705b00000, 0x0000000705c00000|  0%| F|  |TAMS 0x0000000705b00000, 0x0000000705b00000| Untracked 
|  38|0x0000000705c00000, 0x0000000705c00000, 0x0000000705d00000|  0%| F|  |TAMS 0x0000000705c00000, 0x0000000705c00000| Untracked 
|  39|0x0000000705d00000, 0x0000000705d00000, 0x0000000705e00000|  0%| F|  |TAMS 0x0000000705d00000, 0x0000000705d00000| Untracked 
|  40|0x0000000705e00000, 0x0000000705e00000, 0x0000000705f00000|  0%| F|  |TAMS 0x0000000705e00000, 0x0000000705e00000| Untracked 
|  41|0x0000000705f00000, 0x0000000705f00000, 0x0000000706000000|  0%| F|  |TAMS 0x0000000705f00000, 0x0000000705f00000| Untracked 
|  42|0x0000000706000000, 0x0000000706000000, 0x0000000706100000|  0%| F|  |TAMS 0x0000000706000000, 0x0000000706000000| Untracked 
|  43|0x0000000706100000, 0x0000000706100000, 0x0000000706200000|  0%| F|  |TAMS 0x0000000706100000, 0x0000000706100000| Untracked 
|  44|0x0000000706200000, 0x0000000706200000, 0x0000000706300000|  0%| F|  |TAMS 0x0000000706200000, 0x0000000706200000| Untracked 
|  45|0x0000000706300000, 0x0000000706300000, 0x0000000706400000|  0%| F|  |TAMS 0x0000000706300000, 0x0000000706300000| Untracked 
|  46|0x0000000706400000, 0x0000000706400000, 0x0000000706500000|  0%| F|  |TAMS 0x0000000706400000, 0x0000000706400000| Untracked 
|  47|0x0000000706500000, 0x0000000706500000, 0x0000000706600000|  0%| F|  |TAMS 0x0000000706500000, 0x0000000706500000| Untracked 
|  48|0x0000000706600000, 0x0000000706600000, 0x0000000706700000|  0%| F|  |TAMS 0x0000000706600000, 0x0000000706600000| Untracked 
|  49|0x0000000706700000, 0x0000000706700000, 0x0000000706800000|  0%| F|  |TAMS 0x0000000706700000, 0x0000000706700000| Untracked 
|  50|0x0000000706800000, 0x0000000706800000, 0x0000000706900000|  0%| F|  |TAMS 0x0000000706800000, 0x0000000706800000| Untracked 
|  51|0x0000000706900000, 0x0000000706900000, 0x0000000706a00000|  0%| F|  |TAMS 0x0000000706900000, 0x0000000706900000| Untracked 
|  52|0x0000000706a00000, 0x0000000706a00000, 0x0000000706b00000|  0%| F|  |TAMS 0x0000000706a00000, 0x0000000706a00000| Untracked 
|  53|0x0000000706b00000, 0x0000000706b00000, 0x0000000706c00000|  0%| F|  |TAMS 0x0000000706b00000, 0x0000000706b00000| Untracked 
|  54|0x0000000706c00000, 0x0000000706c00000, 0x0000000706d00000|  0%| F|  |TAMS 0x0000000706c00000, 0x0000000706c00000| Untracked 
|  55|0x0000000706d00000, 0x0000000706d00000, 0x0000000706e00000|  0%| F|  |TAMS 0x0000000706d00000, 0x0000000706d00000| Untracked 
|  56|0x0000000706e00000, 0x0000000706e00000, 0x0000000706f00000|  0%| F|  |TAMS 0x0000000706e00000, 0x0000000706e00000| Untracked 
|  57|0x0000000706f00000, 0x0000000706f00000, 0x0000000707000000|  0%| F|  |TAMS 0x0000000706f00000, 0x0000000706f00000| Untracked 
|  58|0x0000000707000000, 0x0000000707000000, 0x0000000707100000|  0%| F|  |TAMS 0x0000000707000000, 0x0000000707000000| Untracked 
|  59|0x0000000707100000, 0x0000000707100000, 0x0000000707200000|  0%| F|  |TAMS 0x0000000707100000, 0x0000000707100000| Untracked 
|  60|0x0000000707200000, 0x0000000707200000, 0x0000000707300000|  0%| F|  |TAMS 0x0000000707200000, 0x0000000707200000| Untracked 
|  61|0x0000000707300000, 0x0000000707300000, 0x0000000707400000|  0%| F|  |TAMS 0x0000000707300000, 0x0000000707300000| Untracked 
|  62|0x0000000707400000, 0x0000000707400000, 0x0000000707500000|  0%| F|  |TAMS 0x0000000707400000, 0x0000000707400000| Untracked 
|  63|0x0000000707500000, 0x0000000707500000, 0x0000000707600000|  0%| F|  |TAMS 0x0000000707500000, 0x0000000707500000| Untracked 
|  64|0x0000000707600000, 0x0000000707600000, 0x0000000707700000|  0%| F|  |TAMS 0x0000000707600000, 0x0000000707600000| Untracked 
|  65|0x0000000707700000, 0x0000000707700000, 0x0000000707800000|  0%| F|  |TAMS 0x0000000707700000, 0x0000000707700000| Untracked 
|  66|0x0000000707800000, 0x0000000707800000, 0x0000000707900000|  0%| F|  |TAMS 0x0000000707800000, 0x0000000707800000| Untracked 
|  67|0x0000000707900000, 0x0000000707900000, 0x0000000707a00000|  0%| F|  |TAMS 0x0000000707900000, 0x0000000707900000| Untracked 
|  68|0x0000000707a00000, 0x0000000707a00000, 0x0000000707b00000|  0%| F|  |TAMS 0x0000000707a00000, 0x0000000707a00000| Untracked 
|  69|0x0000000707b00000, 0x0000000707b00000, 0x0000000707c00000|  0%| F|  |TAMS 0x0000000707b00000, 0x0000000707b00000| Untracked 
|  70|0x0000000707c00000, 0x0000000707c00000, 0x0000000707d00000|  0%| F|  |TAMS 0x0000000707c00000, 0x0000000707c00000| Untracked 
|  71|0x0000000707d00000, 0x0000000707d00000, 0x0000000707e00000|  0%| F|  |TAMS 0x0000000707d00000, 0x0000000707d00000| Untracked 
|  72|0x0000000707e00000, 0x0000000707e00000, 0x0000000707f00000|  0%| F|  |TAMS 0x0000000707e00000, 0x0000000707e00000| Untracked 
|  73|0x0000000707f00000, 0x0000000707f00000, 0x0000000708000000|  0%| F|  |TAMS 0x0000000707f00000, 0x0000000707f00000| Untracked 
|  74|0x0000000708000000, 0x0000000708000000, 0x0000000708100000|  0%| F|  |TAMS 0x0000000708000000, 0x0000000708000000| Untracked 
|  75|0x0000000708100000, 0x0000000708100000, 0x0000000708200000|  0%| F|  |TAMS 0x0000000708100000, 0x0000000708100000| Untracked 
|  76|0x0000000708200000, 0x0000000708200000, 0x0000000708300000|  0%| F|  |TAMS 0x0000000708200000, 0x0000000708200000| Untracked 
|  77|0x0000000708300000, 0x0000000708300000, 0x0000000708400000|  0%| F|  |TAMS 0x0000000708300000, 0x0000000708300000| Untracked 
|  78|0x0000000708400000, 0x0000000708400000, 0x0000000708500000|  0%| F|  |TAMS 0x0000000708400000, 0x0000000708400000| Untracked 
|  79|0x0000000708500000, 0x0000000708500000, 0x0000000708600000|  0%| F|  |TAMS 0x0000000708500000, 0x0000000708500000| Untracked 
|  80|0x0000000708600000, 0x0000000708600000, 0x0000000708700000|  0%| F|  |TAMS 0x0000000708600000, 0x0000000708600000| Untracked 
|  81|0x0000000708700000, 0x0000000708700000, 0x0000000708800000|  0%| F|  |TAMS 0x0000000708700000, 0x0000000708700000| Untracked 
|  82|0x0000000708800000, 0x0000000708800000, 0x0000000708900000|  0%| F|  |TAMS 0x0000000708800000, 0x0000000708800000| Untracked 
|  83|0x0000000708900000, 0x0000000708900000, 0x0000000708a00000|  0%| F|  |TAMS 0x0000000708900000, 0x0000000708900000| Untracked 
|  84|0x0000000708a00000, 0x0000000708a00000, 0x0000000708b00000|  0%| F|  |TAMS 0x0000000708a00000, 0x0000000708a00000| Untracked 
|  85|0x0000000708b00000, 0x0000000708b00000, 0x0000000708c00000|  0%| F|  |TAMS 0x0000000708b00000, 0x0000000708b00000| Untracked 
|  86|0x0000000708c00000, 0x0000000708c00000, 0x0000000708d00000|  0%| F|  |TAMS 0x0000000708c00000, 0x0000000708c00000| Untracked 
|  87|0x0000000708d00000, 0x0000000708d00000, 0x0000000708e00000|  0%| F|  |TAMS 0x0000000708d00000, 0x0000000708d00000| Untracked 
|  88|0x0000000708e00000, 0x0000000708e00000, 0x0000000708f00000|  0%| F|  |TAMS 0x0000000708e00000, 0x0000000708e00000| Untracked 
|  89|0x0000000708f00000, 0x0000000708f00000, 0x0000000709000000|  0%| F|  |TAMS 0x0000000708f00000, 0x0000000708f00000| Untracked 
|  90|0x0000000709000000, 0x0000000709000000, 0x0000000709100000|  0%| F|  |TAMS 0x0000000709000000, 0x0000000709000000| Untracked 
|  91|0x0000000709100000, 0x0000000709100000, 0x0000000709200000|  0%| F|  |TAMS 0x0000000709100000, 0x0000000709100000| Untracked 
|  92|0x0000000709200000, 0x0000000709200000, 0x0000000709300000|  0%| F|  |TAMS 0x0000000709200000, 0x0000000709200000| Untracked 
|  93|0x0000000709300000, 0x0000000709300000, 0x0000000709400000|  0%| F|  |TAMS 0x0000000709300000, 0x0000000709300000| Untracked 
|  94|0x0000000709400000, 0x0000000709400000, 0x0000000709500000|  0%| F|  |TAMS 0x0000000709400000, 0x0000000709400000| Untracked 
|  95|0x0000000709500000, 0x0000000709500000, 0x0000000709600000|  0%| F|  |TAMS 0x0000000709500000, 0x0000000709500000| Untracked 
|  96|0x0000000709600000, 0x0000000709600000, 0x0000000709700000|  0%| F|  |TAMS 0x0000000709600000, 0x0000000709600000| Untracked 
|  97|0x0000000709700000, 0x0000000709700000, 0x0000000709800000|  0%| F|  |TAMS 0x0000000709700000, 0x0000000709700000| Untracked 
|  98|0x0000000709800000, 0x0000000709800000, 0x0000000709900000|  0%| F|  |TAMS 0x0000000709800000, 0x0000000709800000| Untracked 
|  99|0x0000000709900000, 0x0000000709900000, 0x0000000709a00000|  0%| F|  |TAMS 0x0000000709900000, 0x0000000709900000| Untracked 
| 100|0x0000000709a00000, 0x0000000709a00000, 0x0000000709b00000|  0%| F|  |TAMS 0x0000000709a00000, 0x0000000709a00000| Untracked 
| 101|0x0000000709b00000, 0x0000000709b00000, 0x0000000709c00000|  0%| F|  |TAMS 0x0000000709b00000, 0x0000000709b00000| Untracked 
| 102|0x0000000709c00000, 0x0000000709c00000, 0x0000000709d00000|  0%| F|  |TAMS 0x0000000709c00000, 0x0000000709c00000| Untracked 
| 103|0x0000000709d00000, 0x0000000709d00000, 0x0000000709e00000|  0%| F|  |TAMS 0x0000000709d00000, 0x0000000709d00000| Untracked 
| 104|0x0000000709e00000, 0x0000000709e00000, 0x0000000709f00000|  0%| F|  |TAMS 0x0000000709e00000, 0x0000000709e00000| Untracked 
| 105|0x0000000709f00000, 0x0000000709f00000, 0x000000070a000000|  0%| F|  |TAMS 0x0000000709f00000, 0x0000000709f00000| Untracked 
| 106|0x000000070a000000, 0x000000070a0cbce0, 0x000000070a100000| 79%| S|CS|TAMS 0x000000070a000000, 0x000000070a000000| Complete 
| 107|0x000000070a100000, 0x000000070a200000, 0x000000070a200000|100%| S|CS|TAMS 0x000000070a100000, 0x000000070a100000| Complete 
| 108|0x000000070a200000, 0x000000070a300000, 0x000000070a300000|100%| S|CS|TAMS 0x000000070a200000, 0x000000070a200000| Complete 
| 109|0x000000070a300000, 0x000000070a400000, 0x000000070a400000|100%| S|CS|TAMS 0x000000070a300000, 0x000000070a300000| Complete 
| 110|0x000000070a400000, 0x000000070a500000, 0x000000070a500000|100%| S|CS|TAMS 0x000000070a400000, 0x000000070a400000| Complete 
| 111|0x000000070a500000, 0x000000070a600000, 0x000000070a600000|100%| S|CS|TAMS 0x000000070a500000, 0x000000070a500000| Complete 
| 112|0x000000070a600000, 0x000000070a700000, 0x000000070a700000|100%| S|CS|TAMS 0x000000070a600000, 0x000000070a600000| Complete 
| 113|0x000000070a700000, 0x000000070a800000, 0x000000070a800000|100%| S|CS|TAMS 0x000000070a700000, 0x000000070a700000| Complete 
| 114|0x000000070a800000, 0x000000070a900000, 0x000000070a900000|100%| S|CS|TAMS 0x000000070a800000, 0x000000070a800000| Complete 
| 115|0x000000070a900000, 0x000000070aa00000, 0x000000070aa00000|100%| S|CS|TAMS 0x000000070a900000, 0x000000070a900000| Complete 
| 116|0x000000070aa00000, 0x000000070ab00000, 0x000000070ab00000|100%| S|CS|TAMS 0x000000070aa00000, 0x000000070aa00000| Complete 
| 117|0x000000070ab00000, 0x000000070ac00000, 0x000000070ac00000|100%| S|CS|TAMS 0x000000070ab00000, 0x000000070ab00000| Complete 
| 118|0x000000070ac00000, 0x000000070ad00000, 0x000000070ad00000|100%| S|CS|TAMS 0x000000070ac00000, 0x000000070ac00000| Complete 
| 119|0x000000070ad00000, 0x000000070ae00000, 0x000000070ae00000|100%| S|CS|TAMS 0x000000070ad00000, 0x000000070ad00000| Complete 
| 120|0x000000070ae00000, 0x000000070af00000, 0x000000070af00000|100%| S|CS|TAMS 0x000000070ae00000, 0x000000070ae00000| Complete 
| 121|0x000000070af00000, 0x000000070af00000, 0x000000070b000000|  0%| F|  |TAMS 0x000000070af00000, 0x000000070af00000| Untracked 
| 122|0x000000070b000000, 0x000000070b000000, 0x000000070b100000|  0%| F|  |TAMS 0x000000070b000000, 0x000000070b000000| Untracked 
| 123|0x000000070b100000, 0x000000070b100000, 0x000000070b200000|  0%| F|  |TAMS 0x000000070b100000, 0x000000070b100000| Untracked 
| 124|0x000000070b200000, 0x000000070b200000, 0x000000070b300000|  0%| F|  |TAMS 0x000000070b200000, 0x000000070b200000| Untracked 
| 125|0x000000070b300000, 0x000000070b300000, 0x000000070b400000|  0%| F|  |TAMS 0x000000070b300000, 0x000000070b300000| Untracked 
| 126|0x000000070b400000, 0x000000070b400000, 0x000000070b500000|  0%| F|  |TAMS 0x000000070b400000, 0x000000070b400000| Untracked 
| 127|0x000000070b500000, 0x000000070b500000, 0x000000070b600000|  0%| F|  |TAMS 0x000000070b500000, 0x000000070b500000| Untracked 
| 128|0x000000070b600000, 0x000000070b600000, 0x000000070b700000|  0%| F|  |TAMS 0x000000070b600000, 0x000000070b600000| Untracked 
| 129|0x000000070b700000, 0x000000070b700000, 0x000000070b800000|  0%| F|  |TAMS 0x000000070b700000, 0x000000070b700000| Untracked 
| 130|0x000000070b800000, 0x000000070b800000, 0x000000070b900000|  0%| F|  |TAMS 0x000000070b800000, 0x000000070b800000| Untracked 
| 131|0x000000070b900000, 0x000000070b900000, 0x000000070ba00000|  0%| F|  |TAMS 0x000000070b900000, 0x000000070b900000| Untracked 
| 132|0x000000070ba00000, 0x000000070ba00000, 0x000000070bb00000|  0%| F|  |TAMS 0x000000070ba00000, 0x000000070ba00000| Untracked 
| 133|0x000000070bb00000, 0x000000070bb00000, 0x000000070bc00000|  0%| F|  |TAMS 0x000000070bb00000, 0x000000070bb00000| Untracked 
| 134|0x000000070bc00000, 0x000000070bc00000, 0x000000070bd00000|  0%| F|  |TAMS 0x000000070bc00000, 0x000000070bc00000| Untracked 
| 135|0x000000070bd00000, 0x000000070bd00000, 0x000000070be00000|  0%| F|  |TAMS 0x000000070bd00000, 0x000000070bd00000| Untracked 
| 136|0x000000070be00000, 0x000000070be00000, 0x000000070bf00000|  0%| F|  |TAMS 0x000000070be00000, 0x000000070be00000| Untracked 
| 137|0x000000070bf00000, 0x000000070bf00000, 0x000000070c000000|  0%| F|  |TAMS 0x000000070bf00000, 0x000000070bf00000| Untracked 
| 138|0x000000070c000000, 0x000000070c000000, 0x000000070c100000|  0%| F|  |TAMS 0x000000070c000000, 0x000000070c000000| Untracked 
| 139|0x000000070c100000, 0x000000070c100000, 0x000000070c200000|  0%| F|  |TAMS 0x000000070c100000, 0x000000070c100000| Untracked 
| 140|0x000000070c200000, 0x000000070c200000, 0x000000070c300000|  0%| F|  |TAMS 0x000000070c200000, 0x000000070c200000| Untracked 
| 141|0x000000070c300000, 0x000000070c300000, 0x000000070c400000|  0%| F|  |TAMS 0x000000070c300000, 0x000000070c300000| Untracked 
| 142|0x000000070c400000, 0x000000070c400000, 0x000000070c500000|  0%| F|  |TAMS 0x000000070c400000, 0x000000070c400000| Untracked 
| 143|0x000000070c500000, 0x000000070c500000, 0x000000070c600000|  0%| F|  |TAMS 0x000000070c500000, 0x000000070c500000| Untracked 
| 144|0x000000070c600000, 0x000000070c600000, 0x000000070c700000|  0%| F|  |TAMS 0x000000070c600000, 0x000000070c600000| Untracked 
| 145|0x000000070c700000, 0x000000070c700000, 0x000000070c800000|  0%| F|  |TAMS 0x000000070c700000, 0x000000070c700000| Untracked 
| 146|0x000000070c800000, 0x000000070c800000, 0x000000070c900000|  0%| F|  |TAMS 0x000000070c800000, 0x000000070c800000| Untracked 
| 147|0x000000070c900000, 0x000000070c900000, 0x000000070ca00000|  0%| F|  |TAMS 0x000000070c900000, 0x000000070c900000| Untracked 
| 148|0x000000070ca00000, 0x000000070ca00000, 0x000000070cb00000|  0%| F|  |TAMS 0x000000070ca00000, 0x000000070ca00000| Untracked 
| 149|0x000000070cb00000, 0x000000070cb00000, 0x000000070cc00000|  0%| F|  |TAMS 0x000000070cb00000, 0x000000070cb00000| Untracked 
| 150|0x000000070cc00000, 0x000000070cc00000, 0x000000070cd00000|  0%| F|  |TAMS 0x000000070cc00000, 0x000000070cc00000| Untracked 
| 151|0x000000070cd00000, 0x000000070cd00000, 0x000000070ce00000|  0%| F|  |TAMS 0x000000070cd00000, 0x000000070cd00000| Untracked 
| 152|0x000000070ce00000, 0x000000070ce00000, 0x000000070cf00000|  0%| F|  |TAMS 0x000000070ce00000, 0x000000070ce00000| Untracked 
| 153|0x000000070cf00000, 0x000000070cf00000, 0x000000070d000000|  0%| F|  |TAMS 0x000000070cf00000, 0x000000070cf00000| Untracked 
| 154|0x000000070d000000, 0x000000070d000000, 0x000000070d100000|  0%| F|  |TAMS 0x000000070d000000, 0x000000070d000000| Untracked 
| 155|0x000000070d100000, 0x000000070d100000, 0x000000070d200000|  0%| F|  |TAMS 0x000000070d100000, 0x000000070d100000| Untracked 
| 156|0x000000070d200000, 0x000000070d200000, 0x000000070d300000|  0%| F|  |TAMS 0x000000070d200000, 0x000000070d200000| Untracked 
| 157|0x000000070d300000, 0x000000070d300000, 0x000000070d400000|  0%| F|  |TAMS 0x000000070d300000, 0x000000070d300000| Untracked 
| 158|0x000000070d400000, 0x000000070d400000, 0x000000070d500000|  0%| F|  |TAMS 0x000000070d400000, 0x000000070d400000| Untracked 
| 159|0x000000070d500000, 0x000000070d500000, 0x000000070d600000|  0%| F|  |TAMS 0x000000070d500000, 0x000000070d500000| Untracked 
| 160|0x000000070d600000, 0x000000070d600000, 0x000000070d700000|  0%| F|  |TAMS 0x000000070d600000, 0x000000070d600000| Untracked 
| 161|0x000000070d700000, 0x000000070d700000, 0x000000070d800000|  0%| F|  |TAMS 0x000000070d700000, 0x000000070d700000| Untracked 
| 162|0x000000070d800000, 0x000000070d800000, 0x000000070d900000|  0%| F|  |TAMS 0x000000070d800000, 0x000000070d800000| Untracked 
| 163|0x000000070d900000, 0x000000070d900000, 0x000000070da00000|  0%| F|  |TAMS 0x000000070d900000, 0x000000070d900000| Untracked 
| 164|0x000000070da00000, 0x000000070da00000, 0x000000070db00000|  0%| F|  |TAMS 0x000000070da00000, 0x000000070da00000| Untracked 
| 165|0x000000070db00000, 0x000000070db00000, 0x000000070dc00000|  0%| F|  |TAMS 0x000000070db00000, 0x000000070db00000| Untracked 
| 166|0x000000070dc00000, 0x000000070dc00000, 0x000000070dd00000|  0%| F|  |TAMS 0x000000070dc00000, 0x000000070dc00000| Untracked 
| 167|0x000000070dd00000, 0x000000070dd00000, 0x000000070de00000|  0%| F|  |TAMS 0x000000070dd00000, 0x000000070dd00000| Untracked 
| 168|0x000000070de00000, 0x000000070de00000, 0x000000070df00000|  0%| F|  |TAMS 0x000000070de00000, 0x000000070de00000| Untracked 
| 169|0x000000070df00000, 0x000000070df00000, 0x000000070e000000|  0%| F|  |TAMS 0x000000070df00000, 0x000000070df00000| Untracked 
| 170|0x000000070e000000, 0x000000070e000000, 0x000000070e100000|  0%| F|  |TAMS 0x000000070e000000, 0x000000070e000000| Untracked 
| 171|0x000000070e100000, 0x000000070e100000, 0x000000070e200000|  0%| F|  |TAMS 0x000000070e100000, 0x000000070e100000| Untracked 
| 172|0x000000070e200000, 0x000000070e200000, 0x000000070e300000|  0%| F|  |TAMS 0x000000070e200000, 0x000000070e200000| Untracked 
| 173|0x000000070e300000, 0x000000070e300000, 0x000000070e400000|  0%| F|  |TAMS 0x000000070e300000, 0x000000070e300000| Untracked 
| 174|0x000000070e400000, 0x000000070e400000, 0x000000070e500000|  0%| F|  |TAMS 0x000000070e400000, 0x000000070e400000| Untracked 
| 175|0x000000070e500000, 0x000000070e500000, 0x000000070e600000|  0%| F|  |TAMS 0x000000070e500000, 0x000000070e500000| Untracked 
| 176|0x000000070e600000, 0x000000070e600000, 0x000000070e700000|  0%| F|  |TAMS 0x000000070e600000, 0x000000070e600000| Untracked 
| 177|0x000000070e700000, 0x000000070e700000, 0x000000070e800000|  0%| F|  |TAMS 0x000000070e700000, 0x000000070e700000| Untracked 
| 178|0x000000070e800000, 0x000000070e800000, 0x000000070e900000|  0%| F|  |TAMS 0x000000070e800000, 0x000000070e800000| Untracked 
| 179|0x000000070e900000, 0x000000070e900000, 0x000000070ea00000|  0%| F|  |TAMS 0x000000070e900000, 0x000000070e900000| Untracked 
| 180|0x000000070ea00000, 0x000000070ea00000, 0x000000070eb00000|  0%| F|  |TAMS 0x000000070ea00000, 0x000000070ea00000| Untracked 
| 181|0x000000070eb00000, 0x000000070eb00000, 0x000000070ec00000|  0%| F|  |TAMS 0x000000070eb00000, 0x000000070eb00000| Untracked 
| 182|0x000000070ec00000, 0x000000070ec00000, 0x000000070ed00000|  0%| F|  |TAMS 0x000000070ec00000, 0x000000070ec00000| Untracked 
| 183|0x000000070ed00000, 0x000000070ed00000, 0x000000070ee00000|  0%| F|  |TAMS 0x000000070ed00000, 0x000000070ed00000| Untracked 
| 184|0x000000070ee00000, 0x000000070ee00000, 0x000000070ef00000|  0%| F|  |TAMS 0x000000070ee00000, 0x000000070ee00000| Untracked 
| 185|0x000000070ef00000, 0x000000070ef00000, 0x000000070f000000|  0%| F|  |TAMS 0x000000070ef00000, 0x000000070ef00000| Untracked 
| 186|0x000000070f000000, 0x000000070f000000, 0x000000070f100000|  0%| F|  |TAMS 0x000000070f000000, 0x000000070f000000| Untracked 
| 187|0x000000070f100000, 0x000000070f100000, 0x000000070f200000|  0%| F|  |TAMS 0x000000070f100000, 0x000000070f100000| Untracked 
| 188|0x000000070f200000, 0x000000070f200000, 0x000000070f300000|  0%| F|  |TAMS 0x000000070f200000, 0x000000070f200000| Untracked 
| 189|0x000000070f300000, 0x000000070f300000, 0x000000070f400000|  0%| F|  |TAMS 0x000000070f300000, 0x000000070f300000| Untracked 
| 190|0x000000070f400000, 0x000000070f481000, 0x000000070f500000| 50%| E|  |TAMS 0x000000070f400000, 0x000000070f400000| Complete 
| 191|0x000000070f500000, 0x000000070f600000, 0x000000070f600000|100%| E|CS|TAMS 0x000000070f500000, 0x000000070f500000| Complete 
| 192|0x000000070f600000, 0x000000070f700000, 0x000000070f700000|100%| E|CS|TAMS 0x000000070f600000, 0x000000070f600000| Complete 
| 193|0x000000070f700000, 0x000000070f800000, 0x000000070f800000|100%| E|CS|TAMS 0x000000070f700000, 0x000000070f700000| Complete 
| 194|0x000000070f800000, 0x000000070f900000, 0x000000070f900000|100%| E|CS|TAMS 0x000000070f800000, 0x000000070f800000| Complete 
| 195|0x000000070f900000, 0x000000070fa00000, 0x000000070fa00000|100%| E|CS|TAMS 0x000000070f900000, 0x000000070f900000| Complete 
| 196|0x000000070fa00000, 0x000000070fb00000, 0x000000070fb00000|100%| E|CS|TAMS 0x000000070fa00000, 0x000000070fa00000| Complete 
| 197|0x000000070fb00000, 0x000000070fc00000, 0x000000070fc00000|100%| E|CS|TAMS 0x000000070fb00000, 0x000000070fb00000| Complete 
| 198|0x000000070fc00000, 0x000000070fd00000, 0x000000070fd00000|100%| E|CS|TAMS 0x000000070fc00000, 0x000000070fc00000| Complete 
| 199|0x000000070fd00000, 0x000000070fe00000, 0x000000070fe00000|100%| E|CS|TAMS 0x000000070fd00000, 0x000000070fd00000| Complete 
| 200|0x000000070fe00000, 0x000000070ff00000, 0x000000070ff00000|100%| E|CS|TAMS 0x000000070fe00000, 0x000000070fe00000| Complete 
| 201|0x000000070ff00000, 0x0000000710000000, 0x0000000710000000|100%| E|CS|TAMS 0x000000070ff00000, 0x000000070ff00000| Complete 
| 202|0x0000000710000000, 0x0000000710100000, 0x0000000710100000|100%| E|CS|TAMS 0x0000000710000000, 0x0000000710000000| Complete 
| 203|0x0000000710100000, 0x0000000710200000, 0x0000000710200000|100%| E|CS|TAMS 0x0000000710100000, 0x0000000710100000| Complete 
| 204|0x0000000710200000, 0x0000000710300000, 0x0000000710300000|100%| E|CS|TAMS 0x0000000710200000, 0x0000000710200000| Complete 
| 205|0x0000000710300000, 0x0000000710400000, 0x0000000710400000|100%| E|CS|TAMS 0x0000000710300000, 0x0000000710300000| Complete 
| 206|0x0000000710400000, 0x0000000710500000, 0x0000000710500000|100%| E|CS|TAMS 0x0000000710400000, 0x0000000710400000| Complete 
| 207|0x0000000710500000, 0x0000000710600000, 0x0000000710600000|100%| E|CS|TAMS 0x0000000710500000, 0x0000000710500000| Complete 
| 208|0x0000000710600000, 0x0000000710700000, 0x0000000710700000|100%| E|CS|TAMS 0x0000000710600000, 0x0000000710600000| Complete 
| 209|0x0000000710700000, 0x0000000710800000, 0x0000000710800000|100%| E|CS|TAMS 0x0000000710700000, 0x0000000710700000| Complete 
| 210|0x0000000710800000, 0x0000000710900000, 0x0000000710900000|100%| E|CS|TAMS 0x0000000710800000, 0x0000000710800000| Complete 
| 211|0x0000000710900000, 0x0000000710a00000, 0x0000000710a00000|100%| E|CS|TAMS 0x0000000710900000, 0x0000000710900000| Complete 
| 212|0x0000000710a00000, 0x0000000710b00000, 0x0000000710b00000|100%| E|CS|TAMS 0x0000000710a00000, 0x0000000710a00000| Complete 
| 213|0x0000000710b00000, 0x0000000710c00000, 0x0000000710c00000|100%| E|CS|TAMS 0x0000000710b00000, 0x0000000710b00000| Complete 
| 214|0x0000000710c00000, 0x0000000710d00000, 0x0000000710d00000|100%| E|CS|TAMS 0x0000000710c00000, 0x0000000710c00000| Complete 
| 215|0x0000000710d00000, 0x0000000710e00000, 0x0000000710e00000|100%| E|CS|TAMS 0x0000000710d00000, 0x0000000710d00000| Complete 
| 216|0x0000000710e00000, 0x0000000710f00000, 0x0000000710f00000|100%| E|CS|TAMS 0x0000000710e00000, 0x0000000710e00000| Complete 
| 217|0x0000000710f00000, 0x0000000711000000, 0x0000000711000000|100%| E|CS|TAMS 0x0000000710f00000, 0x0000000710f00000| Complete 
| 218|0x0000000711000000, 0x0000000711100000, 0x0000000711100000|100%| E|CS|TAMS 0x0000000711000000, 0x0000000711000000| Complete 
| 219|0x0000000711100000, 0x0000000711200000, 0x0000000711200000|100%| E|CS|TAMS 0x0000000711100000, 0x0000000711100000| Complete 
| 220|0x0000000711200000, 0x0000000711300000, 0x0000000711300000|100%| E|CS|TAMS 0x0000000711200000, 0x0000000711200000| Complete 
| 221|0x0000000711300000, 0x0000000711400000, 0x0000000711400000|100%| E|CS|TAMS 0x0000000711300000, 0x0000000711300000| Complete 
| 222|0x0000000711400000, 0x0000000711500000, 0x0000000711500000|100%| E|CS|TAMS 0x0000000711400000, 0x0000000711400000| Complete 
| 223|0x0000000711500000, 0x0000000711600000, 0x0000000711600000|100%| E|CS|TAMS 0x0000000711500000, 0x0000000711500000| Complete 
| 224|0x0000000711600000, 0x0000000711700000, 0x0000000711700000|100%| E|CS|TAMS 0x0000000711600000, 0x0000000711600000| Complete 
| 225|0x0000000711700000, 0x0000000711800000, 0x0000000711800000|100%| E|CS|TAMS 0x0000000711700000, 0x0000000711700000| Complete 
| 226|0x0000000711800000, 0x0000000711900000, 0x0000000711900000|100%| E|CS|TAMS 0x0000000711800000, 0x0000000711800000| Complete 
| 227|0x0000000711900000, 0x0000000711a00000, 0x0000000711a00000|100%| E|CS|TAMS 0x0000000711900000, 0x0000000711900000| Complete 
| 228|0x0000000711a00000, 0x0000000711b00000, 0x0000000711b00000|100%| E|CS|TAMS 0x0000000711a00000, 0x0000000711a00000| Complete 
| 229|0x0000000711b00000, 0x0000000711c00000, 0x0000000711c00000|100%| E|CS|TAMS 0x0000000711b00000, 0x0000000711b00000| Complete 
| 230|0x0000000711c00000, 0x0000000711d00000, 0x0000000711d00000|100%| E|CS|TAMS 0x0000000711c00000, 0x0000000711c00000| Complete 
| 231|0x0000000711d00000, 0x0000000711e00000, 0x0000000711e00000|100%| E|CS|TAMS 0x0000000711d00000, 0x0000000711d00000| Complete 
| 232|0x0000000711e00000, 0x0000000711f00000, 0x0000000711f00000|100%| E|CS|TAMS 0x0000000711e00000, 0x0000000711e00000| Complete 
| 233|0x0000000711f00000, 0x0000000712000000, 0x0000000712000000|100%| E|CS|TAMS 0x0000000711f00000, 0x0000000711f00000| Complete 
| 234|0x0000000712000000, 0x0000000712100000, 0x0000000712100000|100%| E|CS|TAMS 0x0000000712000000, 0x0000000712000000| Complete 
| 235|0x0000000712100000, 0x0000000712200000, 0x0000000712200000|100%| E|CS|TAMS 0x0000000712100000, 0x0000000712100000| Complete 
| 236|0x0000000712200000, 0x0000000712300000, 0x0000000712300000|100%| E|CS|TAMS 0x0000000712200000, 0x0000000712200000| Complete 
| 237|0x0000000712300000, 0x0000000712400000, 0x0000000712400000|100%| E|CS|TAMS 0x0000000712300000, 0x0000000712300000| Complete 
| 238|0x0000000712400000, 0x0000000712500000, 0x0000000712500000|100%| E|CS|TAMS 0x0000000712400000, 0x0000000712400000| Complete 
| 239|0x0000000712500000, 0x0000000712600000, 0x0000000712600000|100%| E|CS|TAMS 0x0000000712500000, 0x0000000712500000| Complete 
| 240|0x0000000712600000, 0x0000000712700000, 0x0000000712700000|100%| E|CS|TAMS 0x0000000712600000, 0x0000000712600000| Complete 
| 241|0x0000000712700000, 0x0000000712800000, 0x0000000712800000|100%| E|CS|TAMS 0x0000000712700000, 0x0000000712700000| Complete 
| 242|0x0000000712800000, 0x0000000712900000, 0x0000000712900000|100%| E|CS|TAMS 0x0000000712800000, 0x0000000712800000| Complete 
| 243|0x0000000712900000, 0x0000000712a00000, 0x0000000712a00000|100%| E|CS|TAMS 0x0000000712900000, 0x0000000712900000| Complete 
| 244|0x0000000712a00000, 0x0000000712b00000, 0x0000000712b00000|100%| E|CS|TAMS 0x0000000712a00000, 0x0000000712a00000| Complete 
| 245|0x0000000712b00000, 0x0000000712c00000, 0x0000000712c00000|100%| E|CS|TAMS 0x0000000712b00000, 0x0000000712b00000| Complete 
| 246|0x0000000712c00000, 0x0000000712d00000, 0x0000000712d00000|100%| E|CS|TAMS 0x0000000712c00000, 0x0000000712c00000| Complete 
| 247|0x0000000712d00000, 0x0000000712e00000, 0x0000000712e00000|100%| E|CS|TAMS 0x0000000712d00000, 0x0000000712d00000| Complete 
| 248|0x0000000712e00000, 0x0000000712f00000, 0x0000000712f00000|100%| E|CS|TAMS 0x0000000712e00000, 0x0000000712e00000| Complete 
| 249|0x0000000712f00000, 0x0000000713000000, 0x0000000713000000|100%| E|CS|TAMS 0x0000000712f00000, 0x0000000712f00000| Complete 
| 250|0x0000000713000000, 0x0000000713100000, 0x0000000713100000|100%| E|CS|TAMS 0x0000000713000000, 0x0000000713000000| Complete 
| 251|0x0000000713100000, 0x0000000713200000, 0x0000000713200000|100%| E|CS|TAMS 0x0000000713100000, 0x0000000713100000| Complete 
| 252|0x0000000713200000, 0x0000000713300000, 0x0000000713300000|100%| E|CS|TAMS 0x0000000713200000, 0x0000000713200000| Complete 
| 253|0x0000000713300000, 0x0000000713400000, 0x0000000713400000|100%| E|CS|TAMS 0x0000000713300000, 0x0000000713300000| Complete 

Card table byte_map: [0x0000025ef8bd0000,0x0000025ef93c0000] _byte_map_base: 0x0000025ef53b5000

Marking Bits (Prev, Next): (CMBitMap*) 0x0000025edfbcf9a0, (CMBitMap*) 0x0000025edfbcf968
 Prev Bits: [0x0000025e80000000, 0x0000025e83f28000)
 Next Bits: [0x0000025ef9bb0000, 0x0000025efdad8000)

Polling page: 0x0000025edfc50000

Metaspace:

Usage:
  Non-class:     23.48 MB capacity,    23.13 MB ( 99%) used,   318.53 KB (  1%) free+waste,    32.31 KB ( <1%) overhead. 
      Class:      2.88 MB capacity,     2.66 MB ( 92%) used,   212.70 KB (  7%) free+waste,    13.00 KB ( <1%) overhead. 
       Both:     26.36 MB capacity,    25.80 MB ( 98%) used,   531.23 KB (  2%) free+waste,    45.31 KB ( <1%) overhead. 

Virtual space:
  Non-class space:       24.00 MB reserved,      23.50 MB ( 98%) committed 
      Class space:        1.00 GB reserved,       3.00 MB ( <1%) committed 
             Both:        1.02 GB reserved,      26.50 MB (  3%) committed 

Chunk freelists:
   Non-Class:  3.00 KB
       Class:  0 bytes
        Both:  3.00 KB

CodeHeap 'non-profiled nmethods': size=120000Kb used=3559Kb max_used=3559Kb free=116440Kb
 bounds [0x0000025ef0440000, 0x0000025ef07c0000, 0x0000025ef7970000]
CodeHeap 'profiled nmethods': size=120000Kb used=12573Kb max_used=12573Kb free=107426Kb
 bounds [0x0000025ee8f10000, 0x0000025ee9b60000, 0x0000025ef0440000]
CodeHeap 'non-nmethods': size=5760Kb used=1127Kb max_used=1178Kb free=4632Kb
 bounds [0x0000025ee8970000, 0x0000025ee8be0000, 0x0000025ee8f10000]
 total_blobs=5462 nmethods=5038 adapters=335
 compilation: enabled
              stopped_count=0, restarted_count=0
 full_count=0

Compilation events (10 events):
Event: 183.377 Thread 0x0000025e84fbe000 nmethod 5040 0x0000025ee9b56610 code [0x0000025ee9b567a0, 0x0000025ee9b568f8]
Event: 183.382 Thread 0x0000025e84fbe000 5041       3       java.lang.invoke.MemberName::flagsMods (72 bytes)
Event: 183.382 Thread 0x0000025e84fbe000 nmethod 5041 0x0000025ee9b56990 code [0x0000025ee9b56b20, 0x0000025ee9b56c38]
Event: 183.382 Thread 0x0000025e84fbe000 5042       3       java.lang.invoke.MemberName::init (66 bytes)
Event: 183.382 Thread 0x0000025e84fbe000 nmethod 5042 0x0000025ee9b56d10 code [0x0000025ee9b56ec0, 0x0000025ee9b57118]
Event: 183.392 Thread 0x0000025e84f1a800 5043  s!   4       jdk.internal.loader.URLClassPath::getLoader (194 bytes)
Event: 183.420 Thread 0x0000025e84f1a800 nmethod 5043 0x0000025ef07b8890 code [0x0000025ef07b8ac0, 0x0000025ef07b97a0]
Event: 207.366 Thread 0x0000025e84fbe000 5044       3       sun.nio.cs.SingleByte$Decoder::decode (11 bytes)
Event: 207.367 Thread 0x0000025e84fbe000 nmethod 5044 0x0000025ee9b57190 code [0x0000025ee9b57320, 0x0000025ee9b57458]
Event: 207.367 Thread 0x0000025e84fbe000 5045       3       sun.nio.cs.SingleByte$Encoder::encodeArrayLoop (233 bytes)

GC Heap History (8 events):
Event: 8.693 GC heap before
{Heap before GC invocations=0 (full 0):
 garbage-first heap   total 260096K, used 23552K [0x0000000703600000, 0x0000000800000000)
  region size 1024K, 24 young (24576K), 0 survivors (0K)
 Metaspace       used 12443K, capacity 12597K, committed 12672K, reserved 1060864K
  class space    used 1257K, capacity 1348K, committed 1408K, reserved 1048576K
}
Event: 8.756 GC heap after
{Heap after GC invocations=1 (full 0):
 garbage-first heap   total 260096K, used 3459K [0x0000000703600000, 0x0000000800000000)
  region size 1024K, 3 young (3072K), 3 survivors (3072K)
 Metaspace       used 12443K, capacity 12597K, committed 12672K, reserved 1060864K
  class space    used 1257K, capacity 1348K, committed 1408K, reserved 1048576K
}
Event: 40.106 GC heap before
{Heap before GC invocations=1 (full 0):
 garbage-first heap   total 260096K, used 101763K [0x0000000703600000, 0x0000000800000000)
  region size 1024K, 100 young (102400K), 3 survivors (3072K)
 Metaspace       used 20915K, capacity 21214K, committed 21248K, reserved 1069056K
  class space    used 2180K, capacity 2283K, committed 2304K, reserved 1048576K
}
Event: 40.122 GC heap after
{Heap after GC invocations=2 (full 0):
 garbage-first heap   total 260096K, used 10146K [0x0000000703600000, 0x0000000800000000)
  region size 1024K, 10 young (10240K), 10 survivors (10240K)
 Metaspace       used 20915K, capacity 21214K, committed 21248K, reserved 1069056K
  class space    used 2180K, capacity 2283K, committed 2304K, reserved 1048576K
}
Event: 88.951 GC heap before
{Heap before GC invocations=3 (full 0):
 garbage-first heap   total 260096K, used 112546K [0x0000000703600000, 0x0000000800000000)
  region size 1024K, 110 young (112640K), 10 survivors (10240K)
 Metaspace       used 23962K, capacity 24490K, committed 24700K, reserved 1071104K
  class space    used 2449K, capacity 2625K, committed 2684K, reserved 1048576K
}
Event: 88.972 GC heap after
{Heap after GC invocations=4 (full 0):
 garbage-first heap   total 260096K, used 17759K [0x0000000703600000, 0x0000000800000000)
  region size 1024K, 14 young (14336K), 14 survivors (14336K)
 Metaspace       used 23962K, capacity 24490K, committed 24700K, reserved 1071104K
  class space    used 2449K, capacity 2625K, committed 2684K, reserved 1048576K
}
Event: 159.395 GC heap before
{Heap before GC invocations=4 (full 0):
 garbage-first heap   total 260096K, used 139615K [0x0000000703600000, 0x0000000800000000)
  region size 1024K, 133 young (136192K), 14 survivors (14336K)
 Metaspace       used 26025K, capacity 26546K, committed 26748K, reserved 1073152K
  class space    used 2697K, capacity 2906K, committed 2940K, reserved 1048576K
}
Event: 159.418 GC heap after
{Heap after GC invocations=5 (full 0):
 garbage-first heap   total 260096K, used 25128K [0x0000000703600000, 0x0000000800000000)
  region size 1024K, 15 young (15360K), 15 survivors (15360K)
 Metaspace       used 26025K, capacity 26546K, committed 26748K, reserved 1073152K
  class space    used 2697K, capacity 2906K, committed 2940K, reserved 1048576K
}

Deoptimization events (10 events):
Event: 143.738 Thread 0x0000025e876fd000 Uncommon trap: reason=unstable_if action=reinterpret pc=0x0000025ef0764388 method=java.util.concurrent.locks.AbstractQueuedSynchronizer.release(I)Z @ 14 c2
Event: 151.077 Thread 0x0000025edfb70000 Uncommon trap: reason=unstable_if action=reinterpret pc=0x0000025ef075d470 method=org.codehaus.plexus.interpolation.util.StringUtils.capitalizeFirstLetter(Ljava/lang/String;)Ljava/lang/String; @ 13 c2
Event: 151.077 Thread 0x0000025edfb70000 Uncommon trap: reason=unstable_if action=reinterpret pc=0x0000025ef075f278 method=org.codehaus.plexus.interpolation.util.StringUtils.capitalizeFirstLetter(Ljava/lang/String;)Ljava/lang/String; @ 13 c2
Event: 151.411 Thread 0x0000025edfb70000 Uncommon trap: reason=unstable_if action=reinterpret pc=0x0000025ef0755744 method=org.apache.maven.model.io.xpp3.MavenXpp3ReaderEx.nextTag(Lorg/codehaus/plexus/util/xml/pull/XmlPullParser;)I @ 9 c2
Event: 154.175 Thread 0x0000025edfb70000 Uncommon trap: reason=intrinsic_or_type_checked_inlining action=make_not_entrant pc=0x0000025ef0775e40 method=java.util.ArrayList.toArray([Ljava/lang/Object;)[Ljava/lang/Object; @ 36 c2
Event: 154.177 Thread 0x0000025edfb70000 Uncommon trap: reason=intrinsic_or_type_checked_inlining action=make_not_entrant pc=0x0000025ef0778410 method=java.util.ArrayList.toArray([Ljava/lang/Object;)[Ljava/lang/Object; @ 36 c2
Event: 177.310 Thread 0x0000025edfb70000 Uncommon trap: reason=profile_predicate action=maybe_recompile pc=0x0000025ef0609948 method=org.apache.maven.model.merge.MavenModelMerger.mergePlugin_Executions(Lorg/apache/maven/model/Plugin;Lorg/apache/maven/model/Plugin;ZLjava/util/Map;)V @ 148 c2
Event: 177.870 Thread 0x0000025edfb70000 Uncommon trap: reason=profile_predicate action=maybe_recompile pc=0x0000025ef0609948 method=org.apache.maven.model.merge.MavenModelMerger.mergePlugin_Executions(Lorg/apache/maven/model/Plugin;Lorg/apache/maven/model/Plugin;ZLjava/util/Map;)V @ 148 c2
Event: 180.500 Thread 0x0000025edfb70000 Uncommon trap: reason=class_check action=maybe_recompile pc=0x0000025ef07a0ce4 method=java.util.Collections$SynchronizedCollection.iterator()Ljava/util/Iterator; @ 4 c2
Event: 180.500 Thread 0x0000025edfb70000 Uncommon trap: reason=class_check action=maybe_recompile pc=0x0000025ef07a0ce4 method=java.util.Collections$SynchronizedCollection.iterator()Ljava/util/Iterator; @ 4 c2

Classes redefined (0 events):
No events

Internal exceptions (10 events):
Event: 131.768 Thread 0x0000025edfb70000 Exception <a 'sun/nio/fs/WindowsException'{0x000000070fe97b28}> (0x000000070fe97b28) thrown at [./open/src/hotspot/share/prims/jni.cpp, line 611]
Event: 131.768 Thread 0x0000025edfb70000 Exception <a 'sun/nio/fs/WindowsException'{0x000000070fe99468}> (0x000000070fe99468) thrown at [./open/src/hotspot/share/prims/jni.cpp, line 611]
Event: 131.768 Thread 0x0000025edfb70000 Exception <a 'sun/nio/fs/WindowsException'{0x000000070fe9ac80}> (0x000000070fe9ac80) thrown at [./open/src/hotspot/share/prims/jni.cpp, line 611]
Event: 131.768 Thread 0x0000025edfb70000 Exception <a 'sun/nio/fs/WindowsException'{0x000000070fe9c480}> (0x000000070fe9c480) thrown at [./open/src/hotspot/share/prims/jni.cpp, line 611]
Event: 132.768 Thread 0x0000025edfb70000 Exception <a 'java/lang/NoClassDefFoundError'{0x000000070f5c6830}: org/apache/maven/doxia/parser/module/ParserModuleNotFoundException> (0x000000070f5c6830) thrown at [./open/src/hotspot/share/classfile/systemDictionary.cpp, line 216]
Event: 183.322 Thread 0x0000025edfb70000 Exception <a 'java/lang/NoSuchMethodError'{0x000000070f5924b8}: java.lang.invoke.DirectMethodHandle$Holder.invokeStatic(Ljava/lang/Object;J)V> (0x000000070f5924b8) thrown at [./open/src/hotspot/share/interpreter/linkResolver.cpp, line 772]
Event: 183.324 Thread 0x0000025edfb70000 Exception <a 'java/lang/NoSuchMethodError'{0x000000070f597700}: java.lang.invoke.DirectMethodHandle$Holder.invokeStatic(Ljava/lang/Object;J)Ljava/lang/Object;> (0x000000070f597700) thrown at [./open/src/hotspot/share/interpreter/linkResolver.cpp, line 772
Event: 183.373 Thread 0x0000025edfb70000 Exception <a 'java/lang/NoSuchMethodError'{0x000000070f5a5b58}: java.lang.invoke.DirectMethodHandle$Holder.invokeStaticInit(Ljava/lang/Object;Ljava/lang/Object;JLjava/lang/Object;)Ljava/lang/Object;> (0x000000070f5a5b58) thrown at [./open/src/hotspot/shar
Event: 183.375 Thread 0x0000025edfb70000 Exception <a 'java/lang/NoSuchMethodError'{0x000000070f5aba78}: java.lang.invoke.DirectMethodHandle$Holder.invokeStatic(Ljava/lang/Object;Ljava/lang/Object;J)Ljava/lang/Object;> (0x000000070f5aba78) thrown at [./open/src/hotspot/share/interpreter/linkReso
Event: 183.377 Thread 0x0000025edfb70000 Exception <a 'java/lang/NoSuchMethodError'{0x000000070f5b1d48}: java.lang.invoke.Invokers$Holder.linkToTargetMethod(Ljava/lang/Object;JLjava/lang/Object;)Ljava/lang/Object;> (0x000000070f5b1d48) thrown at [./open/src/hotspot/share/interpreter/linkResolver

Events (10 events):
Event: 183.392 loading class org/codehaus/plexus/util/cli/CommandLineUtils$1
Event: 183.392 loading class org/codehaus/plexus/util/cli/CommandLineUtils$1 done
Event: 183.392 loading class org/codehaus/plexus/util/cli/CommandLineUtils$1
Event: 183.392 loading class org/codehaus/plexus/util/cli/CommandLineUtils$1 done
Event: 207.367 Executing VM operation: RevokeBias
Event: 207.367 Executing VM operation: RevokeBias done
Event: 207.367 Executing VM operation: RevokeBias
Event: 207.367 Executing VM operation: RevokeBias done
Event: 207.367 Executing VM operation: RevokeBias
Event: 207.367 Executing VM operation: RevokeBias done


Dynamic libraries:
0x00007ff6c46b0000 - 0x00007ff6c46bf000 	C:\Program Files\Java\jdk-11.0.13\bin\java.exe
0x00007ffeb33c0000 - 0x00007ffeb35c9000 	C:\Windows\SYSTEM32\ntdll.dll
0x00007ffe6faf0000 - 0x00007ffe6fb07000 	C:\Program Files\AVG\Antivirus\aswhook.dll
0x00007ffeb28f0000 - 0x00007ffeb29ad000 	C:\Windows\System32\KERNEL32.DLL
0x00007ffeb0de0000 - 0x00007ffeb115c000 	C:\Windows\System32\KERNELBASE.dll
0x00007ffeb0b30000 - 0x00007ffeb0c41000 	C:\Windows\System32\ucrtbase.dll
0x00007ffeaf5b0000 - 0x00007ffeaf5c8000 	C:\Program Files\Java\jdk-11.0.13\bin\jli.dll
0x00007ffe487e0000 - 0x00007ffe487f5000 	C:\Program Files\Java\jdk-11.0.13\bin\VCRUNTIME140.dll
0x00007ffeb30e0000 - 0x00007ffeb318e000 	C:\Windows\System32\ADVAPI32.dll
0x00007ffeb3280000 - 0x00007ffeb3323000 	C:\Windows\System32\msvcrt.dll
0x00007ffeb18a0000 - 0x00007ffeb193e000 	C:\Windows\System32\sechost.dll
0x00007ffeb29b0000 - 0x00007ffeb2ad0000 	C:\Windows\System32\RPCRT4.dll
0x00007ffeb2110000 - 0x00007ffeb22bd000 	C:\Windows\System32\USER32.dll
0x00007ffeb1160000 - 0x00007ffeb1186000 	C:\Windows\System32\win32u.dll
0x00007ffeb2730000 - 0x00007ffeb2759000 	C:\Windows\System32\GDI32.dll
0x00007ffeb08a0000 - 0x00007ffeb09b9000 	C:\Windows\System32\gdi32full.dll
0x00007ffeb0cd0000 - 0x00007ffeb0d6d000 	C:\Windows\System32\msvcp_win.dll
0x00007ffeafb30000 - 0x00007ffeafdd5000 	C:\Windows\WinSxS\amd64_microsoft.windows.common-controls_6595b64144ccf1df_6.0.22000.120_none_9d947278b86cc467\COMCTL32.dll
0x00007ffeaeed0000 - 0x00007ffeaeeda000 	C:\Windows\SYSTEM32\VERSION.dll
0x00007ffeb3330000 - 0x00007ffeb3361000 	C:\Windows\System32\IMM32.DLL
0x00007ffe38f80000 - 0x00007ffe3901b000 	C:\Program Files\Java\jdk-11.0.13\bin\msvcp140.dll
0x00007ffdeff40000 - 0x00007ffdf0a53000 	C:\Program Files\Java\jdk-11.0.13\bin\server\jvm.dll
0x00007ffeb3370000 - 0x00007ffeb3378000 	C:\Windows\System32\PSAPI.DLL
0x00007ffe8b500000 - 0x00007ffe8b509000 	C:\Windows\SYSTEM32\WSOCK32.dll
0x00007ffeb1780000 - 0x00007ffeb17ef000 	C:\Windows\System32\WS2_32.dll
0x00007ffea49a0000 - 0x00007ffea49d3000 	C:\Windows\SYSTEM32\WINMM.dll
0x00007ffeaead0000 - 0x00007ffeaeae8000 	C:\Windows\SYSTEM32\kernel.appcore.dll
0x00007ffea8f10000 - 0x00007ffea8f20000 	C:\Program Files\Java\jdk-11.0.13\bin\verify.dll
0x00007ffeb01f0000 - 0x00007ffeb0411000 	C:\Windows\SYSTEM32\DBGHELP.DLL
0x00007ffeb00c0000 - 0x00007ffeb00f1000 	C:\Windows\SYSTEM32\dbgcore.DLL
0x00007ffeb0c50000 - 0x00007ffeb0ccf000 	C:\Windows\System32\bcryptPrimitives.dll
0x00007ffe92950000 - 0x00007ffe92978000 	C:\Program Files\Java\jdk-11.0.13\bin\java.dll
0x00007ffe987f0000 - 0x00007ffe987fa000 	C:\Program Files\Java\jdk-11.0.13\bin\jimage.dll
0x00007ffe89130000 - 0x00007ffe89146000 	C:\Program Files\Java\jdk-11.0.13\bin\zip.dll
0x00007ffeb1940000 - 0x00007ffeb20f8000 	C:\Windows\System32\SHELL32.dll
0x00007ffeadaa0000 - 0x00007ffeae308000 	C:\Windows\SYSTEM32\windows.storage.dll
0x00007ffeb2d50000 - 0x00007ffeb30c9000 	C:\Windows\System32\combase.dll
0x00007ffead930000 - 0x00007ffeada96000 	C:\Windows\SYSTEM32\wintypes.dll
0x00007ffeb2b80000 - 0x00007ffeb2c6a000 	C:\Windows\System32\SHCORE.dll
0x00007ffeb1490000 - 0x00007ffeb14ed000 	C:\Windows\System32\shlwapi.dll
0x00007ffeb07d0000 - 0x00007ffeb07f1000 	C:\Windows\SYSTEM32\profapi.dll
0x00007ffe89110000 - 0x00007ffe89129000 	C:\Program Files\Java\jdk-11.0.13\bin\net.dll
0x00007ffea4fe0000 - 0x00007ffea50ec000 	C:\Windows\SYSTEM32\WINHTTP.dll
0x00007ffeaeee0000 - 0x00007ffeaef47000 	C:\Windows\system32\mswsock.dll
0x00007ffe890f0000 - 0x00007ffe89102000 	C:\Program Files\Java\jdk-11.0.13\bin\nio.dll
0x0000000069ac0000 - 0x0000000069ae4000 	C:\Users\darkn\AppData\Local\Temp\jansi-2.4.0-e1a6ffeda6c42e02-jansi.dll

dbghelp: loaded successfully - version: 4.0.5 - missing functions: none
symbol engine: initialized successfully - sym options: 0x614 - pdb path: .;C:\Program Files\Java\jdk-11.0.13\bin;C:\Windows\SYSTEM32;C:\Program Files\AVG\Antivirus;C:\Windows\WinSxS\amd64_microsoft.windows.common-controls_6595b64144ccf1df_6.0.22000.120_none_9d947278b86cc467;C:\Program Files\Java\jdk-11.0.13\bin\server;C:\Users\darkn\AppData\Local\Temp

VM Arguments:
jvm_args: -Dmaven.multiModuleProjectDirectory=E:\MirabiliaProject\APMIS\SORMAS-Project\APMIS-Project\sormas-base -Dclassworlds.conf=E:\MirabiliaProject\apache-maven-3.8.4\bin\m2.conf -Dmaven.home=E:\MirabiliaProject\apache-maven-3.8.4 
java_command: org.codehaus.classworlds.Launcher install -Dmaven.test.skip=true -B
java_class_path (initial): E:\MirabiliaProject\apache-maven-3.8.4\boot\plexus-classworlds-2.6.0.jar
Launcher Type: SUN_STANDARD

[Global flags]
     intx CICompilerCount                          = 4                                         {product} {ergonomic}
     uint ConcGCThreads                            = 2                                         {product} {ergonomic}
     uint G1ConcRefinementThreads                  = 8                                         {product} {ergonomic}
   size_t G1HeapRegionSize                         = 1048576                                   {product} {ergonomic}
    uintx GCDrainStackTargetSize                   = 64                                        {product} {ergonomic}
   size_t InitialHeapSize                          = 266338304                                 {product} {ergonomic}
   size_t MarkStackSize                            = 4194304                                   {product} {ergonomic}
   size_t MaxHeapSize                              = 4238344192                                {product} {ergonomic}
   size_t MaxNewSize                               = 2542796800                                {product} {ergonomic}
   size_t MinHeapDeltaBytes                        = 1048576                                   {product} {ergonomic}
    uintx NonNMethodCodeHeapSize                   = 5836300                                {pd product} {ergonomic}
    uintx NonProfiledCodeHeapSize                  = 122910970                              {pd product} {ergonomic}
    uintx ProfiledCodeHeapSize                     = 122910970                              {pd product} {ergonomic}
    uintx ReservedCodeCacheSize                    = 251658240                              {pd product} {ergonomic}
     bool SegmentedCodeCache                       = true                                      {product} {ergonomic}
     bool UseCompressedClassPointers               = true                                 {lp64_product} {ergonomic}
     bool UseCompressedOops                        = true                                 {lp64_product} {ergonomic}
     bool UseG1GC                                  = true                                      {product} {ergonomic}
     bool UseLargePagesIndividualAllocation        = false                                  {pd product} {ergonomic}

Logging:
Log output configuration:
 #0: stdout all=warning uptime,level,tags
 #1: stderr all=off uptime,level,tags

Environment Variables:
JAVA_HOME=C:\Program Files\Java\jdk1.8.0_202
PATH=C:/Program Files/Java/jdk-11.0.13/bin/server;C:/Program Files/Java/jdk-11.0.13/bin;C:\Program Files (x86)\Common Files\Oracle\Java\javapath;C:\Program Files\Common Files\Oracle\Java\javapath;C:\Windows\system32;C:\Windows;C:\Windows\System32\Wbem;C:\Windows\System32\WindowsPowerShell\v1.0\;C:\Windows\System32\OpenSSH\;C:\Program Files\Git\cmd;C:\Program Files\Git\mingw64\bin;C:\Program Files\Git\usr\bin;C:\Program Files\Java\jdk-11.0.13\bin;E:\MirabiliaProject\apache-maven-3.8.4\bin;C:\Program Files\PostgreSQL\10\bin;C:\Program Files\PuTTY\;C:\Windows;C:\Program Files\nodejs\;C:\Users\darkn\AppData\Local\Microsoft\WindowsApps;C:\Users\darkn\AppData\Local\Programs\Microsoft VS Code\bin;C:\Users\darkn\AppData\Roaming\npm;C:\Users\darkn\Downloads\pms\tomcat-8.5.34\lib\sigar;C:\Users\darkn\Downloads\pms_new\tomcat-8.5.34\lib\sigar;C:\Tesseract-OCR;C:\Program Files\dotnet\;C:\Users\darkn\AppData\Local\Android\Sdk\platform-tools;C:\Users\darkn\AppData\Local\Microsoft\WindowsApps;C:\Users\darkn\AppData\Local\Programs\Microsoft VS Code\bin;C:\Users\darkn\AppData\Roaming\npm;C:\Users\darkn\AppData\Local\GitHubDesktop\bin;C:\Windows\system32;
USERNAME=darkn
OS=Windows_NT
PROCESSOR_IDENTIFIER=Intel64 Family 6 Model 126 Stepping 5, GenuineIntel



---------------  S Y S T E M  ---------------

OS: Windows 10 , 64 bit Build 22000 (10.0.22000.708)
Hyper-V role detected

CPU:total 8 (initial active 8) (4 cores per cpu, 2 threads per core) family 6 model 126 stepping 5 microcode 0xa0, cmov, cx8, fxsr, mmx, sse, sse2, sse3, ssse3, sse4.1, sse4.2, popcnt, avx, avx2, aes, clmul, erms, 3dnowpref, lzcnt, ht, tsc, tscinvbit, bmi1, bmi2, adx, evex, sha, fma

Memory: 4k page, system-wide physical 16165M (520M free)
TotalPageFile size 46599M (AvailPageFile size 0M)
current process WorkingSet (physical memory assigned to process): 249M, peak: 264M
current process commit charge ("private bytes"): 392M, peak: 416M

vm_info: Java HotSpot(TM) 64-Bit Server VM (11.0.13+10-LTS-370) for windows-amd64 JRE (11.0.13+10-LTS-370), built on Sep 15 2021 22:10:36 by "mach5one" with MS VC++ 15.9 (VS2017)

END.
