#
# There is insufficient memory for the Java Runtime Environment to continue.
# Native memory allocation (malloc) failed to allocate 1302256 bytes for Chunk::new
# Possible reasons:
#   The system is out of physical RAM or swap space
#   The process is running with CompressedOops enabled, and the Java Heap may be blocking the growth of the native heap
# Possible solutions:
#   Reduce memory load on the system
#   Increase physical memory or swap space
#   Check if swap backing store is full
#   Decrease Java heap size (-Xmx/-Xms)
#   Decrease number of Java threads
#   Decrease Java thread stack sizes (-Xss)
#   Set larger code cache with -XX:ReservedCodeCacheSize=
#   JVM is running with Zero Based Compressed Oops mode in which the Java heap is
#     placed in the first 32GB address space. The Java Heap base address is the
#     maximum limit for the native heap growth. Please use -XX:HeapBaseMinAddress
#     to set the Java Heap base and to place the Java Heap above 32GB virtual address.
# This output file may be truncated or incomplete.
#
#  Out of Memory Error (./open/src/hotspot/share/memory/arena.cpp:197), pid=14652, tid=28572
#
# JRE version: Java(TM) SE Runtime Environment 18.9 (11.0.13+10) (build 11.0.13+10-LTS-370)
# Java VM: Java HotSpot(TM) 64-Bit Server VM 18.9 (11.0.13+10-LTS-370, mixed mode, tiered, compressed oops, g1 gc, windows-amd64)
# No core dump will be written. Minidumps are not enabled by default on client versions of Windows
#

---------------  S U M M A R Y ------------

Command Line: -Dmaven.multiModuleProjectDirectory=E:\MirabiliaProject\APMIS\SORMAS-Project\APMIS-Project\sormas-base -Dclassworlds.conf=E:\MirabiliaProject\apache-maven-3.8.4\bin\m2.conf -Dmaven.home=E:\MirabiliaProject\apache-maven-3.8.4 org.codehaus.classworlds.Launcher install -Dmaven.test.skip=true -B

Host: Intel(R) Core(TM) i7-1065G7 CPU @ 1.30GHz, 8 cores, 15G,  Windows 10 , 64 bit Build 22000 (10.0.22000.708)
Time: Mon Oct  3 14:37:49 2022 W. Central Africa Standard Time elapsed time: 88.501358 seconds (0d 0h 1m 28s)

---------------  T H R E A D  ---------------

Current thread (0x000002bb60a6a800):  JavaThread "C2 CompilerThread0" daemon [_thread_in_native, id=28572, stack(0x000000d5b2100000,0x000000d5b2200000)]


Current CompileTask:
C2:  88501 4237   !   4       org.apache.maven.model.ModelBase::clone (397 bytes)

Stack: [0x000000d5b2100000,0x000000d5b2200000]
Native frames: (J=compiled Java code, j=interpreted, Vv=VM code, C=native code)
V  [jvm.dll+0x62870a]
V  [jvm.dll+0x761f2f]
V  [jvm.dll+0x7635d9]
V  [jvm.dll+0x763c63]
V  [jvm.dll+0x23d728]
V  [jvm.dll+0xb293c]
V  [jvm.dll+0xb2efc]
V  [jvm.dll+0x340872]
V  [jvm.dll+0x18c9e1]
V  [jvm.dll+0x1f8362]
V  [jvm.dll+0x1f743d]
V  [jvm.dll+0x177991]
V  [jvm.dll+0x206d84]
V  [jvm.dll+0x204ebb]
V  [jvm.dll+0x727e70]
V  [jvm.dll+0x720a54]
V  [jvm.dll+0x627606]
C  [ucrtbase.dll+0x26c0c]
C  [KERNEL32.DLL+0x154e0]
C  [ntdll.dll+0x485b]


---------------  P R O C E S S  ---------------

Threads class SMR info:
_java_thread_list=0x000002bb60bb8dc0, length=10, elements={
0x000002bb3d68d800, 0x000002bb601bd000, 0x000002bb601c0000, 0x000002bb60ab8800,
0x000002bb60ab9800, 0x000002bb60abc000, 0x000002bb60a6a800, 0x000002bb60a70000,
0x000002bb60b15000, 0x000002bb60c57800
}

Java Threads: ( => current thread )
  0x000002bb3d68d800 JavaThread "main" [_thread_in_native, id=1180, stack(0x000000d5b1500000,0x000000d5b1600000)]
  0x000002bb601bd000 JavaThread "Reference Handler" daemon [_thread_blocked, id=16888, stack(0x000000d5b1c00000,0x000000d5b1d00000)]
  0x000002bb601c0000 JavaThread "Finalizer" daemon [_thread_blocked, id=25096, stack(0x000000d5b1d00000,0x000000d5b1e00000)]
  0x000002bb60ab8800 JavaThread "Signal Dispatcher" daemon [_thread_blocked, id=18204, stack(0x000000d5b1e00000,0x000000d5b1f00000)]
  0x000002bb60ab9800 JavaThread "Attach Listener" daemon [_thread_blocked, id=26612, stack(0x000000d5b1f00000,0x000000d5b2000000)]
  0x000002bb60abc000 JavaThread "Service Thread" daemon [_thread_blocked, id=14812, stack(0x000000d5b2000000,0x000000d5b2100000)]
=>0x000002bb60a6a800 JavaThread "C2 CompilerThread0" daemon [_thread_in_native, id=28572, stack(0x000000d5b2100000,0x000000d5b2200000)]
  0x000002bb60a70000 JavaThread "C1 CompilerThread0" daemon [_thread_blocked, id=23104, stack(0x000000d5b2200000,0x000000d5b2300000)]
  0x000002bb60b15000 JavaThread "Sweeper thread" daemon [_thread_blocked, id=29852, stack(0x000000d5b2300000,0x000000d5b2400000)]
  0x000002bb60c57800 JavaThread "Common-Cleaner" daemon [_thread_blocked, id=30000, stack(0x000000d5b2500000,0x000000d5b2600000)]

Other Threads:
  0x000002bb6019b800 VMThread "VM Thread" [stack: 0x000000d5b1b00000,0x000000d5b1c00000] [id=10432]
  0x000002bb60c56000 WatcherThread [stack: 0x000000d5b2400000,0x000000d5b2500000] [id=13192]
  0x000002bb3d6a1800 GCTaskThread "GC Thread#0" [stack: 0x000000d5b1600000,0x000000d5b1700000] [id=17948]
  0x000002bb615b8000 GCTaskThread "GC Thread#1" [stack: 0x000000d5b2700000,0x000000d5b2800000] [id=20244]
  0x000002bb615b8800 GCTaskThread "GC Thread#2" [stack: 0x000000d5b2800000,0x000000d5b2900000] [id=16188]
  0x000002bb610f1000 GCTaskThread "GC Thread#3" [stack: 0x000000d5b2900000,0x000000d5b2a00000] [id=26304]
  0x000002bb610f1800 GCTaskThread "GC Thread#4" [stack: 0x000000d5b2a00000,0x000000d5b2b00000] [id=27684]
  0x000002bb61e3b800 GCTaskThread "GC Thread#5" [stack: 0x000000d5b2b00000,0x000000d5b2c00000] [id=1520]
  0x000002bb3d6fe800 ConcurrentGCThread "G1 Main Marker" [stack: 0x000000d5b1700000,0x000000d5b1800000] [id=26104]
  0x000002bb3d701000 ConcurrentGCThread "G1 Conc#0" [stack: 0x000000d5b1800000,0x000000d5b1900000] [id=28740]
  0x000002bb61e3c800 ConcurrentGCThread "G1 Conc#1" [stack: 0x000000d5b2600000,0x000000d5b2700000] [id=29304]
  0x000002bb3d76e000 ConcurrentGCThread "G1 Refine#0" [stack: 0x000000d5b1900000,0x000000d5b1a00000] [id=23732]
  0x000002bb60085800 ConcurrentGCThread "G1 Young RemSet Sampling" [stack: 0x000000d5b1a00000,0x000000d5b1b00000] [id=23560]

Threads with active compile tasks:
C2 CompilerThread0  88578 4237   !   4       org.apache.maven.model.ModelBase::clone (397 bytes)

VM state:not at safepoint (normal execution)

VM Mutex/Monitor currently owned by a thread: None

Heap address: 0x0000000703600000, size: 4042 MB, Compressed Oops mode: Zero based, Oop shift amount: 3
Narrow klass base: 0x0000000800000000, Narrow klass shift: 0
Compressed class space size: 1073741824 Address: 0x0000000800000000

Heap:
 garbage-first heap   total 260096K, used 106403K [0x0000000703600000, 0x0000000800000000)
  region size 1024K, 105 young (107520K), 10 survivors (10240K)
 Metaspace       used 23912K, capacity 24364K, committed 24448K, reserved 1071104K
  class space    used 2451K, capacity 2625K, committed 2688K, reserved 1048576K
Heap Regions: E=young(eden), S=young(survivor), O=old, HS=humongous(starts), HC=humongous(continues), CS=collection set, F=free, A=archive, TAMS=top-at-mark-start (previous, next)
|   0|0x0000000703600000, 0x0000000703662800, 0x0000000703700000| 38%| O|  |TAMS 0x0000000703662800, 0x0000000703600000| Untracked 
|   1|0x0000000703700000, 0x0000000703700000, 0x0000000703800000|  0%| F|  |TAMS 0x0000000703700000, 0x0000000703700000| Untracked 
|   2|0x0000000703800000, 0x0000000703800000, 0x0000000703900000|  0%| F|  |TAMS 0x0000000703800000, 0x0000000703800000| Untracked 
|   3|0x0000000703900000, 0x0000000703900000, 0x0000000703a00000|  0%| F|  |TAMS 0x0000000703900000, 0x0000000703900000| Untracked 
|   4|0x0000000703a00000, 0x0000000703a00000, 0x0000000703b00000|  0%| F|  |TAMS 0x0000000703a00000, 0x0000000703a00000| Untracked 
|   5|0x0000000703b00000, 0x0000000703b00000, 0x0000000703c00000|  0%| F|  |TAMS 0x0000000703b00000, 0x0000000703b00000| Untracked 
|   6|0x0000000703c00000, 0x0000000703c00000, 0x0000000703d00000|  0%| F|  |TAMS 0x0000000703c00000, 0x0000000703c00000| Untracked 
|   7|0x0000000703d00000, 0x0000000703d00000, 0x0000000703e00000|  0%| F|  |TAMS 0x0000000703d00000, 0x0000000703d00000| Untracked 
|   8|0x0000000703e00000, 0x0000000703e00000, 0x0000000703f00000|  0%| F|  |TAMS 0x0000000703e00000, 0x0000000703e00000| Untracked 
|   9|0x0000000703f00000, 0x0000000703f00000, 0x0000000704000000|  0%| F|  |TAMS 0x0000000703f00000, 0x0000000703f00000| Untracked 
|  10|0x0000000704000000, 0x0000000704000000, 0x0000000704100000|  0%| F|  |TAMS 0x0000000704000000, 0x0000000704000000| Untracked 
|  11|0x0000000704100000, 0x0000000704100000, 0x0000000704200000|  0%| F|  |TAMS 0x0000000704100000, 0x0000000704100000| Untracked 
|  12|0x0000000704200000, 0x0000000704200000, 0x0000000704300000|  0%| F|  |TAMS 0x0000000704200000, 0x0000000704200000| Untracked 
|  13|0x0000000704300000, 0x0000000704300000, 0x0000000704400000|  0%| F|  |TAMS 0x0000000704300000, 0x0000000704300000| Untracked 
|  14|0x0000000704400000, 0x0000000704400000, 0x0000000704500000|  0%| F|  |TAMS 0x0000000704400000, 0x0000000704400000| Untracked 
|  15|0x0000000704500000, 0x0000000704500000, 0x0000000704600000|  0%| F|  |TAMS 0x0000000704500000, 0x0000000704500000| Untracked 
|  16|0x0000000704600000, 0x0000000704600000, 0x0000000704700000|  0%| F|  |TAMS 0x0000000704600000, 0x0000000704600000| Untracked 
|  17|0x0000000704700000, 0x0000000704700000, 0x0000000704800000|  0%| F|  |TAMS 0x0000000704700000, 0x0000000704700000| Untracked 
|  18|0x0000000704800000, 0x0000000704800000, 0x0000000704900000|  0%| F|  |TAMS 0x0000000704800000, 0x0000000704800000| Untracked 
|  19|0x0000000704900000, 0x0000000704900000, 0x0000000704a00000|  0%| F|  |TAMS 0x0000000704900000, 0x0000000704900000| Untracked 
|  20|0x0000000704a00000, 0x0000000704a00000, 0x0000000704b00000|  0%| F|  |TAMS 0x0000000704a00000, 0x0000000704a00000| Untracked 
|  21|0x0000000704b00000, 0x0000000704b00000, 0x0000000704c00000|  0%| F|  |TAMS 0x0000000704b00000, 0x0000000704b00000| Untracked 
|  22|0x0000000704c00000, 0x0000000704c00000, 0x0000000704d00000|  0%| F|  |TAMS 0x0000000704c00000, 0x0000000704c00000| Untracked 
|  23|0x0000000704d00000, 0x0000000704d00000, 0x0000000704e00000|  0%| F|  |TAMS 0x0000000704d00000, 0x0000000704d00000| Untracked 
|  24|0x0000000704e00000, 0x0000000704e00000, 0x0000000704f00000|  0%| F|  |TAMS 0x0000000704e00000, 0x0000000704e00000| Untracked 
|  25|0x0000000704f00000, 0x0000000704f00000, 0x0000000705000000|  0%| F|  |TAMS 0x0000000704f00000, 0x0000000704f00000| Untracked 
|  26|0x0000000705000000, 0x0000000705000000, 0x0000000705100000|  0%| F|  |TAMS 0x0000000705000000, 0x0000000705000000| Untracked 
|  27|0x0000000705100000, 0x0000000705100000, 0x0000000705200000|  0%| F|  |TAMS 0x0000000705100000, 0x0000000705100000| Untracked 
|  28|0x0000000705200000, 0x0000000705200000, 0x0000000705300000|  0%| F|  |TAMS 0x0000000705200000, 0x0000000705200000| Untracked 
|  29|0x0000000705300000, 0x0000000705300000, 0x0000000705400000|  0%| F|  |TAMS 0x0000000705300000, 0x0000000705300000| Untracked 
|  30|0x0000000705400000, 0x0000000705400000, 0x0000000705500000|  0%| F|  |TAMS 0x0000000705400000, 0x0000000705400000| Untracked 
|  31|0x0000000705500000, 0x0000000705500000, 0x0000000705600000|  0%| F|  |TAMS 0x0000000705500000, 0x0000000705500000| Untracked 
|  32|0x0000000705600000, 0x0000000705600000, 0x0000000705700000|  0%| F|  |TAMS 0x0000000705600000, 0x0000000705600000| Untracked 
|  33|0x0000000705700000, 0x0000000705700000, 0x0000000705800000|  0%| F|  |TAMS 0x0000000705700000, 0x0000000705700000| Untracked 
|  34|0x0000000705800000, 0x0000000705800000, 0x0000000705900000|  0%| F|  |TAMS 0x0000000705800000, 0x0000000705800000| Untracked 
|  35|0x0000000705900000, 0x0000000705900000, 0x0000000705a00000|  0%| F|  |TAMS 0x0000000705900000, 0x0000000705900000| Untracked 
|  36|0x0000000705a00000, 0x0000000705a00000, 0x0000000705b00000|  0%| F|  |TAMS 0x0000000705a00000, 0x0000000705a00000| Untracked 
|  37|0x0000000705b00000, 0x0000000705b00000, 0x0000000705c00000|  0%| F|  |TAMS 0x0000000705b00000, 0x0000000705b00000| Untracked 
|  38|0x0000000705c00000, 0x0000000705c00000, 0x0000000705d00000|  0%| F|  |TAMS 0x0000000705c00000, 0x0000000705c00000| Untracked 
|  39|0x0000000705d00000, 0x0000000705d00000, 0x0000000705e00000|  0%| F|  |TAMS 0x0000000705d00000, 0x0000000705d00000| Untracked 
|  40|0x0000000705e00000, 0x0000000705e00000, 0x0000000705f00000|  0%| F|  |TAMS 0x0000000705e00000, 0x0000000705e00000| Untracked 
|  41|0x0000000705f00000, 0x0000000705f00000, 0x0000000706000000|  0%| F|  |TAMS 0x0000000705f00000, 0x0000000705f00000| Untracked 
|  42|0x0000000706000000, 0x0000000706000000, 0x0000000706100000|  0%| F|  |TAMS 0x0000000706000000, 0x0000000706000000| Untracked 
|  43|0x0000000706100000, 0x0000000706100000, 0x0000000706200000|  0%| F|  |TAMS 0x0000000706100000, 0x0000000706100000| Untracked 
|  44|0x0000000706200000, 0x0000000706200000, 0x0000000706300000|  0%| F|  |TAMS 0x0000000706200000, 0x0000000706200000| Untracked 
|  45|0x0000000706300000, 0x0000000706300000, 0x0000000706400000|  0%| F|  |TAMS 0x0000000706300000, 0x0000000706300000| Untracked 
|  46|0x0000000706400000, 0x0000000706400000, 0x0000000706500000|  0%| F|  |TAMS 0x0000000706400000, 0x0000000706400000| Untracked 
|  47|0x0000000706500000, 0x0000000706500000, 0x0000000706600000|  0%| F|  |TAMS 0x0000000706500000, 0x0000000706500000| Untracked 
|  48|0x0000000706600000, 0x0000000706600000, 0x0000000706700000|  0%| F|  |TAMS 0x0000000706600000, 0x0000000706600000| Untracked 
|  49|0x0000000706700000, 0x0000000706700000, 0x0000000706800000|  0%| F|  |TAMS 0x0000000706700000, 0x0000000706700000| Untracked 
|  50|0x0000000706800000, 0x0000000706800000, 0x0000000706900000|  0%| F|  |TAMS 0x0000000706800000, 0x0000000706800000| Untracked 
|  51|0x0000000706900000, 0x0000000706900000, 0x0000000706a00000|  0%| F|  |TAMS 0x0000000706900000, 0x0000000706900000| Untracked 
|  52|0x0000000706a00000, 0x0000000706a00000, 0x0000000706b00000|  0%| F|  |TAMS 0x0000000706a00000, 0x0000000706a00000| Untracked 
|  53|0x0000000706b00000, 0x0000000706b00000, 0x0000000706c00000|  0%| F|  |TAMS 0x0000000706b00000, 0x0000000706b00000| Untracked 
|  54|0x0000000706c00000, 0x0000000706c00000, 0x0000000706d00000|  0%| F|  |TAMS 0x0000000706c00000, 0x0000000706c00000| Untracked 
|  55|0x0000000706d00000, 0x0000000706d00000, 0x0000000706e00000|  0%| F|  |TAMS 0x0000000706d00000, 0x0000000706d00000| Untracked 
|  56|0x0000000706e00000, 0x0000000706e00000, 0x0000000706f00000|  0%| F|  |TAMS 0x0000000706e00000, 0x0000000706e00000| Untracked 
|  57|0x0000000706f00000, 0x0000000706f00000, 0x0000000707000000|  0%| F|  |TAMS 0x0000000706f00000, 0x0000000706f00000| Untracked 
|  58|0x0000000707000000, 0x0000000707000000, 0x0000000707100000|  0%| F|  |TAMS 0x0000000707000000, 0x0000000707000000| Untracked 
|  59|0x0000000707100000, 0x0000000707100000, 0x0000000707200000|  0%| F|  |TAMS 0x0000000707100000, 0x0000000707100000| Untracked 
|  60|0x0000000707200000, 0x0000000707200000, 0x0000000707300000|  0%| F|  |TAMS 0x0000000707200000, 0x0000000707200000| Untracked 
|  61|0x0000000707300000, 0x0000000707300000, 0x0000000707400000|  0%| F|  |TAMS 0x0000000707300000, 0x0000000707300000| Untracked 
|  62|0x0000000707400000, 0x0000000707400000, 0x0000000707500000|  0%| F|  |TAMS 0x0000000707400000, 0x0000000707400000| Untracked 
|  63|0x0000000707500000, 0x0000000707500000, 0x0000000707600000|  0%| F|  |TAMS 0x0000000707500000, 0x0000000707500000| Untracked 
|  64|0x0000000707600000, 0x0000000707600000, 0x0000000707700000|  0%| F|  |TAMS 0x0000000707600000, 0x0000000707600000| Untracked 
|  65|0x0000000707700000, 0x0000000707700000, 0x0000000707800000|  0%| F|  |TAMS 0x0000000707700000, 0x0000000707700000| Untracked 
|  66|0x0000000707800000, 0x0000000707800000, 0x0000000707900000|  0%| F|  |TAMS 0x0000000707800000, 0x0000000707800000| Untracked 
|  67|0x0000000707900000, 0x0000000707900000, 0x0000000707a00000|  0%| F|  |TAMS 0x0000000707900000, 0x0000000707900000| Untracked 
|  68|0x0000000707a00000, 0x0000000707a00000, 0x0000000707b00000|  0%| F|  |TAMS 0x0000000707a00000, 0x0000000707a00000| Untracked 
|  69|0x0000000707b00000, 0x0000000707b00000, 0x0000000707c00000|  0%| F|  |TAMS 0x0000000707b00000, 0x0000000707b00000| Untracked 
|  70|0x0000000707c00000, 0x0000000707c00000, 0x0000000707d00000|  0%| F|  |TAMS 0x0000000707c00000, 0x0000000707c00000| Untracked 
|  71|0x0000000707d00000, 0x0000000707d00000, 0x0000000707e00000|  0%| F|  |TAMS 0x0000000707d00000, 0x0000000707d00000| Untracked 
|  72|0x0000000707e00000, 0x0000000707e00000, 0x0000000707f00000|  0%| F|  |TAMS 0x0000000707e00000, 0x0000000707e00000| Untracked 
|  73|0x0000000707f00000, 0x0000000707f00000, 0x0000000708000000|  0%| F|  |TAMS 0x0000000707f00000, 0x0000000707f00000| Untracked 
|  74|0x0000000708000000, 0x0000000708000000, 0x0000000708100000|  0%| F|  |TAMS 0x0000000708000000, 0x0000000708000000| Untracked 
|  75|0x0000000708100000, 0x0000000708100000, 0x0000000708200000|  0%| F|  |TAMS 0x0000000708100000, 0x0000000708100000| Untracked 
|  76|0x0000000708200000, 0x0000000708200000, 0x0000000708300000|  0%| F|  |TAMS 0x0000000708200000, 0x0000000708200000| Untracked 
|  77|0x0000000708300000, 0x0000000708300000, 0x0000000708400000|  0%| F|  |TAMS 0x0000000708300000, 0x0000000708300000| Untracked 
|  78|0x0000000708400000, 0x0000000708400000, 0x0000000708500000|  0%| F|  |TAMS 0x0000000708400000, 0x0000000708400000| Untracked 
|  79|0x0000000708500000, 0x0000000708500000, 0x0000000708600000|  0%| F|  |TAMS 0x0000000708500000, 0x0000000708500000| Untracked 
|  80|0x0000000708600000, 0x0000000708600000, 0x0000000708700000|  0%| F|  |TAMS 0x0000000708600000, 0x0000000708600000| Untracked 
|  81|0x0000000708700000, 0x0000000708700000, 0x0000000708800000|  0%| F|  |TAMS 0x0000000708700000, 0x0000000708700000| Untracked 
|  82|0x0000000708800000, 0x0000000708800000, 0x0000000708900000|  0%| F|  |TAMS 0x0000000708800000, 0x0000000708800000| Untracked 
|  83|0x0000000708900000, 0x0000000708900000, 0x0000000708a00000|  0%| F|  |TAMS 0x0000000708900000, 0x0000000708900000| Untracked 
|  84|0x0000000708a00000, 0x0000000708a00000, 0x0000000708b00000|  0%| F|  |TAMS 0x0000000708a00000, 0x0000000708a00000| Untracked 
|  85|0x0000000708b00000, 0x0000000708b00000, 0x0000000708c00000|  0%| F|  |TAMS 0x0000000708b00000, 0x0000000708b00000| Untracked 
|  86|0x0000000708c00000, 0x0000000708c00000, 0x0000000708d00000|  0%| F|  |TAMS 0x0000000708c00000, 0x0000000708c00000| Untracked 
|  87|0x0000000708d00000, 0x0000000708d00000, 0x0000000708e00000|  0%| F|  |TAMS 0x0000000708d00000, 0x0000000708d00000| Untracked 
|  88|0x0000000708e00000, 0x0000000708e00000, 0x0000000708f00000|  0%| F|  |TAMS 0x0000000708e00000, 0x0000000708e00000| Untracked 
|  89|0x0000000708f00000, 0x0000000708f00000, 0x0000000709000000|  0%| F|  |TAMS 0x0000000708f00000, 0x0000000708f00000| Untracked 
|  90|0x0000000709000000, 0x0000000709000000, 0x0000000709100000|  0%| F|  |TAMS 0x0000000709000000, 0x0000000709000000| Untracked 
|  91|0x0000000709100000, 0x0000000709100000, 0x0000000709200000|  0%| F|  |TAMS 0x0000000709100000, 0x0000000709100000| Untracked 
|  92|0x0000000709200000, 0x0000000709200000, 0x0000000709300000|  0%| F|  |TAMS 0x0000000709200000, 0x0000000709200000| Untracked 
|  93|0x0000000709300000, 0x0000000709300000, 0x0000000709400000|  0%| F|  |TAMS 0x0000000709300000, 0x0000000709300000| Untracked 
|  94|0x0000000709400000, 0x0000000709400000, 0x0000000709500000|  0%| F|  |TAMS 0x0000000709400000, 0x0000000709400000| Untracked 
|  95|0x0000000709500000, 0x0000000709500000, 0x0000000709600000|  0%| F|  |TAMS 0x0000000709500000, 0x0000000709500000| Untracked 
|  96|0x0000000709600000, 0x0000000709600000, 0x0000000709700000|  0%| F|  |TAMS 0x0000000709600000, 0x0000000709600000| Untracked 
|  97|0x0000000709700000, 0x0000000709700000, 0x0000000709800000|  0%| F|  |TAMS 0x0000000709700000, 0x0000000709700000| Untracked 
|  98|0x0000000709800000, 0x0000000709800000, 0x0000000709900000|  0%| F|  |TAMS 0x0000000709800000, 0x0000000709800000| Untracked 
|  99|0x0000000709900000, 0x0000000709900000, 0x0000000709a00000|  0%| F|  |TAMS 0x0000000709900000, 0x0000000709900000| Untracked 
| 100|0x0000000709a00000, 0x0000000709a00000, 0x0000000709b00000|  0%| F|  |TAMS 0x0000000709a00000, 0x0000000709a00000| Untracked 
| 101|0x0000000709b00000, 0x0000000709b00000, 0x0000000709c00000|  0%| F|  |TAMS 0x0000000709b00000, 0x0000000709b00000| Untracked 
| 102|0x0000000709c00000, 0x0000000709c00000, 0x0000000709d00000|  0%| F|  |TAMS 0x0000000709c00000, 0x0000000709c00000| Untracked 
| 103|0x0000000709d00000, 0x0000000709d00000, 0x0000000709e00000|  0%| F|  |TAMS 0x0000000709d00000, 0x0000000709d00000| Untracked 
| 104|0x0000000709e00000, 0x0000000709e00000, 0x0000000709f00000|  0%| F|  |TAMS 0x0000000709e00000, 0x0000000709e00000| Untracked 
| 105|0x0000000709f00000, 0x0000000709f00000, 0x000000070a000000|  0%| F|  |TAMS 0x0000000709f00000, 0x0000000709f00000| Untracked 
| 106|0x000000070a000000, 0x000000070a000000, 0x000000070a100000|  0%| F|  |TAMS 0x000000070a000000, 0x000000070a000000| Untracked 
| 107|0x000000070a100000, 0x000000070a100000, 0x000000070a200000|  0%| F|  |TAMS 0x000000070a100000, 0x000000070a100000| Untracked 
| 108|0x000000070a200000, 0x000000070a200000, 0x000000070a300000|  0%| F|  |TAMS 0x000000070a200000, 0x000000070a200000| Untracked 
| 109|0x000000070a300000, 0x000000070a300000, 0x000000070a400000|  0%| F|  |TAMS 0x000000070a300000, 0x000000070a300000| Untracked 
| 110|0x000000070a400000, 0x000000070a400000, 0x000000070a500000|  0%| F|  |TAMS 0x000000070a400000, 0x000000070a400000| Untracked 
| 111|0x000000070a500000, 0x000000070a500000, 0x000000070a600000|  0%| F|  |TAMS 0x000000070a500000, 0x000000070a500000| Untracked 
| 112|0x000000070a600000, 0x000000070a600000, 0x000000070a700000|  0%| F|  |TAMS 0x000000070a600000, 0x000000070a600000| Untracked 
| 113|0x000000070a700000, 0x000000070a700000, 0x000000070a800000|  0%| F|  |TAMS 0x000000070a700000, 0x000000070a700000| Untracked 
| 114|0x000000070a800000, 0x000000070a800000, 0x000000070a900000|  0%| F|  |TAMS 0x000000070a800000, 0x000000070a800000| Untracked 
| 115|0x000000070a900000, 0x000000070a900000, 0x000000070aa00000|  0%| F|  |TAMS 0x000000070a900000, 0x000000070a900000| Untracked 
| 116|0x000000070aa00000, 0x000000070aa00000, 0x000000070ab00000|  0%| F|  |TAMS 0x000000070aa00000, 0x000000070aa00000| Untracked 
| 117|0x000000070ab00000, 0x000000070ab00000, 0x000000070ac00000|  0%| F|  |TAMS 0x000000070ab00000, 0x000000070ab00000| Untracked 
| 118|0x000000070ac00000, 0x000000070ac00000, 0x000000070ad00000|  0%| F|  |TAMS 0x000000070ac00000, 0x000000070ac00000| Untracked 
| 119|0x000000070ad00000, 0x000000070ad00000, 0x000000070ae00000|  0%| F|  |TAMS 0x000000070ad00000, 0x000000070ad00000| Untracked 
| 120|0x000000070ae00000, 0x000000070ae00000, 0x000000070af00000|  0%| F|  |TAMS 0x000000070ae00000, 0x000000070ae00000| Untracked 
| 121|0x000000070af00000, 0x000000070af00000, 0x000000070b000000|  0%| F|  |TAMS 0x000000070af00000, 0x000000070af00000| Untracked 
| 122|0x000000070b000000, 0x000000070b000000, 0x000000070b100000|  0%| F|  |TAMS 0x000000070b000000, 0x000000070b000000| Untracked 
| 123|0x000000070b100000, 0x000000070b100000, 0x000000070b200000|  0%| F|  |TAMS 0x000000070b100000, 0x000000070b100000| Untracked 
| 124|0x000000070b200000, 0x000000070b200000, 0x000000070b300000|  0%| F|  |TAMS 0x000000070b200000, 0x000000070b200000| Untracked 
| 125|0x000000070b300000, 0x000000070b300000, 0x000000070b400000|  0%| F|  |TAMS 0x000000070b300000, 0x000000070b300000| Untracked 
| 126|0x000000070b400000, 0x000000070b400000, 0x000000070b500000|  0%| F|  |TAMS 0x000000070b400000, 0x000000070b400000| Untracked 
| 127|0x000000070b500000, 0x000000070b500000, 0x000000070b600000|  0%| F|  |TAMS 0x000000070b500000, 0x000000070b500000| Untracked 
| 128|0x000000070b600000, 0x000000070b600000, 0x000000070b700000|  0%| F|  |TAMS 0x000000070b600000, 0x000000070b600000| Untracked 
| 129|0x000000070b700000, 0x000000070b700000, 0x000000070b800000|  0%| F|  |TAMS 0x000000070b700000, 0x000000070b700000| Untracked 
| 130|0x000000070b800000, 0x000000070b800000, 0x000000070b900000|  0%| F|  |TAMS 0x000000070b800000, 0x000000070b800000| Untracked 
| 131|0x000000070b900000, 0x000000070b900000, 0x000000070ba00000|  0%| F|  |TAMS 0x000000070b900000, 0x000000070b900000| Untracked 
| 132|0x000000070ba00000, 0x000000070ba00000, 0x000000070bb00000|  0%| F|  |TAMS 0x000000070ba00000, 0x000000070ba00000| Untracked 
| 133|0x000000070bb00000, 0x000000070bb00000, 0x000000070bc00000|  0%| F|  |TAMS 0x000000070bb00000, 0x000000070bb00000| Untracked 
| 134|0x000000070bc00000, 0x000000070bc00000, 0x000000070bd00000|  0%| F|  |TAMS 0x000000070bc00000, 0x000000070bc00000| Untracked 
| 135|0x000000070bd00000, 0x000000070bd00000, 0x000000070be00000|  0%| F|  |TAMS 0x000000070bd00000, 0x000000070bd00000| Untracked 
| 136|0x000000070be00000, 0x000000070be00000, 0x000000070bf00000|  0%| F|  |TAMS 0x000000070be00000, 0x000000070be00000| Untracked 
| 137|0x000000070bf00000, 0x000000070bf00000, 0x000000070c000000|  0%| F|  |TAMS 0x000000070bf00000, 0x000000070bf00000| Untracked 
| 138|0x000000070c000000, 0x000000070c000000, 0x000000070c100000|  0%| F|  |TAMS 0x000000070c000000, 0x000000070c000000| Untracked 
| 139|0x000000070c100000, 0x000000070c100000, 0x000000070c200000|  0%| F|  |TAMS 0x000000070c100000, 0x000000070c100000| Untracked 
| 140|0x000000070c200000, 0x000000070c200000, 0x000000070c300000|  0%| F|  |TAMS 0x000000070c200000, 0x000000070c200000| Untracked 
| 141|0x000000070c300000, 0x000000070c300000, 0x000000070c400000|  0%| F|  |TAMS 0x000000070c300000, 0x000000070c300000| Untracked 
| 142|0x000000070c400000, 0x000000070c486678, 0x000000070c500000| 52%| S|CS|TAMS 0x000000070c400000, 0x000000070c400000| Complete 
| 143|0x000000070c500000, 0x000000070c600000, 0x000000070c600000|100%| S|CS|TAMS 0x000000070c500000, 0x000000070c500000| Complete 
| 144|0x000000070c600000, 0x000000070c700000, 0x000000070c700000|100%| S|CS|TAMS 0x000000070c600000, 0x000000070c600000| Complete 
| 145|0x000000070c700000, 0x000000070c800000, 0x000000070c800000|100%| S|CS|TAMS 0x000000070c700000, 0x000000070c700000| Complete 
| 146|0x000000070c800000, 0x000000070c900000, 0x000000070c900000|100%| S|CS|TAMS 0x000000070c800000, 0x000000070c800000| Complete 
| 147|0x000000070c900000, 0x000000070ca00000, 0x000000070ca00000|100%| S|CS|TAMS 0x000000070c900000, 0x000000070c900000| Complete 
| 148|0x000000070ca00000, 0x000000070cb00000, 0x000000070cb00000|100%| S|CS|TAMS 0x000000070ca00000, 0x000000070ca00000| Complete 
| 149|0x000000070cb00000, 0x000000070cc00000, 0x000000070cc00000|100%| S|CS|TAMS 0x000000070cb00000, 0x000000070cb00000| Complete 
| 150|0x000000070cc00000, 0x000000070cd00000, 0x000000070cd00000|100%| S|CS|TAMS 0x000000070cc00000, 0x000000070cc00000| Complete 
| 151|0x000000070cd00000, 0x000000070ce00000, 0x000000070ce00000|100%| S|CS|TAMS 0x000000070cd00000, 0x000000070cd00000| Complete 
| 152|0x000000070ce00000, 0x000000070ce00000, 0x000000070cf00000|  0%| F|  |TAMS 0x000000070ce00000, 0x000000070ce00000| Untracked 
| 153|0x000000070cf00000, 0x000000070cf00000, 0x000000070d000000|  0%| F|  |TAMS 0x000000070cf00000, 0x000000070cf00000| Untracked 
| 154|0x000000070d000000, 0x000000070d000000, 0x000000070d100000|  0%| F|  |TAMS 0x000000070d000000, 0x000000070d000000| Untracked 
| 155|0x000000070d100000, 0x000000070d100000, 0x000000070d200000|  0%| F|  |TAMS 0x000000070d100000, 0x000000070d100000| Untracked 
| 156|0x000000070d200000, 0x000000070d200000, 0x000000070d300000|  0%| F|  |TAMS 0x000000070d200000, 0x000000070d200000| Untracked 
| 157|0x000000070d300000, 0x000000070d300000, 0x000000070d400000|  0%| F|  |TAMS 0x000000070d300000, 0x000000070d300000| Untracked 
| 158|0x000000070d400000, 0x000000070d400000, 0x000000070d500000|  0%| F|  |TAMS 0x000000070d400000, 0x000000070d400000| Untracked 
| 159|0x000000070d500000, 0x000000070d580800, 0x000000070d600000| 50%| E|  |TAMS 0x000000070d500000, 0x000000070d500000| Complete 
| 160|0x000000070d600000, 0x000000070d700000, 0x000000070d700000|100%| E|CS|TAMS 0x000000070d600000, 0x000000070d600000| Complete 
| 161|0x000000070d700000, 0x000000070d800000, 0x000000070d800000|100%| E|CS|TAMS 0x000000070d700000, 0x000000070d700000| Complete 
| 162|0x000000070d800000, 0x000000070d900000, 0x000000070d900000|100%| E|CS|TAMS 0x000000070d800000, 0x000000070d800000| Complete 
| 163|0x000000070d900000, 0x000000070da00000, 0x000000070da00000|100%| E|CS|TAMS 0x000000070d900000, 0x000000070d900000| Complete 
| 164|0x000000070da00000, 0x000000070db00000, 0x000000070db00000|100%| E|CS|TAMS 0x000000070da00000, 0x000000070da00000| Complete 
| 165|0x000000070db00000, 0x000000070dc00000, 0x000000070dc00000|100%| E|CS|TAMS 0x000000070db00000, 0x000000070db00000| Complete 
| 166|0x000000070dc00000, 0x000000070dd00000, 0x000000070dd00000|100%| E|CS|TAMS 0x000000070dc00000, 0x000000070dc00000| Complete 
| 167|0x000000070dd00000, 0x000000070de00000, 0x000000070de00000|100%| E|CS|TAMS 0x000000070dd00000, 0x000000070dd00000| Complete 
| 168|0x000000070de00000, 0x000000070df00000, 0x000000070df00000|100%| E|CS|TAMS 0x000000070de00000, 0x000000070de00000| Complete 
| 169|0x000000070df00000, 0x000000070e000000, 0x000000070e000000|100%| E|CS|TAMS 0x000000070df00000, 0x000000070df00000| Complete 
| 170|0x000000070e000000, 0x000000070e100000, 0x000000070e100000|100%| E|CS|TAMS 0x000000070e000000, 0x000000070e000000| Complete 
| 171|0x000000070e100000, 0x000000070e200000, 0x000000070e200000|100%| E|CS|TAMS 0x000000070e100000, 0x000000070e100000| Complete 
| 172|0x000000070e200000, 0x000000070e300000, 0x000000070e300000|100%| E|CS|TAMS 0x000000070e200000, 0x000000070e200000| Complete 
| 173|0x000000070e300000, 0x000000070e400000, 0x000000070e400000|100%| E|CS|TAMS 0x000000070e300000, 0x000000070e300000| Complete 
| 174|0x000000070e400000, 0x000000070e500000, 0x000000070e500000|100%| E|CS|TAMS 0x000000070e400000, 0x000000070e400000| Complete 
| 175|0x000000070e500000, 0x000000070e600000, 0x000000070e600000|100%| E|CS|TAMS 0x000000070e500000, 0x000000070e500000| Complete 
| 176|0x000000070e600000, 0x000000070e700000, 0x000000070e700000|100%| E|CS|TAMS 0x000000070e600000, 0x000000070e600000| Complete 
| 177|0x000000070e700000, 0x000000070e800000, 0x000000070e800000|100%| E|CS|TAMS 0x000000070e700000, 0x000000070e700000| Complete 
| 178|0x000000070e800000, 0x000000070e900000, 0x000000070e900000|100%| E|CS|TAMS 0x000000070e800000, 0x000000070e800000| Complete 
| 179|0x000000070e900000, 0x000000070ea00000, 0x000000070ea00000|100%| E|CS|TAMS 0x000000070e900000, 0x000000070e900000| Complete 
| 180|0x000000070ea00000, 0x000000070eb00000, 0x000000070eb00000|100%| E|CS|TAMS 0x000000070ea00000, 0x000000070ea00000| Complete 
| 181|0x000000070eb00000, 0x000000070ec00000, 0x000000070ec00000|100%| E|CS|TAMS 0x000000070eb00000, 0x000000070eb00000| Complete 
| 182|0x000000070ec00000, 0x000000070ed00000, 0x000000070ed00000|100%| E|CS|TAMS 0x000000070ec00000, 0x000000070ec00000| Complete 
| 183|0x000000070ed00000, 0x000000070ee00000, 0x000000070ee00000|100%| E|CS|TAMS 0x000000070ed00000, 0x000000070ed00000| Complete 
| 184|0x000000070ee00000, 0x000000070ef00000, 0x000000070ef00000|100%| E|CS|TAMS 0x000000070ee00000, 0x000000070ee00000| Complete 
| 185|0x000000070ef00000, 0x000000070f000000, 0x000000070f000000|100%| E|CS|TAMS 0x000000070ef00000, 0x000000070ef00000| Complete 
| 186|0x000000070f000000, 0x000000070f100000, 0x000000070f100000|100%| E|CS|TAMS 0x000000070f000000, 0x000000070f000000| Complete 
| 187|0x000000070f100000, 0x000000070f200000, 0x000000070f200000|100%| E|CS|TAMS 0x000000070f100000, 0x000000070f100000| Complete 
| 188|0x000000070f200000, 0x000000070f300000, 0x000000070f300000|100%| E|CS|TAMS 0x000000070f200000, 0x000000070f200000| Complete 
| 189|0x000000070f300000, 0x000000070f400000, 0x000000070f400000|100%| E|CS|TAMS 0x000000070f300000, 0x000000070f300000| Complete 
| 190|0x000000070f400000, 0x000000070f500000, 0x000000070f500000|100%| E|CS|TAMS 0x000000070f400000, 0x000000070f400000| Complete 
| 191|0x000000070f500000, 0x000000070f600000, 0x000000070f600000|100%| E|CS|TAMS 0x000000070f500000, 0x000000070f500000| Complete 
| 192|0x000000070f600000, 0x000000070f700000, 0x000000070f700000|100%| E|CS|TAMS 0x000000070f600000, 0x000000070f600000| Complete 
| 193|0x000000070f700000, 0x000000070f800000, 0x000000070f800000|100%| E|CS|TAMS 0x000000070f700000, 0x000000070f700000| Complete 
| 194|0x000000070f800000, 0x000000070f900000, 0x000000070f900000|100%| E|CS|TAMS 0x000000070f800000, 0x000000070f800000| Complete 
| 195|0x000000070f900000, 0x000000070fa00000, 0x000000070fa00000|100%| E|CS|TAMS 0x000000070f900000, 0x000000070f900000| Complete 
| 196|0x000000070fa00000, 0x000000070fb00000, 0x000000070fb00000|100%| E|CS|TAMS 0x000000070fa00000, 0x000000070fa00000| Complete 
| 197|0x000000070fb00000, 0x000000070fc00000, 0x000000070fc00000|100%| E|CS|TAMS 0x000000070fb00000, 0x000000070fb00000| Complete 
| 198|0x000000070fc00000, 0x000000070fd00000, 0x000000070fd00000|100%| E|CS|TAMS 0x000000070fc00000, 0x000000070fc00000| Complete 
| 199|0x000000070fd00000, 0x000000070fe00000, 0x000000070fe00000|100%| E|CS|TAMS 0x000000070fd00000, 0x000000070fd00000| Complete 
| 200|0x000000070fe00000, 0x000000070ff00000, 0x000000070ff00000|100%| E|CS|TAMS 0x000000070fe00000, 0x000000070fe00000| Complete 
| 201|0x000000070ff00000, 0x0000000710000000, 0x0000000710000000|100%| E|CS|TAMS 0x000000070ff00000, 0x000000070ff00000| Complete 
| 202|0x0000000710000000, 0x0000000710100000, 0x0000000710100000|100%| E|CS|TAMS 0x0000000710000000, 0x0000000710000000| Complete 
| 203|0x0000000710100000, 0x0000000710200000, 0x0000000710200000|100%| E|CS|TAMS 0x0000000710100000, 0x0000000710100000| Complete 
| 204|0x0000000710200000, 0x0000000710300000, 0x0000000710300000|100%| E|CS|TAMS 0x0000000710200000, 0x0000000710200000| Complete 
| 205|0x0000000710300000, 0x0000000710400000, 0x0000000710400000|100%| E|CS|TAMS 0x0000000710300000, 0x0000000710300000| Complete 
| 206|0x0000000710400000, 0x0000000710500000, 0x0000000710500000|100%| E|CS|TAMS 0x0000000710400000, 0x0000000710400000| Complete 
| 207|0x0000000710500000, 0x0000000710600000, 0x0000000710600000|100%| E|CS|TAMS 0x0000000710500000, 0x0000000710500000| Complete 
| 208|0x0000000710600000, 0x0000000710700000, 0x0000000710700000|100%| E|CS|TAMS 0x0000000710600000, 0x0000000710600000| Complete 
| 209|0x0000000710700000, 0x0000000710800000, 0x0000000710800000|100%| E|CS|TAMS 0x0000000710700000, 0x0000000710700000| Complete 
| 210|0x0000000710800000, 0x0000000710900000, 0x0000000710900000|100%| E|CS|TAMS 0x0000000710800000, 0x0000000710800000| Complete 
| 211|0x0000000710900000, 0x0000000710a00000, 0x0000000710a00000|100%| E|CS|TAMS 0x0000000710900000, 0x0000000710900000| Complete 
| 212|0x0000000710a00000, 0x0000000710b00000, 0x0000000710b00000|100%| E|CS|TAMS 0x0000000710a00000, 0x0000000710a00000| Complete 
| 213|0x0000000710b00000, 0x0000000710c00000, 0x0000000710c00000|100%| E|CS|TAMS 0x0000000710b00000, 0x0000000710b00000| Complete 
| 214|0x0000000710c00000, 0x0000000710d00000, 0x0000000710d00000|100%| E|CS|TAMS 0x0000000710c00000, 0x0000000710c00000| Complete 
| 215|0x0000000710d00000, 0x0000000710e00000, 0x0000000710e00000|100%| E|CS|TAMS 0x0000000710d00000, 0x0000000710d00000| Complete 
| 216|0x0000000710e00000, 0x0000000710f00000, 0x0000000710f00000|100%| E|CS|TAMS 0x0000000710e00000, 0x0000000710e00000| Complete 
| 217|0x0000000710f00000, 0x0000000711000000, 0x0000000711000000|100%| E|CS|TAMS 0x0000000710f00000, 0x0000000710f00000| Complete 
| 218|0x0000000711000000, 0x0000000711100000, 0x0000000711100000|100%| E|CS|TAMS 0x0000000711000000, 0x0000000711000000| Complete 
| 219|0x0000000711100000, 0x0000000711200000, 0x0000000711200000|100%| E|CS|TAMS 0x0000000711100000, 0x0000000711100000| Complete 
| 220|0x0000000711200000, 0x0000000711300000, 0x0000000711300000|100%| E|CS|TAMS 0x0000000711200000, 0x0000000711200000| Complete 
| 221|0x0000000711300000, 0x0000000711400000, 0x0000000711400000|100%| E|CS|TAMS 0x0000000711300000, 0x0000000711300000| Complete 
| 222|0x0000000711400000, 0x0000000711500000, 0x0000000711500000|100%| E|CS|TAMS 0x0000000711400000, 0x0000000711400000| Complete 
| 223|0x0000000711500000, 0x0000000711600000, 0x0000000711600000|100%| E|CS|TAMS 0x0000000711500000, 0x0000000711500000| Complete 
| 224|0x0000000711600000, 0x0000000711700000, 0x0000000711700000|100%| E|CS|TAMS 0x0000000711600000, 0x0000000711600000| Complete 
| 225|0x0000000711700000, 0x0000000711800000, 0x0000000711800000|100%| E|CS|TAMS 0x0000000711700000, 0x0000000711700000| Complete 
| 226|0x0000000711800000, 0x0000000711900000, 0x0000000711900000|100%| E|CS|TAMS 0x0000000711800000, 0x0000000711800000| Complete 
| 227|0x0000000711900000, 0x0000000711a00000, 0x0000000711a00000|100%| E|CS|TAMS 0x0000000711900000, 0x0000000711900000| Complete 
| 228|0x0000000711a00000, 0x0000000711b00000, 0x0000000711b00000|100%| E|CS|TAMS 0x0000000711a00000, 0x0000000711a00000| Complete 
| 229|0x0000000711b00000, 0x0000000711c00000, 0x0000000711c00000|100%| E|CS|TAMS 0x0000000711b00000, 0x0000000711b00000| Complete 
| 230|0x0000000711c00000, 0x0000000711d00000, 0x0000000711d00000|100%| E|CS|TAMS 0x0000000711c00000, 0x0000000711c00000| Complete 
| 231|0x0000000711d00000, 0x0000000711e00000, 0x0000000711e00000|100%| E|CS|TAMS 0x0000000711d00000, 0x0000000711d00000| Complete 
| 232|0x0000000711e00000, 0x0000000711f00000, 0x0000000711f00000|100%| E|CS|TAMS 0x0000000711e00000, 0x0000000711e00000| Complete 
| 233|0x0000000711f00000, 0x0000000712000000, 0x0000000712000000|100%| E|CS|TAMS 0x0000000711f00000, 0x0000000711f00000| Complete 
| 234|0x0000000712000000, 0x0000000712100000, 0x0000000712100000|100%| E|CS|TAMS 0x0000000712000000, 0x0000000712000000| Complete 
| 235|0x0000000712100000, 0x0000000712200000, 0x0000000712200000|100%| E|CS|TAMS 0x0000000712100000, 0x0000000712100000| Complete 
| 236|0x0000000712200000, 0x0000000712300000, 0x0000000712300000|100%| E|CS|TAMS 0x0000000712200000, 0x0000000712200000| Complete 
| 237|0x0000000712300000, 0x0000000712400000, 0x0000000712400000|100%| E|CS|TAMS 0x0000000712300000, 0x0000000712300000| Complete 
| 238|0x0000000712400000, 0x0000000712500000, 0x0000000712500000|100%| E|CS|TAMS 0x0000000712400000, 0x0000000712400000| Complete 
| 239|0x0000000712500000, 0x0000000712600000, 0x0000000712600000|100%| E|CS|TAMS 0x0000000712500000, 0x0000000712500000| Complete 
| 240|0x0000000712600000, 0x0000000712700000, 0x0000000712700000|100%| E|CS|TAMS 0x0000000712600000, 0x0000000712600000| Complete 
| 241|0x0000000712700000, 0x0000000712800000, 0x0000000712800000|100%| E|CS|TAMS 0x0000000712700000, 0x0000000712700000| Complete 
| 242|0x0000000712800000, 0x0000000712900000, 0x0000000712900000|100%| E|CS|TAMS 0x0000000712800000, 0x0000000712800000| Complete 
| 243|0x0000000712900000, 0x0000000712a00000, 0x0000000712a00000|100%| E|CS|TAMS 0x0000000712900000, 0x0000000712900000| Complete 
| 244|0x0000000712a00000, 0x0000000712b00000, 0x0000000712b00000|100%| E|CS|TAMS 0x0000000712a00000, 0x0000000712a00000| Complete 
| 245|0x0000000712b00000, 0x0000000712c00000, 0x0000000712c00000|100%| E|CS|TAMS 0x0000000712b00000, 0x0000000712b00000| Complete 
| 246|0x0000000712c00000, 0x0000000712d00000, 0x0000000712d00000|100%| E|CS|TAMS 0x0000000712c00000, 0x0000000712c00000| Complete 
| 247|0x0000000712d00000, 0x0000000712e00000, 0x0000000712e00000|100%| E|CS|TAMS 0x0000000712d00000, 0x0000000712d00000| Complete 
| 248|0x0000000712e00000, 0x0000000712f00000, 0x0000000712f00000|100%| E|CS|TAMS 0x0000000712e00000, 0x0000000712e00000| Complete 
| 249|0x0000000712f00000, 0x0000000713000000, 0x0000000713000000|100%| E|CS|TAMS 0x0000000712f00000, 0x0000000712f00000| Complete 
| 250|0x0000000713000000, 0x0000000713100000, 0x0000000713100000|100%| E|CS|TAMS 0x0000000713000000, 0x0000000713000000| Complete 
| 251|0x0000000713100000, 0x0000000713200000, 0x0000000713200000|100%| E|CS|TAMS 0x0000000713100000, 0x0000000713100000| Complete 
| 252|0x0000000713200000, 0x0000000713300000, 0x0000000713300000|100%| E|CS|TAMS 0x0000000713200000, 0x0000000713200000| Complete 
| 253|0x0000000713300000, 0x0000000713400000, 0x0000000713400000|100%| E|CS|TAMS 0x0000000713300000, 0x0000000713300000| Complete 

Card table byte_map: [0x000002bb547e0000,0x000002bb54fd0000] _byte_map_base: 0x000002bb50fc5000

Marking Bits (Prev, Next): (CMBitMap*) 0x000002bb3d6ee0d0, (CMBitMap*) 0x000002bb3d6ee098
 Prev Bits: [0x000002bb596f0000, 0x000002bb5d618000)
 Next Bits: [0x000002bb557c0000, 0x000002bb596e8000)

Polling page: 0x000002bb3b840000

Metaspace:

Usage:
  Non-class:     21.23 MB capacity,    20.96 MB ( 99%) used,   250.09 KB (  1%) free+waste,    27.63 KB ( <1%) overhead. 
      Class:      2.56 MB capacity,     2.39 MB ( 93%) used,   163.30 KB (  6%) free+waste,    10.56 KB ( <1%) overhead. 
       Both:     23.79 MB capacity,    23.35 MB ( 98%) used,   413.38 KB (  2%) free+waste,    38.19 KB ( <1%) overhead. 

Virtual space:
  Non-class space:       22.00 MB reserved,      21.25 MB ( 97%) committed 
      Class space:        1.00 GB reserved,       2.63 MB ( <1%) committed 
             Both:        1.02 GB reserved,      23.88 MB (  2%) committed 

Chunk freelists:
   Non-Class:  2.63 KB
       Class:  0 bytes
        Both:  2.63 KB

CodeHeap 'non-profiled nmethods': size=120000Kb used=2514Kb max_used=2514Kb free=117485Kb
 bounds [0x000002bb4c790000, 0x000002bb4ca10000, 0x000002bb53cc0000]
CodeHeap 'profiled nmethods': size=120000Kb used=9931Kb max_used=9931Kb free=110068Kb
 bounds [0x000002bb45260000, 0x000002bb45c20000, 0x000002bb4c790000]
CodeHeap 'non-nmethods': size=5760Kb used=1125Kb max_used=1172Kb free=4634Kb
 bounds [0x000002bb44cc0000, 0x000002bb44f30000, 0x000002bb45260000]
 total_blobs=4661 nmethods=4242 adapters=330
 compilation: enabled
              stopped_count=0, restarted_count=0
 full_count=0

Compilation events (10 events):
Event: 88.128 Thread 0x000002bb60a70000 4255       3       org.eclipse.aether.util.graph.manager.ClassicDependencyManager::deriveChildManager (484 bytes)
Event: 88.133 Thread 0x000002bb60a70000 nmethod 4255 0x000002bb45c0c090 code [0x000002bb45c0c560, 0x000002bb45c0f178]
Event: 88.133 Thread 0x000002bb60a70000 4256       3       org.eclipse.aether.internal.impl.collect.DataPool$GraphKey::<init> (77 bytes)
Event: 88.133 Thread 0x000002bb60a70000 nmethod 4256 0x000002bb45c10210 code [0x000002bb45c10440, 0x000002bb45c112e8]
Event: 88.196 Thread 0x000002bb60a70000 4257       3       org.apache.maven.model.building.DefaultModelBuildingRequest::setProcessPlugins (6 bytes)
Event: 88.197 Thread 0x000002bb60a70000 nmethod 4257 0x000002bb45c11590 code [0x000002bb45c11720, 0x000002bb45c11898]
Event: 88.197 Thread 0x000002bb60a70000 4258       3       org.apache.maven.model.building.DefaultModelBuildingRequest::setProcessPlugins (7 bytes)
Event: 88.197 Thread 0x000002bb60a70000 nmethod 4258 0x000002bb45c11990 code [0x000002bb45c11b20, 0x000002bb45c11c38]
Event: 88.197 Thread 0x000002bb60a70000 4259       3       org.apache.maven.model.building.DefaultModelBuilder::build (13 bytes)
Event: 88.198 Thread 0x000002bb60a70000 nmethod 4259 0x000002bb45c11d10 code [0x000002bb45c11f20, 0x000002bb45c12458]

GC Heap History (4 events):
Event: 14.200 GC heap before
{Heap before GC invocations=0 (full 0):
 garbage-first heap   total 260096K, used 23552K [0x0000000703600000, 0x0000000800000000)
  region size 1024K, 24 young (24576K), 0 survivors (0K)
 Metaspace       used 12448K, capacity 12661K, committed 12928K, reserved 1060864K
  class space    used 1255K, capacity 1348K, committed 1408K, reserved 1048576K
}
Event: 14.258 GC heap after
{Heap after GC invocations=1 (full 0):
 garbage-first heap   total 260096K, used 3466K [0x0000000703600000, 0x0000000800000000)
  region size 1024K, 3 young (3072K), 3 survivors (3072K)
 Metaspace       used 12448K, capacity 12661K, committed 12928K, reserved 1060864K
  class space    used 1255K, capacity 1348K, committed 1408K, reserved 1048576K
}
Event: 45.290 GC heap before
{Heap before GC invocations=1 (full 0):
 garbage-first heap   total 260096K, used 103818K [0x0000000703600000, 0x0000000800000000)
  region size 1024K, 102 young (104448K), 3 survivors (3072K)
 Metaspace       used 20907K, capacity 21214K, committed 21248K, reserved 1069056K
  class space    used 2180K, capacity 2283K, committed 2304K, reserved 1048576K
}
Event: 45.307 GC heap after
{Heap after GC invocations=2 (full 0):
 garbage-first heap   total 260096K, used 10147K [0x0000000703600000, 0x0000000800000000)
  region size 1024K, 10 young (10240K), 10 survivors (10240K)
 Metaspace       used 20907K, capacity 21214K, committed 21248K, reserved 1069056K
  class space    used 2180K, capacity 2283K, committed 2304K, reserved 1048576K
}

Deoptimization events (10 events):
Event: 75.145 Thread 0x000002bb3d68d800 Uncommon trap: reason=bimorphic_or_optimized_type_check action=maybe_recompile pc=0x000002bb4c97dfd0 method=java.util.regex.Pattern$Slice.match(Ljava/util/regex/Matcher;ILjava/lang/CharSequence;)Z @ 75 c2
Event: 75.145 Thread 0x000002bb3d68d800 Uncommon trap: reason=class_check action=maybe_recompile pc=0x000002bb4c967e90 method=org.codehaus.plexus.interpolation.MapBasedValueSource.getValue(Ljava/lang/String;)Ljava/lang/Object; @ 16 c2
Event: 75.147 Thread 0x000002bb3d68d800 Uncommon trap: reason=unstable_if action=reinterpret pc=0x000002bb4c91a1d4 method=org.apache.maven.model.merge.ModelMerger.merge(Ljava/util/List;Ljava/util/List;Lorg/apache/maven/model/merge/ModelMerger$KeyComputer;Lorg/apache/maven/model/merge/ModelMerge
Event: 75.607 Thread 0x000002bb3d68d800 Uncommon trap: reason=bimorphic_or_optimized_type_check action=maybe_recompile pc=0x000002bb4c97dfd0 method=java.util.regex.Pattern$Slice.match(Ljava/util/regex/Matcher;ILjava/lang/CharSequence;)Z @ 75 c2
Event: 75.607 Thread 0x000002bb3d68d800 Uncommon trap: reason=bimorphic_or_optimized_type_check action=maybe_recompile pc=0x000002bb4c97dfd0 method=java.util.regex.Pattern$Slice.match(Ljava/util/regex/Matcher;ILjava/lang/CharSequence;)Z @ 75 c2
Event: 77.798 Thread 0x000002bb3d68d800 Uncommon trap: reason=unstable_if action=reinterpret pc=0x000002bb4c9dbcf0 method=org.apache.maven.model.inheritance.DefaultInheritanceAssembler$InheritanceModelMerger.mergePluginContainer_Plugins(Lorg/apache/maven/model/PluginContainer;Lorg/apache/maven/
Event: 77.799 Thread 0x000002bb3d68d800 Uncommon trap: reason=unstable_if action=reinterpret pc=0x000002bb4c980368 method=org.apache.maven.model.merge.ModelMerger.mergePlugin_Extensions(Lorg/apache/maven/model/Plugin;Lorg/apache/maven/model/Plugin;ZLjava/util/Map;)V @ 8 c2
Event: 77.799 Thread 0x000002bb3d68d800 Uncommon trap: reason=unstable_if action=reinterpret pc=0x000002bb4c97bfe0 method=org.apache.maven.model.merge.ModelMerger.mergePlugin_Extensions(Lorg/apache/maven/model/Plugin;Lorg/apache/maven/model/Plugin;ZLjava/util/Map;)V @ 8 c2
Event: 80.426 Thread 0x000002bb3d68d800 Uncommon trap: reason=profile_predicate action=maybe_recompile pc=0x000002bb4c962ac8 method=org.apache.maven.model.merge.MavenModelMerger.mergePlugin_Executions(Lorg/apache/maven/model/Plugin;Lorg/apache/maven/model/Plugin;ZLjava/util/Map;)V @ 148 c2
Event: 80.792 Thread 0x000002bb3d68d800 Uncommon trap: reason=profile_predicate action=maybe_recompile pc=0x000002bb4c962ac8 method=org.apache.maven.model.merge.MavenModelMerger.mergePlugin_Executions(Lorg/apache/maven/model/Plugin;Lorg/apache/maven/model/Plugin;ZLjava/util/Map;)V @ 148 c2

Classes redefined (0 events):
No events

Internal exceptions (10 events):
Event: 24.027 Thread 0x000002bb3d68d800 Implicit null exception at 0x000002bb4c7f19d5 to 0x000002bb4c7f1bb8
Event: 24.030 Thread 0x000002bb3d68d800 Implicit null exception at 0x000002bb4c7f5f2f to 0x000002bb4c7f5fa9
Event: 48.611 Thread 0x000002bb3d68d800 Exception <a 'java/lang/NoClassDefFoundError'{0x0000000712d5f230}: org/apache/maven/doxia/sink/SinkEventAttributes> (0x0000000712d5f230) thrown at [./open/src/hotspot/share/classfile/systemDictionary.cpp, line 216]
Event: 48.615 Thread 0x000002bb3d68d800 Exception <a 'java/lang/NoClassDefFoundError'{0x0000000712d812f8}: org/apache/maven/doxia/sink/SinkEventAttributes> (0x0000000712d812f8) thrown at [./open/src/hotspot/share/classfile/systemDictionary.cpp, line 216]
Event: 48.636 Thread 0x000002bb3d68d800 Exception <a 'java/lang/NoClassDefFoundError'{0x0000000712dcab30}: org/apache/maven/doxia/sink/SinkEventAttributes> (0x0000000712dcab30) thrown at [./open/src/hotspot/share/classfile/systemDictionary.cpp, line 216]
Event: 48.639 Thread 0x000002bb3d68d800 Exception <a 'java/lang/NoClassDefFoundError'{0x0000000712dd7a48}: org/apache/maven/doxia/sink/SinkEventAttributes> (0x0000000712dd7a48) thrown at [./open/src/hotspot/share/classfile/systemDictionary.cpp, line 216]
Event: 48.666 Thread 0x000002bb3d68d800 Exception <a 'java/lang/NoClassDefFoundError'{0x0000000712c5b1c8}: org/apache/maven/doxia/sink/SinkEventAttributes> (0x0000000712c5b1c8) thrown at [./open/src/hotspot/share/classfile/systemDictionary.cpp, line 216]
Event: 48.669 Thread 0x000002bb3d68d800 Exception <a 'java/lang/NoClassDefFoundError'{0x0000000712c6c660}: org/apache/maven/doxia/sink/SinkEventAttributes> (0x0000000712c6c660) thrown at [./open/src/hotspot/share/classfile/systemDictionary.cpp, line 216]
Event: 59.504 Thread 0x000002bb3d68d800 Exception <a 'java/lang/NoSuchMethodError'{0x0000000711770bf8}: org.apache.maven.execution.MavenExecutionRequest.getFailureBehavior()Ljava/lang/String;> (0x0000000711770bf8) thrown at [./open/src/hotspot/share/interpreter/linkResolver.cpp, line 864]
Event: 59.744 Thread 0x000002bb3d68d800 Exception <a 'java/lang/NoSuchMethodError'{0x00000007111a33f0}: org.apache.maven.execution.MavenExecutionRequest.getFailureBehavior()Ljava/lang/String;> (0x00000007111a33f0) thrown at [./open/src/hotspot/share/interpreter/linkResolver.cpp, line 864]

Events (10 events):
Event: 77.799 Thread 0x000002bb3d68d800 DEOPT UNPACKING pc=0x000002bb44cc83af sp=0x000000d5b15fbed8 mode 2
Event: 77.799 Thread 0x000002bb3d68d800 Uncommon trap: trap_request=0xffffff4d fr.pc=0x000002bb4c97bfe0 relative=0x0000000000000060
Event: 77.799 Thread 0x000002bb3d68d800 DEOPT PACKING pc=0x000002bb4c97bfe0 sp=0x000000d5b15fbfe0
Event: 77.799 Thread 0x000002bb3d68d800 DEOPT UNPACKING pc=0x000002bb44cc83af sp=0x000000d5b15fbf88 mode 2
Event: 80.426 Thread 0x000002bb3d68d800 Uncommon trap: trap_request=0xffffffbe fr.pc=0x000002bb4c962ac8 relative=0x0000000000002748
Event: 80.426 Thread 0x000002bb3d68d800 DEOPT PACKING pc=0x000002bb4c962ac8 sp=0x000000d5b15fc380
Event: 80.426 Thread 0x000002bb3d68d800 DEOPT UNPACKING pc=0x000002bb44cc83af sp=0x000000d5b15fc390 mode 2
Event: 80.792 Thread 0x000002bb3d68d800 Uncommon trap: trap_request=0xffffffbe fr.pc=0x000002bb4c962ac8 relative=0x0000000000002748
Event: 80.792 Thread 0x000002bb3d68d800 DEOPT PACKING pc=0x000002bb4c962ac8 sp=0x000000d5b15fbec0
Event: 80.792 Thread 0x000002bb3d68d800 DEOPT UNPACKING pc=0x000002bb44cc83af sp=0x000000d5b15fbed0 mode 2


Dynamic libraries:
0x00007ff6c46b0000 - 0x00007ff6c46bf000 	C:\Program Files\Java\jdk-11.0.13\bin\java.exe
0x00007ffeb33c0000 - 0x00007ffeb35c9000 	C:\Windows\SYSTEM32\ntdll.dll
0x00007ffe6faf0000 - 0x00007ffe6fb07000 	C:\Program Files\AVG\Antivirus\aswhook.dll
0x00007ffeb28f0000 - 0x00007ffeb29ad000 	C:\Windows\System32\KERNEL32.DLL
0x00007ffeb0de0000 - 0x00007ffeb115c000 	C:\Windows\System32\KERNELBASE.dll
0x00007ffeb0b30000 - 0x00007ffeb0c41000 	C:\Windows\System32\ucrtbase.dll
0x00007ffeaf5b0000 - 0x00007ffeaf5c8000 	C:\Program Files\Java\jdk-11.0.13\bin\jli.dll
0x00007ffeb30e0000 - 0x00007ffeb318e000 	C:\Windows\System32\ADVAPI32.dll
0x00007ffeb3280000 - 0x00007ffeb3323000 	C:\Windows\System32\msvcrt.dll
0x00007ffeb18a0000 - 0x00007ffeb193e000 	C:\Windows\System32\sechost.dll
0x00007ffeb29b0000 - 0x00007ffeb2ad0000 	C:\Windows\System32\RPCRT4.dll
0x00007ffeb2110000 - 0x00007ffeb22bd000 	C:\Windows\System32\USER32.dll
0x00007ffeb1160000 - 0x00007ffeb1186000 	C:\Windows\System32\win32u.dll
0x00007ffeb2730000 - 0x00007ffeb2759000 	C:\Windows\System32\GDI32.dll
0x00007ffeb08a0000 - 0x00007ffeb09b9000 	C:\Windows\System32\gdi32full.dll
0x00007ffeb0cd0000 - 0x00007ffeb0d6d000 	C:\Windows\System32\msvcp_win.dll
0x00007ffe487e0000 - 0x00007ffe487f5000 	C:\Program Files\Java\jdk-11.0.13\bin\VCRUNTIME140.dll
0x00007ffeafb30000 - 0x00007ffeafdd5000 	C:\Windows\WinSxS\amd64_microsoft.windows.common-controls_6595b64144ccf1df_6.0.22000.120_none_9d947278b86cc467\COMCTL32.dll
0x00007ffeaeed0000 - 0x00007ffeaeeda000 	C:\Windows\SYSTEM32\VERSION.dll
0x00007ffeb3330000 - 0x00007ffeb3361000 	C:\Windows\System32\IMM32.DLL
0x00007ffe38f80000 - 0x00007ffe3901b000 	C:\Program Files\Java\jdk-11.0.13\bin\msvcp140.dll
0x00007ffdeff40000 - 0x00007ffdf0a53000 	C:\Program Files\Java\jdk-11.0.13\bin\server\jvm.dll
0x00007ffeb3370000 - 0x00007ffeb3378000 	C:\Windows\System32\PSAPI.DLL
0x00007ffe8b500000 - 0x00007ffe8b509000 	C:\Windows\SYSTEM32\WSOCK32.dll
0x00007ffeb1780000 - 0x00007ffeb17ef000 	C:\Windows\System32\WS2_32.dll
0x00007ffea49a0000 - 0x00007ffea49d3000 	C:\Windows\SYSTEM32\WINMM.dll
0x00007ffeaead0000 - 0x00007ffeaeae8000 	C:\Windows\SYSTEM32\kernel.appcore.dll
0x00007ffea8f10000 - 0x00007ffea8f20000 	C:\Program Files\Java\jdk-11.0.13\bin\verify.dll
0x00007ffeb01f0000 - 0x00007ffeb0411000 	C:\Windows\SYSTEM32\DBGHELP.DLL
0x00007ffeb00c0000 - 0x00007ffeb00f1000 	C:\Windows\SYSTEM32\dbgcore.DLL
0x00007ffeb0c50000 - 0x00007ffeb0ccf000 	C:\Windows\System32\bcryptPrimitives.dll
0x00007ffe92950000 - 0x00007ffe92978000 	C:\Program Files\Java\jdk-11.0.13\bin\java.dll
0x00007ffe987f0000 - 0x00007ffe987fa000 	C:\Program Files\Java\jdk-11.0.13\bin\jimage.dll
0x00007ffe89130000 - 0x00007ffe89146000 	C:\Program Files\Java\jdk-11.0.13\bin\zip.dll
0x00007ffeb1940000 - 0x00007ffeb20f8000 	C:\Windows\System32\SHELL32.dll
0x00007ffeadaa0000 - 0x00007ffeae308000 	C:\Windows\SYSTEM32\windows.storage.dll
0x00007ffeb2d50000 - 0x00007ffeb30c9000 	C:\Windows\System32\combase.dll
0x00007ffead930000 - 0x00007ffeada96000 	C:\Windows\SYSTEM32\wintypes.dll
0x00007ffeb2b80000 - 0x00007ffeb2c6a000 	C:\Windows\System32\SHCORE.dll
0x00007ffeb1490000 - 0x00007ffeb14ed000 	C:\Windows\System32\shlwapi.dll
0x00007ffeb07d0000 - 0x00007ffeb07f1000 	C:\Windows\SYSTEM32\profapi.dll
0x00007ffe89110000 - 0x00007ffe89129000 	C:\Program Files\Java\jdk-11.0.13\bin\net.dll
0x00007ffea4fe0000 - 0x00007ffea50ec000 	C:\Windows\SYSTEM32\WINHTTP.dll
0x00007ffeaeee0000 - 0x00007ffeaef47000 	C:\Windows\system32\mswsock.dll
0x00007ffe890f0000 - 0x00007ffe89102000 	C:\Program Files\Java\jdk-11.0.13\bin\nio.dll
0x0000000069ac0000 - 0x0000000069ae4000 	C:\Users\darkn\AppData\Local\Temp\jansi-2.4.0-533ef7b2fff6c810-jansi.dll

dbghelp: loaded successfully - version: 4.0.5 - missing functions: none
symbol engine: initialized successfully - sym options: 0x614 - pdb path: .;C:\Program Files\Java\jdk-11.0.13\bin;C:\Windows\SYSTEM32;C:\Program Files\AVG\Antivirus;C:\Windows\WinSxS\amd64_microsoft.windows.common-controls_6595b64144ccf1df_6.0.22000.120_none_9d947278b86cc467;C:\Program Files\Java\jdk-11.0.13\bin\server;C:\Users\darkn\AppData\Local\Temp

VM Arguments:
jvm_args: -Dmaven.multiModuleProjectDirectory=E:\MirabiliaProject\APMIS\SORMAS-Project\APMIS-Project\sormas-base -Dclassworlds.conf=E:\MirabiliaProject\apache-maven-3.8.4\bin\m2.conf -Dmaven.home=E:\MirabiliaProject\apache-maven-3.8.4 
java_command: org.codehaus.classworlds.Launcher install -Dmaven.test.skip=true -B
java_class_path (initial): E:\MirabiliaProject\apache-maven-3.8.4\boot\plexus-classworlds-2.6.0.jar
Launcher Type: SUN_STANDARD

[Global flags]
     intx CICompilerCount                          = 4                                         {product} {ergonomic}
     uint ConcGCThreads                            = 2                                         {product} {ergonomic}
     uint G1ConcRefinementThreads                  = 8                                         {product} {ergonomic}
   size_t G1HeapRegionSize                         = 1048576                                   {product} {ergonomic}
    uintx GCDrainStackTargetSize                   = 64                                        {product} {ergonomic}
   size_t InitialHeapSize                          = 266338304                                 {product} {ergonomic}
   size_t MarkStackSize                            = 4194304                                   {product} {ergonomic}
   size_t MaxHeapSize                              = 4238344192                                {product} {ergonomic}
   size_t MaxNewSize                               = 2542796800                                {product} {ergonomic}
   size_t MinHeapDeltaBytes                        = 1048576                                   {product} {ergonomic}
    uintx NonNMethodCodeHeapSize                   = 5836300                                {pd product} {ergonomic}
    uintx NonProfiledCodeHeapSize                  = 122910970                              {pd product} {ergonomic}
    uintx ProfiledCodeHeapSize                     = 122910970                              {pd product} {ergonomic}
    uintx ReservedCodeCacheSize                    = 251658240                              {pd product} {ergonomic}
     bool SegmentedCodeCache                       = true                                      {product} {ergonomic}
     bool UseCompressedClassPointers               = true                                 {lp64_product} {ergonomic}
     bool UseCompressedOops                        = true                                 {lp64_product} {ergonomic}
     bool UseG1GC                                  = true                                      {product} {ergonomic}
     bool UseLargePagesIndividualAllocation        = false                                  {pd product} {ergonomic}

Logging:
Log output configuration:
 #0: stdout all=warning uptime,level,tags
 #1: stderr all=off uptime,level,tags

Environment Variables:
JAVA_HOME=C:\Program Files\Java\jdk1.8.0_202
PATH=C:/Program Files/Java/jdk-11.0.13/bin/server;C:/Program Files/Java/jdk-11.0.13/bin;C:\Program Files (x86)\Common Files\Oracle\Java\javapath;C:\Program Files\Common Files\Oracle\Java\javapath;C:\Windows\system32;C:\Windows;C:\Windows\System32\Wbem;C:\Windows\System32\WindowsPowerShell\v1.0\;C:\Windows\System32\OpenSSH\;C:\Program Files\Git\cmd;C:\Program Files\Git\mingw64\bin;C:\Program Files\Git\usr\bin;C:\Program Files\Java\jdk-11.0.13\bin;E:\MirabiliaProject\apache-maven-3.8.4\bin;C:\Program Files\PostgreSQL\10\bin;C:\Program Files\PuTTY\;C:\Windows;C:\Program Files\nodejs\;C:\Users\darkn\AppData\Local\Microsoft\WindowsApps;C:\Users\darkn\AppData\Local\Programs\Microsoft VS Code\bin;C:\Users\darkn\AppData\Roaming\npm;C:\Users\darkn\Downloads\pms\tomcat-8.5.34\lib\sigar;C:\Users\darkn\Downloads\pms_new\tomcat-8.5.34\lib\sigar;C:\Tesseract-OCR;C:\Program Files\dotnet\;C:\Users\darkn\AppData\Local\Android\Sdk\platform-tools;C:\Users\darkn\AppData\Local\Microsoft\WindowsApps;C:\Users\darkn\AppData\Local\Programs\Microsoft VS Code\bin;C:\Users\darkn\AppData\Roaming\npm;C:\Users\darkn\AppData\Local\GitHubDesktop\bin;C:\Windows\system32;
USERNAME=darkn
OS=Windows_NT
PROCESSOR_IDENTIFIER=Intel64 Family 6 Model 126 Stepping 5, GenuineIntel



---------------  S Y S T E M  ---------------

OS: Windows 10 , 64 bit Build 22000 (10.0.22000.708)
Hyper-V role detected

CPU:total 8 (initial active 8) (4 cores per cpu, 2 threads per core) family 6 model 126 stepping 5 microcode 0xa0, cmov, cx8, fxsr, mmx, sse, sse2, sse3, ssse3, sse4.1, sse4.2, popcnt, avx, avx2, aes, clmul, erms, 3dnowpref, lzcnt, ht, tsc, tscinvbit, bmi1, bmi2, adx, evex, sha, fma

Memory: 4k page, system-wide physical 16165M (417M free)
TotalPageFile size 46599M (AvailPageFile size 21M)
current process WorkingSet (physical memory assigned to process): 211M, peak: 217M
current process commit charge ("private bytes"): 396M, peak: 402M

vm_info: Java HotSpot(TM) 64-Bit Server VM (11.0.13+10-LTS-370) for windows-amd64 JRE (11.0.13+10-LTS-370), built on Sep 15 2021 22:10:36 by "mach5one" with MS VC++ 15.9 (VS2017)

END.
